running egg_info
creating ../../build/warehouse_scanning/warehouse_scanning.egg-info
writing ../../build/warehouse_scanning/warehouse_scanning.egg-info/PKG-INFO
writing dependency_links to ../../build/warehouse_scanning/warehouse_scanning.egg-info/dependency_links.txt
writing entry points to ../../build/warehouse_scanning/warehouse_scanning.egg-info/entry_points.txt
writing requirements to ../../build/warehouse_scanning/warehouse_scanning.egg-info/requires.txt
writing top-level names to ../../build/warehouse_scanning/warehouse_scanning.egg-info/top_level.txt
writing manifest file '../../build/warehouse_scanning/warehouse_scanning.egg-info/SOURCES.txt'
reading manifest file '../../build/warehouse_scanning/warehouse_scanning.egg-info/SOURCES.txt'
writing manifest file '../../build/warehouse_scanning/warehouse_scanning.egg-info/SOURCES.txt'
running build
running build_py
creating /home/arbaaz/InterIIT_Code_Repository/build/warehouse_scanning/build
creating /home/arbaaz/InterIIT_Code_Repository/build/warehouse_scanning/build/lib
creating /home/arbaaz/InterIIT_Code_Repository/build/warehouse_scanning/build/lib/warehouse_scanning
copying warehouse_scanning/camera_node.py -> /home/arbaaz/InterIIT_Code_Repository/build/warehouse_scanning/build/lib/warehouse_scanning
copying warehouse_scanning/autoscan_test.py -> /home/arbaaz/InterIIT_Code_Repository/build/warehouse_scanning/build/lib/warehouse_scanning
copying warehouse_scanning/__init__.py -> /home/arbaaz/InterIIT_Code_Repository/build/warehouse_scanning/build/lib/warehouse_scanning
running install
running install_lib
creating /home/arbaaz/InterIIT_Code_Repository/install/warehouse_scanning/lib/python3.10/site-packages/warehouse_scanning
copying /home/arbaaz/InterIIT_Code_Repository/build/warehouse_scanning/build/lib/warehouse_scanning/camera_node.py -> /home/arbaaz/InterIIT_Code_Repository/install/warehouse_scanning/lib/python3.10/site-packages/warehouse_scanning
copying /home/arbaaz/InterIIT_Code_Repository/build/warehouse_scanning/build/lib/warehouse_scanning/autoscan_test.py -> /home/arbaaz/InterIIT_Code_Repository/install/warehouse_scanning/lib/python3.10/site-packages/warehouse_scanning
copying /home/arbaaz/InterIIT_Code_Repository/build/warehouse_scanning/build/lib/warehouse_scanning/__init__.py -> /home/arbaaz/InterIIT_Code_Repository/install/warehouse_scanning/lib/python3.10/site-packages/warehouse_scanning
byte-compiling /home/arbaaz/InterIIT_Code_Repository/install/warehouse_scanning/lib/python3.10/site-packages/warehouse_scanning/camera_node.py to camera_node.cpython-310.pyc
byte-compiling /home/arbaaz/InterIIT_Code_Repository/install/warehouse_scanning/lib/python3.10/site-packages/warehouse_scanning/autoscan_test.py to autoscan_test.cpython-310.pyc
byte-compiling /home/arbaaz/InterIIT_Code_Repository/install/warehouse_scanning/lib/python3.10/site-packages/warehouse_scanning/__init__.py to __init__.cpython-310.pyc
running install_data
creating /home/arbaaz/InterIIT_Code_Repository/install/warehouse_scanning/share/ament_index
creating /home/arbaaz/InterIIT_Code_Repository/install/warehouse_scanning/share/ament_index/resource_index
creating /home/arbaaz/InterIIT_Code_Repository/install/warehouse_scanning/share/ament_index/resource_index/packages
copying resource/warehouse_scanning -> /home/arbaaz/InterIIT_Code_Repository/install/warehouse_scanning/share/ament_index/resource_index/packages
copying package.xml -> /home/arbaaz/InterIIT_Code_Repository/install/warehouse_scanning/share/warehouse_scanning
creating /home/arbaaz/InterIIT_Code_Repository/install/warehouse_scanning/share/warehouse_scanning/config
copying config/qr_yolov11.pt -> /home/arbaaz/InterIIT_Code_Repository/install/warehouse_scanning/share/warehouse_scanning/config
running install_egg_info
Copying ../../build/warehouse_scanning/warehouse_scanning.egg-info to /home/arbaaz/InterIIT_Code_Repository/install/warehouse_scanning/lib/python3.10/site-packages/warehouse_scanning-0.0.1-py3.10.egg-info
running install_scripts
Installing autoscan_test script to /home/arbaaz/InterIIT_Code_Repository/install/warehouse_scanning/lib/warehouse_scanning
Installing camera_node script to /home/arbaaz/InterIIT_Code_Repository/install/warehouse_scanning/lib/warehouse_scanning
writing list of installed files to '/home/arbaaz/InterIIT_Code_Repository/build/warehouse_scanning/install.log'
