[0.616s] Invoking command in '/home/arbaaz/InterIIT_Code_Repository/src/warehouse_scanning': PYTHONPATH=/home/arbaaz/InterIIT_Code_Repository/build/warehouse_scanning/prefix_override:/usr/lib/python3/dist-packages/colcon_core/task/python/colcon_distutils_commands:/home/arbaaz/InterIIT_Code_Repository/install/warehouse_scanning/lib/python3.10/site-packages:${PYTHONPATH} /usr/bin/python3 -W ignore:setup.py install is deprecated -W ignore:easy_install command is deprecated setup.py egg_info --egg-base ../../build/warehouse_scanning build --build-base /home/arbaaz/InterIIT_Code_Repository/build/warehouse_scanning/build install --record /home/arbaaz/InterIIT_Code_Repository/build/warehouse_scanning/install.log --single-version-externally-managed install_data
[0.845s] running egg_info
[0.846s] creating ../../build/warehouse_scanning/warehouse_scanning.egg-info
[0.846s] writing ../../build/warehouse_scanning/warehouse_scanning.egg-info/PKG-INFO
[0.846s] writing dependency_links to ../../build/warehouse_scanning/warehouse_scanning.egg-info/dependency_links.txt
[0.846s] writing entry points to ../../build/warehouse_scanning/warehouse_scanning.egg-info/entry_points.txt
[0.846s] writing requirements to ../../build/warehouse_scanning/warehouse_scanning.egg-info/requires.txt
[0.846s] writing top-level names to ../../build/warehouse_scanning/warehouse_scanning.egg-info/top_level.txt
[0.846s] writing manifest file '../../build/warehouse_scanning/warehouse_scanning.egg-info/SOURCES.txt'
[0.848s] reading manifest file '../../build/warehouse_scanning/warehouse_scanning.egg-info/SOURCES.txt'
[0.849s] writing manifest file '../../build/warehouse_scanning/warehouse_scanning.egg-info/SOURCES.txt'
[0.849s] running build
[0.849s] running build_py
[0.849s] creating /home/arbaaz/InterIIT_Code_Repository/build/warehouse_scanning/build
[0.849s] creating /home/arbaaz/InterIIT_Code_Repository/build/warehouse_scanning/build/lib
[0.849s] creating /home/arbaaz/InterIIT_Code_Repository/build/warehouse_scanning/build/lib/warehouse_scanning
[0.849s] copying warehouse_scanning/camera_node.py -> /home/arbaaz/InterIIT_Code_Repository/build/warehouse_scanning/build/lib/warehouse_scanning
[0.849s] copying warehouse_scanning/autoscan_test.py -> /home/arbaaz/InterIIT_Code_Repository/build/warehouse_scanning/build/lib/warehouse_scanning
[0.849s] copying warehouse_scanning/__init__.py -> /home/arbaaz/InterIIT_Code_Repository/build/warehouse_scanning/build/lib/warehouse_scanning
[0.849s] running install
[0.850s] running install_lib
[0.850s] creating /home/arbaaz/InterIIT_Code_Repository/install/warehouse_scanning/lib/python3.10/site-packages/warehouse_scanning
[0.850s] copying /home/arbaaz/InterIIT_Code_Repository/build/warehouse_scanning/build/lib/warehouse_scanning/camera_node.py -> /home/arbaaz/InterIIT_Code_Repository/install/warehouse_scanning/lib/python3.10/site-packages/warehouse_scanning
[0.851s] copying /home/arbaaz/InterIIT_Code_Repository/build/warehouse_scanning/build/lib/warehouse_scanning/autoscan_test.py -> /home/arbaaz/InterIIT_Code_Repository/install/warehouse_scanning/lib/python3.10/site-packages/warehouse_scanning
[0.851s] copying /home/arbaaz/InterIIT_Code_Repository/build/warehouse_scanning/build/lib/warehouse_scanning/__init__.py -> /home/arbaaz/InterIIT_Code_Repository/install/warehouse_scanning/lib/python3.10/site-packages/warehouse_scanning
[0.851s] byte-compiling /home/arbaaz/InterIIT_Code_Repository/install/warehouse_scanning/lib/python3.10/site-packages/warehouse_scanning/camera_node.py to camera_node.cpython-310.pyc
[0.854s] byte-compiling /home/arbaaz/InterIIT_Code_Repository/install/warehouse_scanning/lib/python3.10/site-packages/warehouse_scanning/autoscan_test.py to autoscan_test.cpython-310.pyc
[0.854s] byte-compiling /home/arbaaz/InterIIT_Code_Repository/install/warehouse_scanning/lib/python3.10/site-packages/warehouse_scanning/__init__.py to __init__.cpython-310.pyc
[0.854s] running install_data
[0.855s] creating /home/arbaaz/InterIIT_Code_Repository/install/warehouse_scanning/share/ament_index
[0.855s] creating /home/arbaaz/InterIIT_Code_Repository/install/warehouse_scanning/share/ament_index/resource_index
[0.855s] creating /home/arbaaz/InterIIT_Code_Repository/install/warehouse_scanning/share/ament_index/resource_index/packages
[0.855s] copying resource/warehouse_scanning -> /home/arbaaz/InterIIT_Code_Repository/install/warehouse_scanning/share/ament_index/resource_index/packages
[0.855s] copying package.xml -> /home/arbaaz/InterIIT_Code_Repository/install/warehouse_scanning/share/warehouse_scanning
[0.855s] creating /home/arbaaz/InterIIT_Code_Repository/install/warehouse_scanning/share/warehouse_scanning/config
[0.855s] copying config/qr_yolov11.pt -> /home/arbaaz/InterIIT_Code_Repository/install/warehouse_scanning/share/warehouse_scanning/config
[0.888s] running install_egg_info
[0.890s] Copying ../../build/warehouse_scanning/warehouse_scanning.egg-info to /home/arbaaz/InterIIT_Code_Repository/install/warehouse_scanning/lib/python3.10/site-packages/warehouse_scanning-0.0.1-py3.10.egg-info
[0.890s] running install_scripts
[0.908s] Installing autoscan_test script to /home/arbaaz/InterIIT_Code_Repository/install/warehouse_scanning/lib/warehouse_scanning
[0.908s] Installing camera_node script to /home/arbaaz/InterIIT_Code_Repository/install/warehouse_scanning/lib/warehouse_scanning
[0.909s] writing list of installed files to '/home/arbaaz/InterIIT_Code_Repository/build/warehouse_scanning/install.log'
[0.944s] Invoked command in '/home/arbaaz/InterIIT_Code_Repository/src/warehouse_scanning' returned '0': PYTHONPATH=/home/arbaaz/InterIIT_Code_Repository/build/warehouse_scanning/prefix_override:/usr/lib/python3/dist-packages/colcon_core/task/python/colcon_distutils_commands:/home/arbaaz/InterIIT_Code_Repository/install/warehouse_scanning/lib/python3.10/site-packages:${PYTHONPATH} /usr/bin/python3 -W ignore:setup.py install is deprecated -W ignore:easy_install command is deprecated setup.py egg_info --egg-base ../../build/warehouse_scanning build --build-base /home/arbaaz/InterIIT_Code_Repository/build/warehouse_scanning/build install --record /home/arbaaz/InterIIT_Code_Repository/build/warehouse_scanning/install.log --single-version-externally-managed install_data
