running egg_info
creating ../../build/warehouse_hmi/warehouse_hmi.egg-info
writing ../../build/warehouse_hmi/warehouse_hmi.egg-info/PKG-INFO
writing dependency_links to ../../build/warehouse_hmi/warehouse_hmi.egg-info/dependency_links.txt
writing entry points to ../../build/warehouse_hmi/warehouse_hmi.egg-info/entry_points.txt
writing requirements to ../../build/warehouse_hmi/warehouse_hmi.egg-info/requires.txt
writing top-level names to ../../build/warehouse_hmi/warehouse_hmi.egg-info/top_level.txt
writing manifest file '../../build/warehouse_hmi/warehouse_hmi.egg-info/SOURCES.txt'
reading manifest file '../../build/warehouse_hmi/warehouse_hmi.egg-info/SOURCES.txt'
writing manifest file '../../build/warehouse_hmi/warehouse_hmi.egg-info/SOURCES.txt'
running build
running build_py
creating /home/arbaaz/InterIIT_Code_Repository/build/warehouse_hmi/build
creating /home/arbaaz/InterIIT_Code_Repository/build/warehouse_hmi/build/lib
creating /home/arbaaz/InterIIT_Code_Repository/build/warehouse_hmi/build/lib/warehouse_hmi
copying warehouse_hmi/target_gui.py -> /home/arbaaz/InterIIT_Code_Repository/build/warehouse_hmi/build/lib/warehouse_hmi
copying warehouse_hmi/__init__.py -> /home/arbaaz/InterIIT_Code_Repository/build/warehouse_hmi/build/lib/warehouse_hmi
copying warehouse_hmi/keyboard_controller.py -> /home/arbaaz/InterIIT_Code_Repository/build/warehouse_hmi/build/lib/warehouse_hmi
running install
running install_lib
creating /home/arbaaz/InterIIT_Code_Repository/install/warehouse_hmi/lib/python3.10/site-packages/warehouse_hmi
copying /home/arbaaz/InterIIT_Code_Repository/build/warehouse_hmi/build/lib/warehouse_hmi/target_gui.py -> /home/arbaaz/InterIIT_Code_Repository/install/warehouse_hmi/lib/python3.10/site-packages/warehouse_hmi
copying /home/arbaaz/InterIIT_Code_Repository/build/warehouse_hmi/build/lib/warehouse_hmi/__init__.py -> /home/arbaaz/InterIIT_Code_Repository/install/warehouse_hmi/lib/python3.10/site-packages/warehouse_hmi
copying /home/arbaaz/InterIIT_Code_Repository/build/warehouse_hmi/build/lib/warehouse_hmi/keyboard_controller.py -> /home/arbaaz/InterIIT_Code_Repository/install/warehouse_hmi/lib/python3.10/site-packages/warehouse_hmi
byte-compiling /home/arbaaz/InterIIT_Code_Repository/install/warehouse_hmi/lib/python3.10/site-packages/warehouse_hmi/target_gui.py to target_gui.cpython-310.pyc
byte-compiling /home/arbaaz/InterIIT_Code_Repository/install/warehouse_hmi/lib/python3.10/site-packages/warehouse_hmi/__init__.py to __init__.cpython-310.pyc
byte-compiling /home/arbaaz/InterIIT_Code_Repository/install/warehouse_hmi/lib/python3.10/site-packages/warehouse_hmi/keyboard_controller.py to keyboard_controller.cpython-310.pyc
running install_data
creating /home/arbaaz/InterIIT_Code_Repository/install/warehouse_hmi/share/ament_index
creating /home/arbaaz/InterIIT_Code_Repository/install/warehouse_hmi/share/ament_index/resource_index
creating /home/arbaaz/InterIIT_Code_Repository/install/warehouse_hmi/share/ament_index/resource_index/packages
copying resource/warehouse_hmi -> /home/arbaaz/InterIIT_Code_Repository/install/warehouse_hmi/share/ament_index/resource_index/packages
copying package.xml -> /home/arbaaz/InterIIT_Code_Repository/install/warehouse_hmi/share/warehouse_hmi
running install_egg_info
Copying ../../build/warehouse_hmi/warehouse_hmi.egg-info to /home/arbaaz/InterIIT_Code_Repository/install/warehouse_hmi/lib/python3.10/site-packages/warehouse_hmi-0.0.1-py3.10.egg-info
running install_scripts
Installing keyboard_controller script to /home/arbaaz/InterIIT_Code_Repository/install/warehouse_hmi/lib/warehouse_hmi
Installing target_gui script to /home/arbaaz/InterIIT_Code_Repository/install/warehouse_hmi/lib/warehouse_hmi
writing list of installed files to '/home/arbaaz/InterIIT_Code_Repository/build/warehouse_hmi/install.log'
