[0.728s] Invoking command in '/home/arbaaz/InterIIT_Code_Repository/src/warehouse_hmi': PYTHONPATH=/home/arbaaz/InterIIT_Code_Repository/build/warehouse_hmi/prefix_override:/usr/lib/python3/dist-packages/colcon_core/task/python/colcon_distutils_commands:/home/arbaaz/InterIIT_Code_Repository/install/warehouse_hmi/lib/python3.10/site-packages:${PYTHONPATH} /usr/bin/python3 -W ignore:setup.py install is deprecated -W ignore:easy_install command is deprecated setup.py egg_info --egg-base ../../build/warehouse_hmi build --build-base /home/arbaaz/InterIIT_Code_Repository/build/warehouse_hmi/build install --record /home/arbaaz/InterIIT_Code_Repository/build/warehouse_hmi/install.log --single-version-externally-managed install_data
[0.950s] running egg_info
[0.951s] creating ../../build/warehouse_hmi/warehouse_hmi.egg-info
[0.951s] writing ../../build/warehouse_hmi/warehouse_hmi.egg-info/PKG-INFO
[0.951s] writing dependency_links to ../../build/warehouse_hmi/warehouse_hmi.egg-info/dependency_links.txt
[0.951s] writing entry points to ../../build/warehouse_hmi/warehouse_hmi.egg-info/entry_points.txt
[0.951s] writing requirements to ../../build/warehouse_hmi/warehouse_hmi.egg-info/requires.txt
[0.951s] writing top-level names to ../../build/warehouse_hmi/warehouse_hmi.egg-info/top_level.txt
[0.951s] writing manifest file '../../build/warehouse_hmi/warehouse_hmi.egg-info/SOURCES.txt'
[0.953s] reading manifest file '../../build/warehouse_hmi/warehouse_hmi.egg-info/SOURCES.txt'
[0.953s] writing manifest file '../../build/warehouse_hmi/warehouse_hmi.egg-info/SOURCES.txt'
[0.954s] running build
[0.954s] running build_py
[0.954s] creating /home/arbaaz/InterIIT_Code_Repository/build/warehouse_hmi/build
[0.954s] creating /home/arbaaz/InterIIT_Code_Repository/build/warehouse_hmi/build/lib
[0.954s] creating /home/arbaaz/InterIIT_Code_Repository/build/warehouse_hmi/build/lib/warehouse_hmi
[0.954s] copying warehouse_hmi/target_gui.py -> /home/arbaaz/InterIIT_Code_Repository/build/warehouse_hmi/build/lib/warehouse_hmi
[0.954s] copying warehouse_hmi/__init__.py -> /home/arbaaz/InterIIT_Code_Repository/build/warehouse_hmi/build/lib/warehouse_hmi
[0.954s] copying warehouse_hmi/keyboard_controller.py -> /home/arbaaz/InterIIT_Code_Repository/build/warehouse_hmi/build/lib/warehouse_hmi
[0.954s] running install
[0.954s] running install_lib
[0.955s] creating /home/arbaaz/InterIIT_Code_Repository/install/warehouse_hmi/lib/python3.10/site-packages/warehouse_hmi
[0.955s] copying /home/arbaaz/InterIIT_Code_Repository/build/warehouse_hmi/build/lib/warehouse_hmi/target_gui.py -> /home/arbaaz/InterIIT_Code_Repository/install/warehouse_hmi/lib/python3.10/site-packages/warehouse_hmi
[0.955s] copying /home/arbaaz/InterIIT_Code_Repository/build/warehouse_hmi/build/lib/warehouse_hmi/__init__.py -> /home/arbaaz/InterIIT_Code_Repository/install/warehouse_hmi/lib/python3.10/site-packages/warehouse_hmi
[0.955s] copying /home/arbaaz/InterIIT_Code_Repository/build/warehouse_hmi/build/lib/warehouse_hmi/keyboard_controller.py -> /home/arbaaz/InterIIT_Code_Repository/install/warehouse_hmi/lib/python3.10/site-packages/warehouse_hmi
[0.956s] byte-compiling /home/arbaaz/InterIIT_Code_Repository/install/warehouse_hmi/lib/python3.10/site-packages/warehouse_hmi/target_gui.py to target_gui.cpython-310.pyc
[0.957s] byte-compiling /home/arbaaz/InterIIT_Code_Repository/install/warehouse_hmi/lib/python3.10/site-packages/warehouse_hmi/__init__.py to __init__.cpython-310.pyc
[0.957s] byte-compiling /home/arbaaz/InterIIT_Code_Repository/install/warehouse_hmi/lib/python3.10/site-packages/warehouse_hmi/keyboard_controller.py to keyboard_controller.cpython-310.pyc
[0.957s] running install_data
[0.957s] creating /home/arbaaz/InterIIT_Code_Repository/install/warehouse_hmi/share/ament_index
[0.957s] creating /home/arbaaz/InterIIT_Code_Repository/install/warehouse_hmi/share/ament_index/resource_index
[0.958s] creating /home/arbaaz/InterIIT_Code_Repository/install/warehouse_hmi/share/ament_index/resource_index/packages
[0.958s] copying resource/warehouse_hmi -> /home/arbaaz/InterIIT_Code_Repository/install/warehouse_hmi/share/ament_index/resource_index/packages
[0.958s] copying package.xml -> /home/arbaaz/InterIIT_Code_Repository/install/warehouse_hmi/share/warehouse_hmi
[0.958s] running install_egg_info
[0.959s] Copying ../../build/warehouse_hmi/warehouse_hmi.egg-info to /home/arbaaz/InterIIT_Code_Repository/install/warehouse_hmi/lib/python3.10/site-packages/warehouse_hmi-0.0.1-py3.10.egg-info
[0.960s] running install_scripts
[0.978s] Installing keyboard_controller script to /home/arbaaz/InterIIT_Code_Repository/install/warehouse_hmi/lib/warehouse_hmi
[0.979s] Installing target_gui script to /home/arbaaz/InterIIT_Code_Repository/install/warehouse_hmi/lib/warehouse_hmi
[0.979s] writing list of installed files to '/home/arbaaz/InterIIT_Code_Repository/build/warehouse_hmi/install.log'
[1.013s] Invoked command in '/home/arbaaz/InterIIT_Code_Repository/src/warehouse_hmi' returned '0': PYTHONPATH=/home/arbaaz/InterIIT_Code_Repository/build/warehouse_hmi/prefix_override:/usr/lib/python3/dist-packages/colcon_core/task/python/colcon_distutils_commands:/home/arbaaz/InterIIT_Code_Repository/install/warehouse_hmi/lib/python3.10/site-packages:${PYTHONPATH} /usr/bin/python3 -W ignore:setup.py install is deprecated -W ignore:easy_install command is deprecated setup.py egg_info --egg-base ../../build/warehouse_hmi build --build-base /home/arbaaz/InterIIT_Code_Repository/build/warehouse_hmi/build install --record /home/arbaaz/InterIIT_Code_Repository/build/warehouse_hmi/install.log --single-version-externally-managed install_data
