/home/arbaaz/InterIIT_Code_Repository/install/warehouse_robot_bringup/lib/python3.10/site-packages/warehouse_robot_bringup/hardware.py
/home/arbaaz/InterIIT_Code_Repository/install/warehouse_robot_bringup/lib/python3.10/site-packages/warehouse_robot_bringup/lidar_sim.py
/home/arbaaz/InterIIT_Code_Repository/install/warehouse_robot_bringup/lib/python3.10/site-packages/warehouse_robot_bringup/robot_sim.py
/home/arbaaz/InterIIT_Code_Repository/install/warehouse_robot_bringup/lib/python3.10/site-packages/warehouse_robot_bringup/__init__.py
/home/arbaaz/InterIIT_Code_Repository/install/warehouse_robot_bringup/lib/python3.10/site-packages/warehouse_robot_bringup/main.py
/home/arbaaz/InterIIT_Code_Repository/install/warehouse_robot_bringup/lib/python3.10/site-packages/warehouse_robot_bringup/__pycache__/hardware.cpython-310.pyc
/home/arbaaz/InterIIT_Code_Repository/install/warehouse_robot_bringup/lib/python3.10/site-packages/warehouse_robot_bringup/__pycache__/lidar_sim.cpython-310.pyc
/home/arbaaz/InterIIT_Code_Repository/install/warehouse_robot_bringup/lib/python3.10/site-packages/warehouse_robot_bringup/__pycache__/robot_sim.cpython-310.pyc
/home/arbaaz/InterIIT_Code_Repository/install/warehouse_robot_bringup/lib/python3.10/site-packages/warehouse_robot_bringup/__pycache__/__init__.cpython-310.pyc
/home/arbaaz/InterIIT_Code_Repository/install/warehouse_robot_bringup/lib/python3.10/site-packages/warehouse_robot_bringup/__pycache__/main.cpython-310.pyc
/home/arbaaz/InterIIT_Code_Repository/install/warehouse_robot_bringup/share/ament_index/resource_index/packages/warehouse_robot_bringup
/home/arbaaz/InterIIT_Code_Repository/install/warehouse_robot_bringup/share/warehouse_robot_bringup/package.xml
/home/arbaaz/InterIIT_Code_Repository/install/warehouse_robot_bringup/share/warehouse_robot_bringup/launch/simulation.launch.py
/home/arbaaz/InterIIT_Code_Repository/install/warehouse_robot_bringup/share/warehouse_robot_bringup/launch/system.launch.py
/home/arbaaz/InterIIT_Code_Repository/install/warehouse_robot_bringup/lib/python3.10/site-packages/warehouse_robot_bringup-0.0.1-py3.10.egg-info/PKG-INFO
/home/arbaaz/InterIIT_Code_Repository/install/warehouse_robot_bringup/lib/python3.10/site-packages/warehouse_robot_bringup-0.0.1-py3.10.egg-info/SOURCES.txt
/home/arbaaz/InterIIT_Code_Repository/install/warehouse_robot_bringup/lib/python3.10/site-packages/warehouse_robot_bringup-0.0.1-py3.10.egg-info/dependency_links.txt
/home/arbaaz/InterIIT_Code_Repository/install/warehouse_robot_bringup/lib/python3.10/site-packages/warehouse_robot_bringup-0.0.1-py3.10.egg-info/top_level.txt
/home/arbaaz/InterIIT_Code_Repository/install/warehouse_robot_bringup/lib/python3.10/site-packages/warehouse_robot_bringup-0.0.1-py3.10.egg-info/requires.txt
/home/arbaaz/InterIIT_Code_Repository/install/warehouse_robot_bringup/lib/python3.10/site-packages/warehouse_robot_bringup-0.0.1-py3.10.egg-info/entry_points.txt
/home/arbaaz/InterIIT_Code_Repository/install/warehouse_robot_bringup/lib/python3.10/site-packages/warehouse_robot_bringup-0.0.1-py3.10.egg-info/zip-safe
/home/arbaaz/InterIIT_Code_Repository/install/warehouse_robot_bringup/lib/warehouse_robot_bringup/hardware
/home/arbaaz/InterIIT_Code_Repository/install/warehouse_robot_bringup/lib/warehouse_robot_bringup/lidar_sim
/home/arbaaz/InterIIT_Code_Repository/install/warehouse_robot_bringup/lib/warehouse_robot_bringup/main
/home/arbaaz/InterIIT_Code_Repository/install/warehouse_robot_bringup/lib/warehouse_robot_bringup/robot_sim
