-- The C compiler identification is GNU 11.4.0
-- The CXX compiler identification is GNU 11.4.0
-- Detecting C compiler ABI info
-- Detecting C compiler ABI info - done
-- Check for working C compiler: /usr/bin/cc - skipped
-- Detecting C compile features
-- Detecting C compile features - done
-- Detecting CXX compiler ABI info
-- Detecting CXX compiler ABI info - done
-- Check for working CXX compiler: /usr/bin/c++ - skipped
-- Detecting CXX compile features
-- Detecting CXX compile features - done
-- Found ament_cmake: 1.3.11 (/opt/ros/humble/share/ament_cmake/cmake)
-- Found Python3: /usr/bin/python3 (found version "3.10.12") found components: Interpreter 
-- Found rosidl_default_generators: 1.2.0 (/opt/ros/humble/share/rosidl_default_generators/cmake)
-- Using all available rosidl_typesupport_c: rosidl_typesupport_fastrtps_c;rosidl_typesupport_introspection_c
-- Found rosidl_adapter: 3.1.6 (/opt/ros/humble/share/rosidl_adapter/cmake)
-- Using all available rosidl_typesupport_cpp: rosidl_typesupport_fastrtps_cpp;rosidl_typesupport_introspection_cpp
-- Found std_msgs: 4.2.4 (/opt/ros/humble/share/std_msgs/cmake)
-- Found geometry_msgs: 4.2.4 (/opt/ros/humble/share/geometry_msgs/cmake)
-- Found ament_cmake_ros: 0.10.0 (/opt/ros/humble/share/ament_cmake_ros/cmake)
-- Using all available rosidl_typesupport_c: rosidl_typesupport_fastrtps_c;rosidl_typesupport_introspection_c
-- Using all available rosidl_typesupport_cpp: rosidl_typesupport_fastrtps_cpp;rosidl_typesupport_introspection_cpp
-- Found PythonInterp: /usr/bin/python3 (found suitable version "3.10.12", minimum required is "3.6") 
-- Found python_cmake_module: 0.10.0 (/opt/ros/humble/share/python_cmake_module/cmake)
-- Found PythonLibs: /usr/lib/x86_64-linux-gnu/libpython3.10.so (found suitable version "3.10.12", minimum required is "3.5") 
-- Using PYTHON_EXECUTABLE: /usr/bin/python3
-- Using PYTHON_INCLUDE_DIRS: /usr/include/python3.10
-- Using PYTHON_LIBRARIES: /usr/lib/x86_64-linux-gnu/libpython3.10.so
-- Found PythonExtra: .so  
-- Configuring done
-- Generating done
-- Build files have been written to: /home/arbaaz/InterIIT_Code_Repository/build/warehouse_msgs
[  3%] [34m[1mGenerating C code for ROS interfaces[0m
[  6%] [34m[1mGenerating C++ code for ROS interfaces[0m
[  6%] Built target ament_cmake_python_copy_warehouse_msgs
[  9%] [32mBuilding C object CMakeFiles/warehouse_msgs__rosidl_generator_c.dir/rosidl_generator_c/warehouse_msgs/srv/detail/localisation__functions.c.o[0m
[  9%] Built target warehouse_msgs__cpp
[ 19%] [34m[1mGenerating C++ introspection for ROS interfaces[0m
[ 19%] [34m[1mGenerating C++ type support dispatch for ROS interfaces[0m
[ 19%] [34m[1mGenerating C++ type support for eProsima Fast-RTPS[0m
running egg_info
creating warehouse_msgs.egg-info
writing warehouse_msgs.egg-info/PKG-INFO
writing dependency_links to warehouse_msgs.egg-info/dependency_links.txt
writing top-level names to warehouse_msgs.egg-info/top_level.txt
writing manifest file 'warehouse_msgs.egg-info/SOURCES.txt'
reading manifest file 'warehouse_msgs.egg-info/SOURCES.txt'
writing manifest file 'warehouse_msgs.egg-info/SOURCES.txt'
[ 22%] [32m[1mLinking C shared library libwarehouse_msgs__rosidl_generator_c.so[0m
[ 22%] Built target ament_cmake_python_build_warehouse_msgs_egg
[ 22%] Built target warehouse_msgs__rosidl_generator_c
[ 29%] [34m[1mGenerating C type support for eProsima Fast-RTPS[0m
[ 29%] [34m[1mGenerating C introspection for ROS interfaces[0m
[ 32%] [34m[1mGenerating C type support dispatch for ROS interfaces[0m
[ 35%] [32mBuilding CXX object CMakeFiles/warehouse_msgs__rosidl_typesupport_cpp.dir/rosidl_typesupport_cpp/warehouse_msgs/srv/localisation__type_support.cpp.o[0m
[ 38%] [32mBuilding CXX object CMakeFiles/warehouse_msgs__rosidl_typesupport_introspection_cpp.dir/rosidl_typesupport_introspection_cpp/warehouse_msgs/srv/detail/localisation__type_support.cpp.o[0m
[ 41%] [32mBuilding CXX object CMakeFiles/warehouse_msgs__rosidl_typesupport_fastrtps_cpp.dir/rosidl_typesupport_fastrtps_cpp/warehouse_msgs/srv/detail/dds_fastrtps/localisation__type_support.cpp.o[0m
[ 48%] [32mBuilding CXX object CMakeFiles/warehouse_msgs__rosidl_typesupport_c.dir/rosidl_typesupport_c/warehouse_msgs/srv/localisation__type_support.cpp.o[0m
[ 48%] [32mBuilding C object CMakeFiles/warehouse_msgs__rosidl_typesupport_introspection_c.dir/rosidl_typesupport_introspection_c/warehouse_msgs/srv/detail/localisation__type_support.c.o[0m
[ 51%] [32mBuilding CXX object CMakeFiles/warehouse_msgs__rosidl_typesupport_fastrtps_c.dir/rosidl_typesupport_fastrtps_c/warehouse_msgs/srv/detail/localisation__type_support_c.cpp.o[0m
[ 54%] [32m[1mLinking CXX shared library libwarehouse_msgs__rosidl_typesupport_c.so[0m
[ 58%] [32m[1mLinking C shared library libwarehouse_msgs__rosidl_typesupport_introspection_c.so[0m
[ 58%] Built target warehouse_msgs__rosidl_typesupport_introspection_c
[ 58%] Built target warehouse_msgs__rosidl_typesupport_c
[ 61%] [32m[1mLinking CXX shared library libwarehouse_msgs__rosidl_typesupport_cpp.so[0m
[ 61%] Built target warehouse_msgs__rosidl_typesupport_cpp
[ 64%] [32m[1mLinking CXX shared library libwarehouse_msgs__rosidl_typesupport_fastrtps_cpp.so[0m
[ 67%] [32m[1mLinking CXX shared library libwarehouse_msgs__rosidl_typesupport_fastrtps_c.so[0m
[ 70%] [32m[1mLinking CXX shared library libwarehouse_msgs__rosidl_typesupport_introspection_cpp.so[0m
[ 70%] Built target warehouse_msgs__rosidl_typesupport_fastrtps_cpp
[ 70%] Built target warehouse_msgs__rosidl_typesupport_introspection_cpp
[ 70%] Built target warehouse_msgs__rosidl_typesupport_fastrtps_c
[ 70%] Built target warehouse_msgs
[ 74%] [34m[1mGenerating Python code for ROS interfaces[0m
[ 74%] Built target warehouse_msgs__py
[ 77%] [32mBuilding C object CMakeFiles/warehouse_msgs__rosidl_generator_py.dir/rosidl_generator_py/warehouse_msgs/srv/_localisation_s.c.o[0m
[ 80%] [32m[1mLinking C shared library rosidl_generator_py/warehouse_msgs/libwarehouse_msgs__rosidl_generator_py.so[0m
[ 80%] Built target warehouse_msgs__rosidl_generator_py
[ 87%] [32mBuilding C object CMakeFiles/warehouse_msgs__rosidl_typesupport_fastrtps_c__pyext.dir/rosidl_generator_py/warehouse_msgs/_warehouse_msgs_s.ep.rosidl_typesupport_fastrtps_c.c.o[0m
[ 87%] [32mBuilding C object CMakeFiles/warehouse_msgs__rosidl_typesupport_introspection_c__pyext.dir/rosidl_generator_py/warehouse_msgs/_warehouse_msgs_s.ep.rosidl_typesupport_introspection_c.c.o[0m
[ 90%] [32mBuilding C object CMakeFiles/warehouse_msgs__rosidl_typesupport_c__pyext.dir/rosidl_generator_py/warehouse_msgs/_warehouse_msgs_s.ep.rosidl_typesupport_c.c.o[0m
[ 93%] [32m[1mLinking C shared library rosidl_generator_py/warehouse_msgs/warehouse_msgs_s__rosidl_typesupport_c.cpython-310-x86_64-linux-gnu.so[0m
[ 96%] [32m[1mLinking C shared library rosidl_generator_py/warehouse_msgs/warehouse_msgs_s__rosidl_typesupport_fastrtps_c.cpython-310-x86_64-linux-gnu.so[0m
[100%] [32m[1mLinking C shared library rosidl_generator_py/warehouse_msgs/warehouse_msgs_s__rosidl_typesupport_introspection_c.cpython-310-x86_64-linux-gnu.so[0m
[100%] Built target warehouse_msgs__rosidl_typesupport_c__pyext
[100%] Built target warehouse_msgs__rosidl_typesupport_introspection_c__pyext
[100%] Built target warehouse_msgs__rosidl_typesupport_fastrtps_c__pyext
-- Install configuration: ""
-- Installing: /home/arbaaz/InterIIT_Code_Repository/install/warehouse_msgs/share/ament_index/resource_index/rosidl_interfaces/warehouse_msgs
-- Installing: /home/arbaaz/InterIIT_Code_Repository/install/warehouse_msgs/include/warehouse_msgs/warehouse_msgs
-- Installing: /home/arbaaz/InterIIT_Code_Repository/install/warehouse_msgs/include/warehouse_msgs/warehouse_msgs/msg
-- Installing: /home/arbaaz/InterIIT_Code_Repository/install/warehouse_msgs/include/warehouse_msgs/warehouse_msgs/msg/rosidl_generator_c__visibility_control.h
-- Installing: /home/arbaaz/InterIIT_Code_Repository/install/warehouse_msgs/include/warehouse_msgs/warehouse_msgs/srv
-- Installing: /home/arbaaz/InterIIT_Code_Repository/install/warehouse_msgs/include/warehouse_msgs/warehouse_msgs/srv/detail
-- Installing: /home/arbaaz/InterIIT_Code_Repository/install/warehouse_msgs/include/warehouse_msgs/warehouse_msgs/srv/detail/localisation__struct.h
-- Installing: /home/arbaaz/InterIIT_Code_Repository/install/warehouse_msgs/include/warehouse_msgs/warehouse_msgs/srv/detail/localisation__functions.h
-- Installing: /home/arbaaz/InterIIT_Code_Repository/install/warehouse_msgs/include/warehouse_msgs/warehouse_msgs/srv/detail/localisation__type_support.h
-- Installing: /home/arbaaz/InterIIT_Code_Repository/install/warehouse_msgs/include/warehouse_msgs/warehouse_msgs/srv/detail/localisation__functions.c
-- Installing: /home/arbaaz/InterIIT_Code_Repository/install/warehouse_msgs/include/warehouse_msgs/warehouse_msgs/srv/localisation.h
-- Installing: /home/arbaaz/InterIIT_Code_Repository/install/warehouse_msgs/share/warehouse_msgs/environment/library_path.sh
-- Installing: /home/arbaaz/InterIIT_Code_Repository/install/warehouse_msgs/share/warehouse_msgs/environment/library_path.dsv
-- Installing: /home/arbaaz/InterIIT_Code_Repository/install/warehouse_msgs/lib/libwarehouse_msgs__rosidl_generator_c.so
-- Set runtime path of "/home/arbaaz/InterIIT_Code_Repository/install/warehouse_msgs/lib/libwarehouse_msgs__rosidl_generator_c.so" to ""
-- Up-to-date: /home/arbaaz/InterIIT_Code_Repository/install/warehouse_msgs/include/warehouse_msgs/warehouse_msgs
-- Up-to-date: /home/arbaaz/InterIIT_Code_Repository/install/warehouse_msgs/include/warehouse_msgs/warehouse_msgs/msg
-- Installing: /home/arbaaz/InterIIT_Code_Repository/install/warehouse_msgs/include/warehouse_msgs/warehouse_msgs/msg/rosidl_typesupport_fastrtps_c__visibility_control.h
-- Up-to-date: /home/arbaaz/InterIIT_Code_Repository/install/warehouse_msgs/include/warehouse_msgs/warehouse_msgs/srv
-- Up-to-date: /home/arbaaz/InterIIT_Code_Repository/install/warehouse_msgs/include/warehouse_msgs/warehouse_msgs/srv/detail
-- Installing: /home/arbaaz/InterIIT_Code_Repository/install/warehouse_msgs/include/warehouse_msgs/warehouse_msgs/srv/detail/localisation__rosidl_typesupport_fastrtps_c.h
-- Installing: /home/arbaaz/InterIIT_Code_Repository/install/warehouse_msgs/lib/libwarehouse_msgs__rosidl_typesupport_fastrtps_c.so
-- Set runtime path of "/home/arbaaz/InterIIT_Code_Repository/install/warehouse_msgs/lib/libwarehouse_msgs__rosidl_typesupport_fastrtps_c.so" to ""
-- Up-to-date: /home/arbaaz/InterIIT_Code_Repository/install/warehouse_msgs/include/warehouse_msgs/warehouse_msgs
-- Up-to-date: /home/arbaaz/InterIIT_Code_Repository/install/warehouse_msgs/include/warehouse_msgs/warehouse_msgs/msg
-- Installing: /home/arbaaz/InterIIT_Code_Repository/install/warehouse_msgs/include/warehouse_msgs/warehouse_msgs/msg/rosidl_typesupport_introspection_c__visibility_control.h
-- Up-to-date: /home/arbaaz/InterIIT_Code_Repository/install/warehouse_msgs/include/warehouse_msgs/warehouse_msgs/srv
-- Up-to-date: /home/arbaaz/InterIIT_Code_Repository/install/warehouse_msgs/include/warehouse_msgs/warehouse_msgs/srv/detail
-- Installing: /home/arbaaz/InterIIT_Code_Repository/install/warehouse_msgs/include/warehouse_msgs/warehouse_msgs/srv/detail/localisation__type_support.c
-- Installing: /home/arbaaz/InterIIT_Code_Repository/install/warehouse_msgs/include/warehouse_msgs/warehouse_msgs/srv/detail/localisation__rosidl_typesupport_introspection_c.h
-- Installing: /home/arbaaz/InterIIT_Code_Repository/install/warehouse_msgs/lib/libwarehouse_msgs__rosidl_typesupport_introspection_c.so
-- Set runtime path of "/home/arbaaz/InterIIT_Code_Repository/install/warehouse_msgs/lib/libwarehouse_msgs__rosidl_typesupport_introspection_c.so" to ""
-- Installing: /home/arbaaz/InterIIT_Code_Repository/install/warehouse_msgs/lib/libwarehouse_msgs__rosidl_typesupport_c.so
-- Set runtime path of "/home/arbaaz/InterIIT_Code_Repository/install/warehouse_msgs/lib/libwarehouse_msgs__rosidl_typesupport_c.so" to ""
-- Up-to-date: /home/arbaaz/InterIIT_Code_Repository/install/warehouse_msgs/include/warehouse_msgs/warehouse_msgs
-- Up-to-date: /home/arbaaz/InterIIT_Code_Repository/install/warehouse_msgs/include/warehouse_msgs/warehouse_msgs/msg
-- Installing: /home/arbaaz/InterIIT_Code_Repository/install/warehouse_msgs/include/warehouse_msgs/warehouse_msgs/msg/rosidl_generator_cpp__visibility_control.hpp
-- Up-to-date: /home/arbaaz/InterIIT_Code_Repository/install/warehouse_msgs/include/warehouse_msgs/warehouse_msgs/srv
-- Installing: /home/arbaaz/InterIIT_Code_Repository/install/warehouse_msgs/include/warehouse_msgs/warehouse_msgs/srv/localisation.hpp
-- Up-to-date: /home/arbaaz/InterIIT_Code_Repository/install/warehouse_msgs/include/warehouse_msgs/warehouse_msgs/srv/detail
-- Installing: /home/arbaaz/InterIIT_Code_Repository/install/warehouse_msgs/include/warehouse_msgs/warehouse_msgs/srv/detail/localisation__traits.hpp
-- Installing: /home/arbaaz/InterIIT_Code_Repository/install/warehouse_msgs/include/warehouse_msgs/warehouse_msgs/srv/detail/localisation__struct.hpp
-- Installing: /home/arbaaz/InterIIT_Code_Repository/install/warehouse_msgs/include/warehouse_msgs/warehouse_msgs/srv/detail/localisation__type_support.hpp
-- Installing: /home/arbaaz/InterIIT_Code_Repository/install/warehouse_msgs/include/warehouse_msgs/warehouse_msgs/srv/detail/localisation__builder.hpp
-- Up-to-date: /home/arbaaz/InterIIT_Code_Repository/install/warehouse_msgs/include/warehouse_msgs/warehouse_msgs
-- Up-to-date: /home/arbaaz/InterIIT_Code_Repository/install/warehouse_msgs/include/warehouse_msgs/warehouse_msgs/msg
-- Installing: /home/arbaaz/InterIIT_Code_Repository/install/warehouse_msgs/include/warehouse_msgs/warehouse_msgs/msg/rosidl_typesupport_fastrtps_cpp__visibility_control.h
-- Up-to-date: /home/arbaaz/InterIIT_Code_Repository/install/warehouse_msgs/include/warehouse_msgs/warehouse_msgs/srv
-- Up-to-date: /home/arbaaz/InterIIT_Code_Repository/install/warehouse_msgs/include/warehouse_msgs/warehouse_msgs/srv/detail
-- Installing: /home/arbaaz/InterIIT_Code_Repository/install/warehouse_msgs/include/warehouse_msgs/warehouse_msgs/srv/detail/localisation__rosidl_typesupport_fastrtps_cpp.hpp
-- Installing: /home/arbaaz/InterIIT_Code_Repository/install/warehouse_msgs/include/warehouse_msgs/warehouse_msgs/srv/detail/dds_fastrtps
-- Installing: /home/arbaaz/InterIIT_Code_Repository/install/warehouse_msgs/lib/libwarehouse_msgs__rosidl_typesupport_fastrtps_cpp.so
-- Set runtime path of "/home/arbaaz/InterIIT_Code_Repository/install/warehouse_msgs/lib/libwarehouse_msgs__rosidl_typesupport_fastrtps_cpp.so" to ""
-- Up-to-date: /home/arbaaz/InterIIT_Code_Repository/install/warehouse_msgs/include/warehouse_msgs/warehouse_msgs
-- Up-to-date: /home/arbaaz/InterIIT_Code_Repository/install/warehouse_msgs/include/warehouse_msgs/warehouse_msgs/srv
-- Up-to-date: /home/arbaaz/InterIIT_Code_Repository/install/warehouse_msgs/include/warehouse_msgs/warehouse_msgs/srv/detail
-- Installing: /home/arbaaz/InterIIT_Code_Repository/install/warehouse_msgs/include/warehouse_msgs/warehouse_msgs/srv/detail/localisation__type_support.cpp
-- Installing: /home/arbaaz/InterIIT_Code_Repository/install/warehouse_msgs/include/warehouse_msgs/warehouse_msgs/srv/detail/localisation__rosidl_typesupport_introspection_cpp.hpp
-- Installing: /home/arbaaz/InterIIT_Code_Repository/install/warehouse_msgs/lib/libwarehouse_msgs__rosidl_typesupport_introspection_cpp.so
-- Set runtime path of "/home/arbaaz/InterIIT_Code_Repository/install/warehouse_msgs/lib/libwarehouse_msgs__rosidl_typesupport_introspection_cpp.so" to ""
-- Installing: /home/arbaaz/InterIIT_Code_Repository/install/warehouse_msgs/lib/libwarehouse_msgs__rosidl_typesupport_cpp.so
-- Set runtime path of "/home/arbaaz/InterIIT_Code_Repository/install/warehouse_msgs/lib/libwarehouse_msgs__rosidl_typesupport_cpp.so" to ""
-- Installing: /home/arbaaz/InterIIT_Code_Repository/install/warehouse_msgs/share/warehouse_msgs/environment/pythonpath.sh
-- Installing: /home/arbaaz/InterIIT_Code_Repository/install/warehouse_msgs/share/warehouse_msgs/environment/pythonpath.dsv
-- Installing: /home/arbaaz/InterIIT_Code_Repository/install/warehouse_msgs/local/lib/python3.10/dist-packages/warehouse_msgs-0.0.1-py3.10.egg-info
-- Installing: /home/arbaaz/InterIIT_Code_Repository/install/warehouse_msgs/local/lib/python3.10/dist-packages/warehouse_msgs-0.0.1-py3.10.egg-info/PKG-INFO
-- Installing: /home/arbaaz/InterIIT_Code_Repository/install/warehouse_msgs/local/lib/python3.10/dist-packages/warehouse_msgs-0.0.1-py3.10.egg-info/SOURCES.txt
-- Installing: /home/arbaaz/InterIIT_Code_Repository/install/warehouse_msgs/local/lib/python3.10/dist-packages/warehouse_msgs-0.0.1-py3.10.egg-info/dependency_links.txt
-- Installing: /home/arbaaz/InterIIT_Code_Repository/install/warehouse_msgs/local/lib/python3.10/dist-packages/warehouse_msgs-0.0.1-py3.10.egg-info/top_level.txt
-- Installing: /home/arbaaz/InterIIT_Code_Repository/install/warehouse_msgs/local/lib/python3.10/dist-packages/warehouse_msgs
-- Installing: /home/arbaaz/InterIIT_Code_Repository/install/warehouse_msgs/local/lib/python3.10/dist-packages/warehouse_msgs/_warehouse_msgs_s.ep.rosidl_typesupport_c.c
-- Installing: /home/arbaaz/InterIIT_Code_Repository/install/warehouse_msgs/local/lib/python3.10/dist-packages/warehouse_msgs/warehouse_msgs_s__rosidl_typesupport_introspection_c.cpython-310-x86_64-linux-gnu.so
-- Installing: /home/arbaaz/InterIIT_Code_Repository/install/warehouse_msgs/local/lib/python3.10/dist-packages/warehouse_msgs/warehouse_msgs_s__rosidl_typesupport_fastrtps_c.cpython-310-x86_64-linux-gnu.so
-- Installing: /home/arbaaz/InterIIT_Code_Repository/install/warehouse_msgs/local/lib/python3.10/dist-packages/warehouse_msgs/_warehouse_msgs_s.ep.rosidl_typesupport_introspection_c.c
-- Installing: /home/arbaaz/InterIIT_Code_Repository/install/warehouse_msgs/local/lib/python3.10/dist-packages/warehouse_msgs/_warehouse_msgs_s.ep.rosidl_typesupport_fastrtps_c.c
-- Installing: /home/arbaaz/InterIIT_Code_Repository/install/warehouse_msgs/local/lib/python3.10/dist-packages/warehouse_msgs/__init__.py
-- Installing: /home/arbaaz/InterIIT_Code_Repository/install/warehouse_msgs/local/lib/python3.10/dist-packages/warehouse_msgs/libwarehouse_msgs__rosidl_generator_py.so
-- Installing: /home/arbaaz/InterIIT_Code_Repository/install/warehouse_msgs/local/lib/python3.10/dist-packages/warehouse_msgs/warehouse_msgs_s__rosidl_typesupport_c.cpython-310-x86_64-linux-gnu.so
-- Installing: /home/arbaaz/InterIIT_Code_Repository/install/warehouse_msgs/local/lib/python3.10/dist-packages/warehouse_msgs/srv
-- Installing: /home/arbaaz/InterIIT_Code_Repository/install/warehouse_msgs/local/lib/python3.10/dist-packages/warehouse_msgs/srv/_localisation.py
-- Installing: /home/arbaaz/InterIIT_Code_Repository/install/warehouse_msgs/local/lib/python3.10/dist-packages/warehouse_msgs/srv/__init__.py
-- Installing: /home/arbaaz/InterIIT_Code_Repository/install/warehouse_msgs/local/lib/python3.10/dist-packages/warehouse_msgs/srv/_localisation_s.c
Listing '/home/arbaaz/InterIIT_Code_Repository/install/warehouse_msgs/local/lib/python3.10/dist-packages/warehouse_msgs'...
Compiling '/home/arbaaz/InterIIT_Code_Repository/install/warehouse_msgs/local/lib/python3.10/dist-packages/warehouse_msgs/__init__.py'...
Listing '/home/arbaaz/InterIIT_Code_Repository/install/warehouse_msgs/local/lib/python3.10/dist-packages/warehouse_msgs/srv'...
Compiling '/home/arbaaz/InterIIT_Code_Repository/install/warehouse_msgs/local/lib/python3.10/dist-packages/warehouse_msgs/srv/__init__.py'...
Compiling '/home/arbaaz/InterIIT_Code_Repository/install/warehouse_msgs/local/lib/python3.10/dist-packages/warehouse_msgs/srv/_localisation.py'...
-- Installing: /home/arbaaz/InterIIT_Code_Repository/install/warehouse_msgs/local/lib/python3.10/dist-packages/warehouse_msgs/warehouse_msgs_s__rosidl_typesupport_fastrtps_c.cpython-310-x86_64-linux-gnu.so
-- Set runtime path of "/home/arbaaz/InterIIT_Code_Repository/install/warehouse_msgs/local/lib/python3.10/dist-packages/warehouse_msgs/warehouse_msgs_s__rosidl_typesupport_fastrtps_c.cpython-310-x86_64-linux-gnu.so" to ""
-- Installing: /home/arbaaz/InterIIT_Code_Repository/install/warehouse_msgs/local/lib/python3.10/dist-packages/warehouse_msgs/warehouse_msgs_s__rosidl_typesupport_introspection_c.cpython-310-x86_64-linux-gnu.so
-- Set runtime path of "/home/arbaaz/InterIIT_Code_Repository/install/warehouse_msgs/local/lib/python3.10/dist-packages/warehouse_msgs/warehouse_msgs_s__rosidl_typesupport_introspection_c.cpython-310-x86_64-linux-gnu.so" to ""
-- Installing: /home/arbaaz/InterIIT_Code_Repository/install/warehouse_msgs/local/lib/python3.10/dist-packages/warehouse_msgs/warehouse_msgs_s__rosidl_typesupport_c.cpython-310-x86_64-linux-gnu.so
-- Set runtime path of "/home/arbaaz/InterIIT_Code_Repository/install/warehouse_msgs/local/lib/python3.10/dist-packages/warehouse_msgs/warehouse_msgs_s__rosidl_typesupport_c.cpython-310-x86_64-linux-gnu.so" to ""
-- Installing: /home/arbaaz/InterIIT_Code_Repository/install/warehouse_msgs/lib/libwarehouse_msgs__rosidl_generator_py.so
-- Set runtime path of "/home/arbaaz/InterIIT_Code_Repository/install/warehouse_msgs/lib/libwarehouse_msgs__rosidl_generator_py.so" to ""
-- Installing: /home/arbaaz/InterIIT_Code_Repository/install/warehouse_msgs/share/warehouse_msgs/srv/Localisation.idl
-- Installing: /home/arbaaz/InterIIT_Code_Repository/install/warehouse_msgs/share/warehouse_msgs/srv/Localisation.srv
-- Installing: /home/arbaaz/InterIIT_Code_Repository/install/warehouse_msgs/share/warehouse_msgs/srv/Localisation_Request.msg
-- Installing: /home/arbaaz/InterIIT_Code_Repository/install/warehouse_msgs/share/warehouse_msgs/srv/Localisation_Response.msg
-- Installing: /home/arbaaz/InterIIT_Code_Repository/install/warehouse_msgs/share/ament_index/resource_index/package_run_dependencies/warehouse_msgs
-- Installing: /home/arbaaz/InterIIT_Code_Repository/install/warehouse_msgs/share/ament_index/resource_index/parent_prefix_path/warehouse_msgs
-- Installing: /home/arbaaz/InterIIT_Code_Repository/install/warehouse_msgs/share/warehouse_msgs/environment/ament_prefix_path.sh
-- Installing: /home/arbaaz/InterIIT_Code_Repository/install/warehouse_msgs/share/warehouse_msgs/environment/ament_prefix_path.dsv
-- Installing: /home/arbaaz/InterIIT_Code_Repository/install/warehouse_msgs/share/warehouse_msgs/environment/path.sh
-- Installing: /home/arbaaz/InterIIT_Code_Repository/install/warehouse_msgs/share/warehouse_msgs/environment/path.dsv
-- Installing: /home/arbaaz/InterIIT_Code_Repository/install/warehouse_msgs/share/warehouse_msgs/local_setup.bash
-- Installing: /home/arbaaz/InterIIT_Code_Repository/install/warehouse_msgs/share/warehouse_msgs/local_setup.sh
-- Installing: /home/arbaaz/InterIIT_Code_Repository/install/warehouse_msgs/share/warehouse_msgs/local_setup.zsh
-- Installing: /home/arbaaz/InterIIT_Code_Repository/install/warehouse_msgs/share/warehouse_msgs/local_setup.dsv
-- Installing: /home/arbaaz/InterIIT_Code_Repository/install/warehouse_msgs/share/warehouse_msgs/package.dsv
-- Installing: /home/arbaaz/InterIIT_Code_Repository/install/warehouse_msgs/share/ament_index/resource_index/packages/warehouse_msgs
-- Installing: /home/arbaaz/InterIIT_Code_Repository/install/warehouse_msgs/share/warehouse_msgs/cmake/export_warehouse_msgs__rosidl_generator_cExport.cmake
-- Installing: /home/arbaaz/InterIIT_Code_Repository/install/warehouse_msgs/share/warehouse_msgs/cmake/export_warehouse_msgs__rosidl_generator_cExport-noconfig.cmake
-- Installing: /home/arbaaz/InterIIT_Code_Repository/install/warehouse_msgs/share/warehouse_msgs/cmake/export_warehouse_msgs__rosidl_typesupport_fastrtps_cExport.cmake
-- Installing: /home/arbaaz/InterIIT_Code_Repository/install/warehouse_msgs/share/warehouse_msgs/cmake/export_warehouse_msgs__rosidl_typesupport_fastrtps_cExport-noconfig.cmake
-- Installing: /home/arbaaz/InterIIT_Code_Repository/install/warehouse_msgs/share/warehouse_msgs/cmake/warehouse_msgs__rosidl_typesupport_introspection_cExport.cmake
-- Installing: /home/arbaaz/InterIIT_Code_Repository/install/warehouse_msgs/share/warehouse_msgs/cmake/warehouse_msgs__rosidl_typesupport_introspection_cExport-noconfig.cmake
-- Installing: /home/arbaaz/InterIIT_Code_Repository/install/warehouse_msgs/share/warehouse_msgs/cmake/warehouse_msgs__rosidl_typesupport_cExport.cmake
-- Installing: /home/arbaaz/InterIIT_Code_Repository/install/warehouse_msgs/share/warehouse_msgs/cmake/warehouse_msgs__rosidl_typesupport_cExport-noconfig.cmake
-- Installing: /home/arbaaz/InterIIT_Code_Repository/install/warehouse_msgs/share/warehouse_msgs/cmake/export_warehouse_msgs__rosidl_generator_cppExport.cmake
-- Installing: /home/arbaaz/InterIIT_Code_Repository/install/warehouse_msgs/share/warehouse_msgs/cmake/export_warehouse_msgs__rosidl_typesupport_fastrtps_cppExport.cmake
-- Installing: /home/arbaaz/InterIIT_Code_Repository/install/warehouse_msgs/share/warehouse_msgs/cmake/export_warehouse_msgs__rosidl_typesupport_fastrtps_cppExport-noconfig.cmake
-- Installing: /home/arbaaz/InterIIT_Code_Repository/install/warehouse_msgs/share/warehouse_msgs/cmake/warehouse_msgs__rosidl_typesupport_introspection_cppExport.cmake
-- Installing: /home/arbaaz/InterIIT_Code_Repository/install/warehouse_msgs/share/warehouse_msgs/cmake/warehouse_msgs__rosidl_typesupport_introspection_cppExport-noconfig.cmake
-- Installing: /home/arbaaz/InterIIT_Code_Repository/install/warehouse_msgs/share/warehouse_msgs/cmake/warehouse_msgs__rosidl_typesupport_cppExport.cmake
-- Installing: /home/arbaaz/InterIIT_Code_Repository/install/warehouse_msgs/share/warehouse_msgs/cmake/warehouse_msgs__rosidl_typesupport_cppExport-noconfig.cmake
-- Installing: /home/arbaaz/InterIIT_Code_Repository/install/warehouse_msgs/share/warehouse_msgs/cmake/export_warehouse_msgs__rosidl_generator_pyExport.cmake
-- Installing: /home/arbaaz/InterIIT_Code_Repository/install/warehouse_msgs/share/warehouse_msgs/cmake/export_warehouse_msgs__rosidl_generator_pyExport-noconfig.cmake
-- Installing: /home/arbaaz/InterIIT_Code_Repository/install/warehouse_msgs/share/warehouse_msgs/cmake/rosidl_cmake-extras.cmake
-- Installing: /home/arbaaz/InterIIT_Code_Repository/install/warehouse_msgs/share/warehouse_msgs/cmake/ament_cmake_export_dependencies-extras.cmake
-- Installing: /home/arbaaz/InterIIT_Code_Repository/install/warehouse_msgs/share/warehouse_msgs/cmake/ament_cmake_export_include_directories-extras.cmake
-- Installing: /home/arbaaz/InterIIT_Code_Repository/install/warehouse_msgs/share/warehouse_msgs/cmake/ament_cmake_export_libraries-extras.cmake
-- Installing: /home/arbaaz/InterIIT_Code_Repository/install/warehouse_msgs/share/warehouse_msgs/cmake/ament_cmake_export_targets-extras.cmake
-- Installing: /home/arbaaz/InterIIT_Code_Repository/install/warehouse_msgs/share/warehouse_msgs/cmake/rosidl_cmake_export_typesupport_targets-extras.cmake
-- Installing: /home/arbaaz/InterIIT_Code_Repository/install/warehouse_msgs/share/warehouse_msgs/cmake/rosidl_cmake_export_typesupport_libraries-extras.cmake
-- Installing: /home/arbaaz/InterIIT_Code_Repository/install/warehouse_msgs/share/warehouse_msgs/cmake/warehouse_msgsConfig.cmake
-- Installing: /home/arbaaz/InterIIT_Code_Repository/install/warehouse_msgs/share/warehouse_msgs/cmake/warehouse_msgsConfig-version.cmake
-- Installing: /home/arbaaz/InterIIT_Code_Repository/install/warehouse_msgs/share/warehouse_msgs/package.xml
