[0.009s] Invoking command in '/home/arbaaz/InterIIT_Code_Repository/build/warehouse_msgs': CMAKE_PREFIX_PATH=${CMAKE_PREFIX_PATH}:/home/arbaaz/InterIIT_Code_Repository/install/warehouse_robot_bringup:/home/arbaaz/InterIIT_Code_Repository/install/warehouse_scanning:/home/arbaaz/InterIIT_Code_Repository/install/warehouse_hmi:/opt/ros/humble /usr/bin/cmake /home/arbaaz/InterIIT_Code_Repository/src/warehouse_msgs -DCMAKE_INSTALL_PREFIX=/home/arbaaz/InterIIT_Code_Repository/install/warehouse_msgs
[0.069s] -- The C compiler identification is GNU 11.4.0
[0.126s] -- The CXX compiler identification is GNU 11.4.0
[0.134s] -- Detecting C compiler ABI info
[0.214s] -- Detecting C compiler ABI info - done
[0.220s] -- Check for working C compiler: /usr/bin/cc - skipped
[0.221s] -- Detecting C compile features
[0.221s] -- Detecting C compile features - done
[0.224s] -- Detecting CXX compiler ABI info
[0.315s] -- Detecting CXX compiler ABI info - done
[0.322s] -- Check for working CXX compiler: /usr/bin/c++ - skipped
[0.323s] -- Detecting CXX compile features
[0.323s] -- Detecting CXX compile features - done
[0.326s] -- Found ament_cmake: 1.3.11 (/opt/ros/humble/share/ament_cmake/cmake)
[0.477s] -- Found Python3: /usr/bin/python3 (found version "3.10.12") found components: Interpreter 
[0.565s] -- Found rosidl_default_generators: 1.2.0 (/opt/ros/humble/share/rosidl_default_generators/cmake)
[0.569s] -- Using all available rosidl_typesupport_c: rosidl_typesupport_fastrtps_c;rosidl_typesupport_introspection_c
[0.575s] -- Found rosidl_adapter: 3.1.6 (/opt/ros/humble/share/rosidl_adapter/cmake)
[0.614s] -- Using all available rosidl_typesupport_cpp: rosidl_typesupport_fastrtps_cpp;rosidl_typesupport_introspection_cpp
[0.647s] -- Found std_msgs: 4.2.4 (/opt/ros/humble/share/std_msgs/cmake)
[0.671s] -- Found geometry_msgs: 4.2.4 (/opt/ros/humble/share/geometry_msgs/cmake)
[0.963s] -- Found ament_cmake_ros: 0.10.0 (/opt/ros/humble/share/ament_cmake_ros/cmake)
[1.213s] -- Using all available rosidl_typesupport_c: rosidl_typesupport_fastrtps_c;rosidl_typesupport_introspection_c
[1.541s] -- Using all available rosidl_typesupport_cpp: rosidl_typesupport_fastrtps_cpp;rosidl_typesupport_introspection_cpp
[1.564s] -- Found PythonInterp: /usr/bin/python3 (found suitable version "3.10.12", minimum required is "3.6") 
[1.566s] -- Found python_cmake_module: 0.10.0 (/opt/ros/humble/share/python_cmake_module/cmake)
[1.591s] -- Found PythonLibs: /usr/lib/x86_64-linux-gnu/libpython3.10.so (found suitable version "3.10.12", minimum required is "3.5") 
[1.591s] -- Using PYTHON_EXECUTABLE: /usr/bin/python3
[1.592s] -- Using PYTHON_INCLUDE_DIRS: /usr/include/python3.10
[1.592s] -- Using PYTHON_LIBRARIES: /usr/lib/x86_64-linux-gnu/libpython3.10.so
[1.614s] -- Found PythonExtra: .so  
[1.679s] -- Configuring done
[1.712s] -- Generating done
[1.724s] -- Build files have been written to: /home/arbaaz/InterIIT_Code_Repository/build/warehouse_msgs
[1.735s] Invoked command in '/home/arbaaz/InterIIT_Code_Repository/build/warehouse_msgs' returned '0': CMAKE_PREFIX_PATH=${CMAKE_PREFIX_PATH}:/home/arbaaz/InterIIT_Code_Repository/install/warehouse_robot_bringup:/home/arbaaz/InterIIT_Code_Repository/install/warehouse_scanning:/home/arbaaz/InterIIT_Code_Repository/install/warehouse_hmi:/opt/ros/humble /usr/bin/cmake /home/arbaaz/InterIIT_Code_Repository/src/warehouse_msgs -DCMAKE_INSTALL_PREFIX=/home/arbaaz/InterIIT_Code_Repository/install/warehouse_msgs
[1.738s] Invoking command in '/home/arbaaz/InterIIT_Code_Repository/build/warehouse_msgs': CMAKE_PREFIX_PATH=${CMAKE_PREFIX_PATH}:/home/arbaaz/InterIIT_Code_Repository/install/warehouse_robot_bringup:/home/arbaaz/InterIIT_Code_Repository/install/warehouse_scanning:/home/arbaaz/InterIIT_Code_Repository/install/warehouse_hmi:/opt/ros/humble /usr/bin/cmake --build /home/arbaaz/InterIIT_Code_Repository/build/warehouse_msgs -- -j12 -l12
[1.784s] [  3%] [34m[1mGenerating C code for ROS interfaces[0m
[1.796s] [  6%] [34m[1mGenerating C++ code for ROS interfaces[0m
[1.806s] [  6%] Built target ament_cmake_python_copy_warehouse_msgs
[2.057s] [  9%] [32mBuilding C object CMakeFiles/warehouse_msgs__rosidl_generator_c.dir/rosidl_generator_c/warehouse_msgs/srv/detail/localisation__functions.c.o[0m
[2.072s] [  9%] Built target warehouse_msgs__cpp
[2.086s] [ 19%] [34m[1mGenerating C++ introspection for ROS interfaces[0m
[2.086s] [ 19%] [34m[1mGenerating C++ type support dispatch for ROS interfaces[0m
[2.086s] [ 19%] [34m[1mGenerating C++ type support for eProsima Fast-RTPS[0m
[2.090s] running egg_info
[2.092s] creating warehouse_msgs.egg-info
[2.092s] writing warehouse_msgs.egg-info/PKG-INFO
[2.092s] writing dependency_links to warehouse_msgs.egg-info/dependency_links.txt
[2.093s] writing top-level names to warehouse_msgs.egg-info/top_level.txt
[2.093s] writing manifest file 'warehouse_msgs.egg-info/SOURCES.txt'
[2.096s] reading manifest file 'warehouse_msgs.egg-info/SOURCES.txt'
[2.096s] writing manifest file 'warehouse_msgs.egg-info/SOURCES.txt'
[2.129s] [ 22%] [32m[1mLinking C shared library libwarehouse_msgs__rosidl_generator_c.so[0m
[2.176s] [ 22%] Built target ament_cmake_python_build_warehouse_msgs_egg
[2.185s] [ 22%] Built target warehouse_msgs__rosidl_generator_c
[2.198s] [ 29%] [34m[1mGenerating C type support for eProsima Fast-RTPS[0m
[2.198s] [ 29%] [34m[1mGenerating C introspection for ROS interfaces[0m
[2.198s] [ 32%] [34m[1mGenerating C type support dispatch for ROS interfaces[0m
[2.354s] [ 35%] [32mBuilding CXX object CMakeFiles/warehouse_msgs__rosidl_typesupport_cpp.dir/rosidl_typesupport_cpp/warehouse_msgs/srv/localisation__type_support.cpp.o[0m
[2.382s] [ 38%] [32mBuilding CXX object CMakeFiles/warehouse_msgs__rosidl_typesupport_introspection_cpp.dir/rosidl_typesupport_introspection_cpp/warehouse_msgs/srv/detail/localisation__type_support.cpp.o[0m
[2.385s] [ 41%] [32mBuilding CXX object CMakeFiles/warehouse_msgs__rosidl_typesupport_fastrtps_cpp.dir/rosidl_typesupport_fastrtps_cpp/warehouse_msgs/srv/detail/dds_fastrtps/localisation__type_support.cpp.o[0m
[2.493s] [ 48%] [32mBuilding CXX object CMakeFiles/warehouse_msgs__rosidl_typesupport_c.dir/rosidl_typesupport_c/warehouse_msgs/srv/localisation__type_support.cpp.o[0m
[2.493s] [ 48%] [32mBuilding C object CMakeFiles/warehouse_msgs__rosidl_typesupport_introspection_c.dir/rosidl_typesupport_introspection_c/warehouse_msgs/srv/detail/localisation__type_support.c.o[0m
[2.498s] [ 51%] [32mBuilding CXX object CMakeFiles/warehouse_msgs__rosidl_typesupport_fastrtps_c.dir/rosidl_typesupport_fastrtps_c/warehouse_msgs/srv/detail/localisation__type_support_c.cpp.o[0m
[2.538s] [ 54%] [32m[1mLinking CXX shared library libwarehouse_msgs__rosidl_typesupport_c.so[0m
[2.546s] [ 58%] [32m[1mLinking C shared library libwarehouse_msgs__rosidl_typesupport_introspection_c.so[0m
[2.597s] [ 58%] Built target warehouse_msgs__rosidl_typesupport_introspection_c
[2.606s] [ 58%] Built target warehouse_msgs__rosidl_typesupport_c
[2.647s] [ 61%] [32m[1mLinking CXX shared library libwarehouse_msgs__rosidl_typesupport_cpp.so[0m
[2.699s] [ 61%] Built target warehouse_msgs__rosidl_typesupport_cpp
[2.804s] [ 64%] [32m[1mLinking CXX shared library libwarehouse_msgs__rosidl_typesupport_fastrtps_cpp.so[0m
[2.836s] [ 67%] [32m[1mLinking CXX shared library libwarehouse_msgs__rosidl_typesupport_fastrtps_c.so[0m
[2.859s] [ 70%] [32m[1mLinking CXX shared library libwarehouse_msgs__rosidl_typesupport_introspection_cpp.so[0m
[2.955s] [ 70%] Built target warehouse_msgs__rosidl_typesupport_fastrtps_cpp
[2.975s] [ 70%] Built target warehouse_msgs__rosidl_typesupport_introspection_cpp
[2.976s] [ 70%] Built target warehouse_msgs__rosidl_typesupport_fastrtps_c
[3.001s] [ 70%] Built target warehouse_msgs
[3.026s] [ 74%] [34m[1mGenerating Python code for ROS interfaces[0m
[3.345s] [ 74%] Built target warehouse_msgs__py
[3.369s] [ 77%] [32mBuilding C object CMakeFiles/warehouse_msgs__rosidl_generator_py.dir/rosidl_generator_py/warehouse_msgs/srv/_localisation_s.c.o[0m
[3.473s] [ 80%] [32m[1mLinking C shared library rosidl_generator_py/warehouse_msgs/libwarehouse_msgs__rosidl_generator_py.so[0m
[3.520s] [ 80%] Built target warehouse_msgs__rosidl_generator_py
[3.544s] [ 87%] [32mBuilding C object CMakeFiles/warehouse_msgs__rosidl_typesupport_fastrtps_c__pyext.dir/rosidl_generator_py/warehouse_msgs/_warehouse_msgs_s.ep.rosidl_typesupport_fastrtps_c.c.o[0m
[3.544s] [ 87%] [32mBuilding C object CMakeFiles/warehouse_msgs__rosidl_typesupport_introspection_c__pyext.dir/rosidl_generator_py/warehouse_msgs/_warehouse_msgs_s.ep.rosidl_typesupport_introspection_c.c.o[0m
[3.545s] [ 90%] [32mBuilding C object CMakeFiles/warehouse_msgs__rosidl_typesupport_c__pyext.dir/rosidl_generator_py/warehouse_msgs/_warehouse_msgs_s.ep.rosidl_typesupport_c.c.o[0m
[3.649s] [ 93%] [32m[1mLinking C shared library rosidl_generator_py/warehouse_msgs/warehouse_msgs_s__rosidl_typesupport_c.cpython-310-x86_64-linux-gnu.so[0m
[3.650s] [ 96%] [32m[1mLinking C shared library rosidl_generator_py/warehouse_msgs/warehouse_msgs_s__rosidl_typesupport_fastrtps_c.cpython-310-x86_64-linux-gnu.so[0m
[3.650s] [100%] [32m[1mLinking C shared library rosidl_generator_py/warehouse_msgs/warehouse_msgs_s__rosidl_typesupport_introspection_c.cpython-310-x86_64-linux-gnu.so[0m
[3.695s] [100%] Built target warehouse_msgs__rosidl_typesupport_c__pyext
[3.695s] [100%] Built target warehouse_msgs__rosidl_typesupport_introspection_c__pyext
[3.699s] [100%] Built target warehouse_msgs__rosidl_typesupport_fastrtps_c__pyext
[3.715s] Invoked command in '/home/arbaaz/InterIIT_Code_Repository/build/warehouse_msgs' returned '0': CMAKE_PREFIX_PATH=${CMAKE_PREFIX_PATH}:/home/arbaaz/InterIIT_Code_Repository/install/warehouse_robot_bringup:/home/arbaaz/InterIIT_Code_Repository/install/warehouse_scanning:/home/arbaaz/InterIIT_Code_Repository/install/warehouse_hmi:/opt/ros/humble /usr/bin/cmake --build /home/arbaaz/InterIIT_Code_Repository/build/warehouse_msgs -- -j12 -l12
[3.728s] Invoking command in '/home/arbaaz/InterIIT_Code_Repository/build/warehouse_msgs': CMAKE_PREFIX_PATH=${CMAKE_PREFIX_PATH}:/home/arbaaz/InterIIT_Code_Repository/install/warehouse_robot_bringup:/home/arbaaz/InterIIT_Code_Repository/install/warehouse_scanning:/home/arbaaz/InterIIT_Code_Repository/install/warehouse_hmi:/opt/ros/humble /usr/bin/cmake --install /home/arbaaz/InterIIT_Code_Repository/build/warehouse_msgs
[3.737s] -- Install configuration: ""
[3.737s] -- Installing: /home/arbaaz/InterIIT_Code_Repository/install/warehouse_msgs/share/ament_index/resource_index/rosidl_interfaces/warehouse_msgs
[3.737s] -- Installing: /home/arbaaz/InterIIT_Code_Repository/install/warehouse_msgs/include/warehouse_msgs/warehouse_msgs
[3.737s] -- Installing: /home/arbaaz/InterIIT_Code_Repository/install/warehouse_msgs/include/warehouse_msgs/warehouse_msgs/msg
[3.737s] -- Installing: /home/arbaaz/InterIIT_Code_Repository/install/warehouse_msgs/include/warehouse_msgs/warehouse_msgs/msg/rosidl_generator_c__visibility_control.h
[3.737s] -- Installing: /home/arbaaz/InterIIT_Code_Repository/install/warehouse_msgs/include/warehouse_msgs/warehouse_msgs/srv
[3.737s] -- Installing: /home/arbaaz/InterIIT_Code_Repository/install/warehouse_msgs/include/warehouse_msgs/warehouse_msgs/srv/detail
[3.737s] -- Installing: /home/arbaaz/InterIIT_Code_Repository/install/warehouse_msgs/include/warehouse_msgs/warehouse_msgs/srv/detail/localisation__struct.h
[3.738s] -- Installing: /home/arbaaz/InterIIT_Code_Repository/install/warehouse_msgs/include/warehouse_msgs/warehouse_msgs/srv/detail/localisation__functions.h
[3.738s] -- Installing: /home/arbaaz/InterIIT_Code_Repository/install/warehouse_msgs/include/warehouse_msgs/warehouse_msgs/srv/detail/localisation__type_support.h
[3.738s] -- Installing: /home/arbaaz/InterIIT_Code_Repository/install/warehouse_msgs/include/warehouse_msgs/warehouse_msgs/srv/detail/localisation__functions.c
[3.738s] -- Installing: /home/arbaaz/InterIIT_Code_Repository/install/warehouse_msgs/include/warehouse_msgs/warehouse_msgs/srv/localisation.h
[3.738s] -- Installing: /home/arbaaz/InterIIT_Code_Repository/install/warehouse_msgs/share/warehouse_msgs/environment/library_path.sh
[3.738s] -- Installing: /home/arbaaz/InterIIT_Code_Repository/install/warehouse_msgs/share/warehouse_msgs/environment/library_path.dsv
[3.739s] -- Installing: /home/arbaaz/InterIIT_Code_Repository/install/warehouse_msgs/lib/libwarehouse_msgs__rosidl_generator_c.so
[3.739s] -- Set runtime path of "/home/arbaaz/InterIIT_Code_Repository/install/warehouse_msgs/lib/libwarehouse_msgs__rosidl_generator_c.so" to ""
[3.739s] -- Up-to-date: /home/arbaaz/InterIIT_Code_Repository/install/warehouse_msgs/include/warehouse_msgs/warehouse_msgs
[3.739s] -- Up-to-date: /home/arbaaz/InterIIT_Code_Repository/install/warehouse_msgs/include/warehouse_msgs/warehouse_msgs/msg
[3.739s] -- Installing: /home/arbaaz/InterIIT_Code_Repository/install/warehouse_msgs/include/warehouse_msgs/warehouse_msgs/msg/rosidl_typesupport_fastrtps_c__visibility_control.h
[3.739s] -- Up-to-date: /home/arbaaz/InterIIT_Code_Repository/install/warehouse_msgs/include/warehouse_msgs/warehouse_msgs/srv
[3.739s] -- Up-to-date: /home/arbaaz/InterIIT_Code_Repository/install/warehouse_msgs/include/warehouse_msgs/warehouse_msgs/srv/detail
[3.739s] -- Installing: /home/arbaaz/InterIIT_Code_Repository/install/warehouse_msgs/include/warehouse_msgs/warehouse_msgs/srv/detail/localisation__rosidl_typesupport_fastrtps_c.h
[3.740s] -- Installing: /home/arbaaz/InterIIT_Code_Repository/install/warehouse_msgs/lib/libwarehouse_msgs__rosidl_typesupport_fastrtps_c.so
[3.740s] -- Set runtime path of "/home/arbaaz/InterIIT_Code_Repository/install/warehouse_msgs/lib/libwarehouse_msgs__rosidl_typesupport_fastrtps_c.so" to ""
[3.740s] -- Up-to-date: /home/arbaaz/InterIIT_Code_Repository/install/warehouse_msgs/include/warehouse_msgs/warehouse_msgs
[3.740s] -- Up-to-date: /home/arbaaz/InterIIT_Code_Repository/install/warehouse_msgs/include/warehouse_msgs/warehouse_msgs/msg
[3.740s] -- Installing: /home/arbaaz/InterIIT_Code_Repository/install/warehouse_msgs/include/warehouse_msgs/warehouse_msgs/msg/rosidl_typesupport_introspection_c__visibility_control.h
[3.740s] -- Up-to-date: /home/arbaaz/InterIIT_Code_Repository/install/warehouse_msgs/include/warehouse_msgs/warehouse_msgs/srv
[3.740s] -- Up-to-date: /home/arbaaz/InterIIT_Code_Repository/install/warehouse_msgs/include/warehouse_msgs/warehouse_msgs/srv/detail
[3.740s] -- Installing: /home/arbaaz/InterIIT_Code_Repository/install/warehouse_msgs/include/warehouse_msgs/warehouse_msgs/srv/detail/localisation__type_support.c
[3.740s] -- Installing: /home/arbaaz/InterIIT_Code_Repository/install/warehouse_msgs/include/warehouse_msgs/warehouse_msgs/srv/detail/localisation__rosidl_typesupport_introspection_c.h
[3.740s] -- Installing: /home/arbaaz/InterIIT_Code_Repository/install/warehouse_msgs/lib/libwarehouse_msgs__rosidl_typesupport_introspection_c.so
[3.741s] -- Set runtime path of "/home/arbaaz/InterIIT_Code_Repository/install/warehouse_msgs/lib/libwarehouse_msgs__rosidl_typesupport_introspection_c.so" to ""
[3.741s] -- Installing: /home/arbaaz/InterIIT_Code_Repository/install/warehouse_msgs/lib/libwarehouse_msgs__rosidl_typesupport_c.so
[3.741s] -- Set runtime path of "/home/arbaaz/InterIIT_Code_Repository/install/warehouse_msgs/lib/libwarehouse_msgs__rosidl_typesupport_c.so" to ""
[3.741s] -- Up-to-date: /home/arbaaz/InterIIT_Code_Repository/install/warehouse_msgs/include/warehouse_msgs/warehouse_msgs
[3.741s] -- Up-to-date: /home/arbaaz/InterIIT_Code_Repository/install/warehouse_msgs/include/warehouse_msgs/warehouse_msgs/msg
[3.741s] -- Installing: /home/arbaaz/InterIIT_Code_Repository/install/warehouse_msgs/include/warehouse_msgs/warehouse_msgs/msg/rosidl_generator_cpp__visibility_control.hpp
[3.741s] -- Up-to-date: /home/arbaaz/InterIIT_Code_Repository/install/warehouse_msgs/include/warehouse_msgs/warehouse_msgs/srv
[3.741s] -- Installing: /home/arbaaz/InterIIT_Code_Repository/install/warehouse_msgs/include/warehouse_msgs/warehouse_msgs/srv/localisation.hpp
[3.741s] -- Up-to-date: /home/arbaaz/InterIIT_Code_Repository/install/warehouse_msgs/include/warehouse_msgs/warehouse_msgs/srv/detail
[3.741s] -- Installing: /home/arbaaz/InterIIT_Code_Repository/install/warehouse_msgs/include/warehouse_msgs/warehouse_msgs/srv/detail/localisation__traits.hpp
[3.742s] -- Installing: /home/arbaaz/InterIIT_Code_Repository/install/warehouse_msgs/include/warehouse_msgs/warehouse_msgs/srv/detail/localisation__struct.hpp
[3.742s] -- Installing: /home/arbaaz/InterIIT_Code_Repository/install/warehouse_msgs/include/warehouse_msgs/warehouse_msgs/srv/detail/localisation__type_support.hpp
[3.742s] -- Installing: /home/arbaaz/InterIIT_Code_Repository/install/warehouse_msgs/include/warehouse_msgs/warehouse_msgs/srv/detail/localisation__builder.hpp
[3.742s] -- Up-to-date: /home/arbaaz/InterIIT_Code_Repository/install/warehouse_msgs/include/warehouse_msgs/warehouse_msgs
[3.742s] -- Up-to-date: /home/arbaaz/InterIIT_Code_Repository/install/warehouse_msgs/include/warehouse_msgs/warehouse_msgs/msg
[3.742s] -- Installing: /home/arbaaz/InterIIT_Code_Repository/install/warehouse_msgs/include/warehouse_msgs/warehouse_msgs/msg/rosidl_typesupport_fastrtps_cpp__visibility_control.h
[3.742s] -- Up-to-date: /home/arbaaz/InterIIT_Code_Repository/install/warehouse_msgs/include/warehouse_msgs/warehouse_msgs/srv
[3.742s] -- Up-to-date: /home/arbaaz/InterIIT_Code_Repository/install/warehouse_msgs/include/warehouse_msgs/warehouse_msgs/srv/detail
[3.742s] -- Installing: /home/arbaaz/InterIIT_Code_Repository/install/warehouse_msgs/include/warehouse_msgs/warehouse_msgs/srv/detail/localisation__rosidl_typesupport_fastrtps_cpp.hpp
[3.742s] -- Installing: /home/arbaaz/InterIIT_Code_Repository/install/warehouse_msgs/include/warehouse_msgs/warehouse_msgs/srv/detail/dds_fastrtps
[3.743s] -- Installing: /home/arbaaz/InterIIT_Code_Repository/install/warehouse_msgs/lib/libwarehouse_msgs__rosidl_typesupport_fastrtps_cpp.so
[3.743s] -- Set runtime path of "/home/arbaaz/InterIIT_Code_Repository/install/warehouse_msgs/lib/libwarehouse_msgs__rosidl_typesupport_fastrtps_cpp.so" to ""
[3.743s] -- Up-to-date: /home/arbaaz/InterIIT_Code_Repository/install/warehouse_msgs/include/warehouse_msgs/warehouse_msgs
[3.743s] -- Up-to-date: /home/arbaaz/InterIIT_Code_Repository/install/warehouse_msgs/include/warehouse_msgs/warehouse_msgs/srv
[3.743s] -- Up-to-date: /home/arbaaz/InterIIT_Code_Repository/install/warehouse_msgs/include/warehouse_msgs/warehouse_msgs/srv/detail
[3.743s] -- Installing: /home/arbaaz/InterIIT_Code_Repository/install/warehouse_msgs/include/warehouse_msgs/warehouse_msgs/srv/detail/localisation__type_support.cpp
[3.743s] -- Installing: /home/arbaaz/InterIIT_Code_Repository/install/warehouse_msgs/include/warehouse_msgs/warehouse_msgs/srv/detail/localisation__rosidl_typesupport_introspection_cpp.hpp
[3.743s] -- Installing: /home/arbaaz/InterIIT_Code_Repository/install/warehouse_msgs/lib/libwarehouse_msgs__rosidl_typesupport_introspection_cpp.so
[3.744s] -- Set runtime path of "/home/arbaaz/InterIIT_Code_Repository/install/warehouse_msgs/lib/libwarehouse_msgs__rosidl_typesupport_introspection_cpp.so" to ""
[3.744s] -- Installing: /home/arbaaz/InterIIT_Code_Repository/install/warehouse_msgs/lib/libwarehouse_msgs__rosidl_typesupport_cpp.so
[3.744s] -- Set runtime path of "/home/arbaaz/InterIIT_Code_Repository/install/warehouse_msgs/lib/libwarehouse_msgs__rosidl_typesupport_cpp.so" to ""
[3.744s] -- Installing: /home/arbaaz/InterIIT_Code_Repository/install/warehouse_msgs/share/warehouse_msgs/environment/pythonpath.sh
[3.744s] -- Installing: /home/arbaaz/InterIIT_Code_Repository/install/warehouse_msgs/share/warehouse_msgs/environment/pythonpath.dsv
[3.744s] -- Installing: /home/arbaaz/InterIIT_Code_Repository/install/warehouse_msgs/local/lib/python3.10/dist-packages/warehouse_msgs-0.0.1-py3.10.egg-info
[3.745s] -- Installing: /home/arbaaz/InterIIT_Code_Repository/install/warehouse_msgs/local/lib/python3.10/dist-packages/warehouse_msgs-0.0.1-py3.10.egg-info/PKG-INFO
[3.745s] -- Installing: /home/arbaaz/InterIIT_Code_Repository/install/warehouse_msgs/local/lib/python3.10/dist-packages/warehouse_msgs-0.0.1-py3.10.egg-info/SOURCES.txt
[3.745s] -- Installing: /home/arbaaz/InterIIT_Code_Repository/install/warehouse_msgs/local/lib/python3.10/dist-packages/warehouse_msgs-0.0.1-py3.10.egg-info/dependency_links.txt
[3.745s] -- Installing: /home/arbaaz/InterIIT_Code_Repository/install/warehouse_msgs/local/lib/python3.10/dist-packages/warehouse_msgs-0.0.1-py3.10.egg-info/top_level.txt
[3.745s] -- Installing: /home/arbaaz/InterIIT_Code_Repository/install/warehouse_msgs/local/lib/python3.10/dist-packages/warehouse_msgs
[3.745s] -- Installing: /home/arbaaz/InterIIT_Code_Repository/install/warehouse_msgs/local/lib/python3.10/dist-packages/warehouse_msgs/_warehouse_msgs_s.ep.rosidl_typesupport_c.c
[3.745s] -- Installing: /home/arbaaz/InterIIT_Code_Repository/install/warehouse_msgs/local/lib/python3.10/dist-packages/warehouse_msgs/warehouse_msgs_s__rosidl_typesupport_introspection_c.cpython-310-x86_64-linux-gnu.so
[3.745s] -- Installing: /home/arbaaz/InterIIT_Code_Repository/install/warehouse_msgs/local/lib/python3.10/dist-packages/warehouse_msgs/warehouse_msgs_s__rosidl_typesupport_fastrtps_c.cpython-310-x86_64-linux-gnu.so
[3.746s] -- Installing: /home/arbaaz/InterIIT_Code_Repository/install/warehouse_msgs/local/lib/python3.10/dist-packages/warehouse_msgs/_warehouse_msgs_s.ep.rosidl_typesupport_introspection_c.c
[3.746s] -- Installing: /home/arbaaz/InterIIT_Code_Repository/install/warehouse_msgs/local/lib/python3.10/dist-packages/warehouse_msgs/_warehouse_msgs_s.ep.rosidl_typesupport_fastrtps_c.c
[3.746s] -- Installing: /home/arbaaz/InterIIT_Code_Repository/install/warehouse_msgs/local/lib/python3.10/dist-packages/warehouse_msgs/__init__.py
[3.746s] -- Installing: /home/arbaaz/InterIIT_Code_Repository/install/warehouse_msgs/local/lib/python3.10/dist-packages/warehouse_msgs/libwarehouse_msgs__rosidl_generator_py.so
[3.746s] -- Installing: /home/arbaaz/InterIIT_Code_Repository/install/warehouse_msgs/local/lib/python3.10/dist-packages/warehouse_msgs/warehouse_msgs_s__rosidl_typesupport_c.cpython-310-x86_64-linux-gnu.so
[3.746s] -- Installing: /home/arbaaz/InterIIT_Code_Repository/install/warehouse_msgs/local/lib/python3.10/dist-packages/warehouse_msgs/srv
[3.746s] -- Installing: /home/arbaaz/InterIIT_Code_Repository/install/warehouse_msgs/local/lib/python3.10/dist-packages/warehouse_msgs/srv/_localisation.py
[3.747s] -- Installing: /home/arbaaz/InterIIT_Code_Repository/install/warehouse_msgs/local/lib/python3.10/dist-packages/warehouse_msgs/srv/__init__.py
[3.747s] -- Installing: /home/arbaaz/InterIIT_Code_Repository/install/warehouse_msgs/local/lib/python3.10/dist-packages/warehouse_msgs/srv/_localisation_s.c
[3.782s] Listing '/home/arbaaz/InterIIT_Code_Repository/install/warehouse_msgs/local/lib/python3.10/dist-packages/warehouse_msgs'...
[3.782s] Compiling '/home/arbaaz/InterIIT_Code_Repository/install/warehouse_msgs/local/lib/python3.10/dist-packages/warehouse_msgs/__init__.py'...
[3.782s] Listing '/home/arbaaz/InterIIT_Code_Repository/install/warehouse_msgs/local/lib/python3.10/dist-packages/warehouse_msgs/srv'...
[3.782s] Compiling '/home/arbaaz/InterIIT_Code_Repository/install/warehouse_msgs/local/lib/python3.10/dist-packages/warehouse_msgs/srv/__init__.py'...
[3.782s] Compiling '/home/arbaaz/InterIIT_Code_Repository/install/warehouse_msgs/local/lib/python3.10/dist-packages/warehouse_msgs/srv/_localisation.py'...
[3.788s] -- Installing: /home/arbaaz/InterIIT_Code_Repository/install/warehouse_msgs/local/lib/python3.10/dist-packages/warehouse_msgs/warehouse_msgs_s__rosidl_typesupport_fastrtps_c.cpython-310-x86_64-linux-gnu.so
[3.788s] -- Set runtime path of "/home/arbaaz/InterIIT_Code_Repository/install/warehouse_msgs/local/lib/python3.10/dist-packages/warehouse_msgs/warehouse_msgs_s__rosidl_typesupport_fastrtps_c.cpython-310-x86_64-linux-gnu.so" to ""
[3.789s] -- Installing: /home/arbaaz/InterIIT_Code_Repository/install/warehouse_msgs/local/lib/python3.10/dist-packages/warehouse_msgs/warehouse_msgs_s__rosidl_typesupport_introspection_c.cpython-310-x86_64-linux-gnu.so
[3.789s] -- Set runtime path of "/home/arbaaz/InterIIT_Code_Repository/install/warehouse_msgs/local/lib/python3.10/dist-packages/warehouse_msgs/warehouse_msgs_s__rosidl_typesupport_introspection_c.cpython-310-x86_64-linux-gnu.so" to ""
[3.789s] -- Installing: /home/arbaaz/InterIIT_Code_Repository/install/warehouse_msgs/local/lib/python3.10/dist-packages/warehouse_msgs/warehouse_msgs_s__rosidl_typesupport_c.cpython-310-x86_64-linux-gnu.so
[3.789s] -- Set runtime path of "/home/arbaaz/InterIIT_Code_Repository/install/warehouse_msgs/local/lib/python3.10/dist-packages/warehouse_msgs/warehouse_msgs_s__rosidl_typesupport_c.cpython-310-x86_64-linux-gnu.so" to ""
[3.790s] -- Installing: /home/arbaaz/InterIIT_Code_Repository/install/warehouse_msgs/lib/libwarehouse_msgs__rosidl_generator_py.so
[3.790s] -- Set runtime path of "/home/arbaaz/InterIIT_Code_Repository/install/warehouse_msgs/lib/libwarehouse_msgs__rosidl_generator_py.so" to ""
[3.790s] -- Installing: /home/arbaaz/InterIIT_Code_Repository/install/warehouse_msgs/share/warehouse_msgs/srv/Localisation.idl
[3.790s] -- Installing: /home/arbaaz/InterIIT_Code_Repository/install/warehouse_msgs/share/warehouse_msgs/srv/Localisation.srv
[3.790s] -- Installing: /home/arbaaz/InterIIT_Code_Repository/install/warehouse_msgs/share/warehouse_msgs/srv/Localisation_Request.msg
[3.790s] -- Installing: /home/arbaaz/InterIIT_Code_Repository/install/warehouse_msgs/share/warehouse_msgs/srv/Localisation_Response.msg
[3.790s] -- Installing: /home/arbaaz/InterIIT_Code_Repository/install/warehouse_msgs/share/ament_index/resource_index/package_run_dependencies/warehouse_msgs
[3.791s] -- Installing: /home/arbaaz/InterIIT_Code_Repository/install/warehouse_msgs/share/ament_index/resource_index/parent_prefix_path/warehouse_msgs
[3.791s] -- Installing: /home/arbaaz/InterIIT_Code_Repository/install/warehouse_msgs/share/warehouse_msgs/environment/ament_prefix_path.sh
[3.791s] -- Installing: /home/arbaaz/InterIIT_Code_Repository/install/warehouse_msgs/share/warehouse_msgs/environment/ament_prefix_path.dsv
[3.791s] -- Installing: /home/arbaaz/InterIIT_Code_Repository/install/warehouse_msgs/share/warehouse_msgs/environment/path.sh
[3.791s] -- Installing: /home/arbaaz/InterIIT_Code_Repository/install/warehouse_msgs/share/warehouse_msgs/environment/path.dsv
[3.791s] -- Installing: /home/arbaaz/InterIIT_Code_Repository/install/warehouse_msgs/share/warehouse_msgs/local_setup.bash
[3.791s] -- Installing: /home/arbaaz/InterIIT_Code_Repository/install/warehouse_msgs/share/warehouse_msgs/local_setup.sh
[3.791s] -- Installing: /home/arbaaz/InterIIT_Code_Repository/install/warehouse_msgs/share/warehouse_msgs/local_setup.zsh
[3.792s] -- Installing: /home/arbaaz/InterIIT_Code_Repository/install/warehouse_msgs/share/warehouse_msgs/local_setup.dsv
[3.792s] -- Installing: /home/arbaaz/InterIIT_Code_Repository/install/warehouse_msgs/share/warehouse_msgs/package.dsv
[3.792s] -- Installing: /home/arbaaz/InterIIT_Code_Repository/install/warehouse_msgs/share/ament_index/resource_index/packages/warehouse_msgs
[3.792s] -- Installing: /home/arbaaz/InterIIT_Code_Repository/install/warehouse_msgs/share/warehouse_msgs/cmake/export_warehouse_msgs__rosidl_generator_cExport.cmake
[3.792s] -- Installing: /home/arbaaz/InterIIT_Code_Repository/install/warehouse_msgs/share/warehouse_msgs/cmake/export_warehouse_msgs__rosidl_generator_cExport-noconfig.cmake
[3.792s] -- Installing: /home/arbaaz/InterIIT_Code_Repository/install/warehouse_msgs/share/warehouse_msgs/cmake/export_warehouse_msgs__rosidl_typesupport_fastrtps_cExport.cmake
[3.793s] -- Installing: /home/arbaaz/InterIIT_Code_Repository/install/warehouse_msgs/share/warehouse_msgs/cmake/export_warehouse_msgs__rosidl_typesupport_fastrtps_cExport-noconfig.cmake
[3.793s] -- Installing: /home/arbaaz/InterIIT_Code_Repository/install/warehouse_msgs/share/warehouse_msgs/cmake/warehouse_msgs__rosidl_typesupport_introspection_cExport.cmake
[3.793s] -- Installing: /home/arbaaz/InterIIT_Code_Repository/install/warehouse_msgs/share/warehouse_msgs/cmake/warehouse_msgs__rosidl_typesupport_introspection_cExport-noconfig.cmake
[3.793s] -- Installing: /home/arbaaz/InterIIT_Code_Repository/install/warehouse_msgs/share/warehouse_msgs/cmake/warehouse_msgs__rosidl_typesupport_cExport.cmake
[3.793s] -- Installing: /home/arbaaz/InterIIT_Code_Repository/install/warehouse_msgs/share/warehouse_msgs/cmake/warehouse_msgs__rosidl_typesupport_cExport-noconfig.cmake
[3.793s] -- Installing: /home/arbaaz/InterIIT_Code_Repository/install/warehouse_msgs/share/warehouse_msgs/cmake/export_warehouse_msgs__rosidl_generator_cppExport.cmake
[3.793s] -- Installing: /home/arbaaz/InterIIT_Code_Repository/install/warehouse_msgs/share/warehouse_msgs/cmake/export_warehouse_msgs__rosidl_typesupport_fastrtps_cppExport.cmake
[3.794s] -- Installing: /home/arbaaz/InterIIT_Code_Repository/install/warehouse_msgs/share/warehouse_msgs/cmake/export_warehouse_msgs__rosidl_typesupport_fastrtps_cppExport-noconfig.cmake
[3.794s] -- Installing: /home/arbaaz/InterIIT_Code_Repository/install/warehouse_msgs/share/warehouse_msgs/cmake/warehouse_msgs__rosidl_typesupport_introspection_cppExport.cmake
[3.794s] -- Installing: /home/arbaaz/InterIIT_Code_Repository/install/warehouse_msgs/share/warehouse_msgs/cmake/warehouse_msgs__rosidl_typesupport_introspection_cppExport-noconfig.cmake
[3.794s] -- Installing: /home/arbaaz/InterIIT_Code_Repository/install/warehouse_msgs/share/warehouse_msgs/cmake/warehouse_msgs__rosidl_typesupport_cppExport.cmake
[3.794s] -- Installing: /home/arbaaz/InterIIT_Code_Repository/install/warehouse_msgs/share/warehouse_msgs/cmake/warehouse_msgs__rosidl_typesupport_cppExport-noconfig.cmake
[3.794s] -- Installing: /home/arbaaz/InterIIT_Code_Repository/install/warehouse_msgs/share/warehouse_msgs/cmake/export_warehouse_msgs__rosidl_generator_pyExport.cmake
[3.795s] -- Installing: /home/arbaaz/InterIIT_Code_Repository/install/warehouse_msgs/share/warehouse_msgs/cmake/export_warehouse_msgs__rosidl_generator_pyExport-noconfig.cmake
[3.795s] -- Installing: /home/arbaaz/InterIIT_Code_Repository/install/warehouse_msgs/share/warehouse_msgs/cmake/rosidl_cmake-extras.cmake
[3.795s] -- Installing: /home/arbaaz/InterIIT_Code_Repository/install/warehouse_msgs/share/warehouse_msgs/cmake/ament_cmake_export_dependencies-extras.cmake
[3.795s] -- Installing: /home/arbaaz/InterIIT_Code_Repository/install/warehouse_msgs/share/warehouse_msgs/cmake/ament_cmake_export_include_directories-extras.cmake
[3.795s] -- Installing: /home/arbaaz/InterIIT_Code_Repository/install/warehouse_msgs/share/warehouse_msgs/cmake/ament_cmake_export_libraries-extras.cmake
[3.795s] -- Installing: /home/arbaaz/InterIIT_Code_Repository/install/warehouse_msgs/share/warehouse_msgs/cmake/ament_cmake_export_targets-extras.cmake
[3.795s] -- Installing: /home/arbaaz/InterIIT_Code_Repository/install/warehouse_msgs/share/warehouse_msgs/cmake/rosidl_cmake_export_typesupport_targets-extras.cmake
[3.796s] -- Installing: /home/arbaaz/InterIIT_Code_Repository/install/warehouse_msgs/share/warehouse_msgs/cmake/rosidl_cmake_export_typesupport_libraries-extras.cmake
[3.796s] -- Installing: /home/arbaaz/InterIIT_Code_Repository/install/warehouse_msgs/share/warehouse_msgs/cmake/warehouse_msgsConfig.cmake
[3.796s] -- Installing: /home/arbaaz/InterIIT_Code_Repository/install/warehouse_msgs/share/warehouse_msgs/cmake/warehouse_msgsConfig-version.cmake
[3.796s] -- Installing: /home/arbaaz/InterIIT_Code_Repository/install/warehouse_msgs/share/warehouse_msgs/package.xml
[3.799s] Invoked command in '/home/arbaaz/InterIIT_Code_Repository/build/warehouse_msgs' returned '0': CMAKE_PREFIX_PATH=${CMAKE_PREFIX_PATH}:/home/arbaaz/InterIIT_Code_Repository/install/warehouse_robot_bringup:/home/arbaaz/InterIIT_Code_Repository/install/warehouse_scanning:/home/arbaaz/InterIIT_Code_Repository/install/warehouse_hmi:/opt/ros/humble /usr/bin/cmake --install /home/arbaaz/InterIIT_Code_Repository/build/warehouse_msgs
