[0.096s] DEBUG:colcon:Command line arguments: ['/usr/bin/colcon', 'build', '--executor', 'sequential']
[0.096s] DEBUG:colcon:Parsed command line arguments: Namespace(log_base=None, log_level=None, verb_name='build', build_base='build', install_base='install', merge_install=False, symlink_install=False, test_result_base=None, continue_on_error=False, executor='sequential', parallel_workers=12, event_handlers=None, ignore_user_meta=False, metas=['./colcon.meta'], base_paths=['.'], packages_ignore=None, packages_ignore_regex=None, paths=None, packages_up_to=None, packages_up_to_regex=None, packages_above=None, packages_above_and_dependencies=None, packages_above_depth=None, packages_select_by_dep=None, packages_skip_by_dep=None, packages_skip_up_to=None, packages_select_build_failed=False, packages_skip_build_finished=False, packages_select_test_failures=False, packages_skip_test_passed=False, packages_select=None, packages_skip=None, packages_select_regex=None, packages_skip_regex=None, packages_start=None, packages_end=None, allow_overriding=[], cmake_args=None, cmake_target=None, cmake_target_skip_unavailable=False, cmake_clean_cache=False, cmake_clean_first=False, cmake_force_configure=False, ament_cmake_args=None, catkin_cmake_args=None, catkin_skip_building_tests=False, mixin_files=None, mixin=None, verb_parser=<colcon_mixin.mixin.mixin_argument.MixinArgumentDecorator object at 0x7b72d8367b80>, verb_extension=<colcon_core.verb.build.BuildVerb object at 0x7b72d83676d0>, main=<bound method BuildVerb.main of <colcon_core.verb.build.BuildVerb object at 0x7b72d83676d0>>, mixin_verb=('build',))
[0.261s] Level 1:colcon.colcon_core.package_discovery:discover_packages(colcon_meta) check parameters
[0.261s] Level 1:colcon.colcon_core.package_discovery:discover_packages(recursive) check parameters
[0.261s] Level 1:colcon.colcon_core.package_discovery:discover_packages(ignore) check parameters
[0.261s] Level 1:colcon.colcon_core.package_discovery:discover_packages(path) check parameters
[0.261s] Level 1:colcon.colcon_core.package_discovery:discover_packages(colcon_meta) discover
[0.261s] Level 1:colcon.colcon_core.package_discovery:discover_packages(recursive) discover
[0.261s] INFO:colcon.colcon_core.package_discovery:Crawling recursively for packages in '/home/arbaaz/InterIIT_Code_Repository'
[0.261s] Level 1:colcon.colcon_core.package_identification:_identify(.) by extensions ['ignore', 'ignore_ament_install']
[0.262s] Level 1:colcon.colcon_core.package_identification:_identify(.) by extension 'ignore'
[0.262s] Level 1:colcon.colcon_core.package_identification:_identify(.) by extension 'ignore_ament_install'
[0.262s] Level 1:colcon.colcon_core.package_identification:_identify(.) by extensions ['colcon_pkg']
[0.262s] Level 1:colcon.colcon_core.package_identification:_identify(.) by extension 'colcon_pkg'
[0.262s] Level 1:colcon.colcon_core.package_identification:_identify(.) by extensions ['colcon_meta']
[0.262s] Level 1:colcon.colcon_core.package_identification:_identify(.) by extension 'colcon_meta'
[0.262s] Level 1:colcon.colcon_core.package_identification:_identify(.) by extensions ['ros']
[0.262s] Level 1:colcon.colcon_core.package_identification:_identify(.) by extension 'ros'
[0.285s] Level 1:colcon.colcon_core.package_identification:_identify(.) by extensions ['cmake', 'python']
[0.285s] Level 1:colcon.colcon_core.package_identification:_identify(.) by extension 'cmake'
[0.285s] Level 1:colcon.colcon_core.package_identification:_identify(.) by extension 'python'
[0.285s] Level 1:colcon.colcon_core.package_identification:_identify(.) by extensions ['python_setup_py']
[0.285s] Level 1:colcon.colcon_core.package_identification:_identify(.) by extension 'python_setup_py'
[0.285s] Level 1:colcon.colcon_core.package_identification:_identify(build) by extensions ['ignore', 'ignore_ament_install']
[0.286s] Level 1:colcon.colcon_core.package_identification:_identify(build) by extension 'ignore'
[0.286s] Level 1:colcon.colcon_core.package_identification:_identify(build) ignored
[0.286s] Level 1:colcon.colcon_core.package_identification:_identify(docs) by extensions ['ignore', 'ignore_ament_install']
[0.286s] Level 1:colcon.colcon_core.package_identification:_identify(docs) by extension 'ignore'
[0.286s] Level 1:colcon.colcon_core.package_identification:_identify(docs) by extension 'ignore_ament_install'
[0.286s] Level 1:colcon.colcon_core.package_identification:_identify(docs) by extensions ['colcon_pkg']
[0.286s] Level 1:colcon.colcon_core.package_identification:_identify(docs) by extension 'colcon_pkg'
[0.286s] Level 1:colcon.colcon_core.package_identification:_identify(docs) by extensions ['colcon_meta']
[0.286s] Level 1:colcon.colcon_core.package_identification:_identify(docs) by extension 'colcon_meta'
[0.286s] Level 1:colcon.colcon_core.package_identification:_identify(docs) by extensions ['ros']
[0.286s] Level 1:colcon.colcon_core.package_identification:_identify(docs) by extension 'ros'
[0.286s] Level 1:colcon.colcon_core.package_identification:_identify(docs) by extensions ['cmake', 'python']
[0.286s] Level 1:colcon.colcon_core.package_identification:_identify(docs) by extension 'cmake'
[0.286s] Level 1:colcon.colcon_core.package_identification:_identify(docs) by extension 'python'
[0.286s] Level 1:colcon.colcon_core.package_identification:_identify(docs) by extensions ['python_setup_py']
[0.286s] Level 1:colcon.colcon_core.package_identification:_identify(docs) by extension 'python_setup_py'
[0.286s] Level 1:colcon.colcon_core.package_identification:_identify(install) by extensions ['ignore', 'ignore_ament_install']
[0.286s] Level 1:colcon.colcon_core.package_identification:_identify(install) by extension 'ignore'
[0.286s] Level 1:colcon.colcon_core.package_identification:_identify(install) ignored
[0.286s] Level 1:colcon.colcon_core.package_identification:_identify(log) by extensions ['ignore', 'ignore_ament_install']
[0.286s] Level 1:colcon.colcon_core.package_identification:_identify(log) by extension 'ignore'
[0.286s] Level 1:colcon.colcon_core.package_identification:_identify(log) ignored
[0.287s] Level 1:colcon.colcon_core.package_identification:_identify(src) by extensions ['ignore', 'ignore_ament_install']
[0.287s] Level 1:colcon.colcon_core.package_identification:_identify(src) by extension 'ignore'
[0.287s] Level 1:colcon.colcon_core.package_identification:_identify(src) by extension 'ignore_ament_install'
[0.287s] Level 1:colcon.colcon_core.package_identification:_identify(src) by extensions ['colcon_pkg']
[0.287s] Level 1:colcon.colcon_core.package_identification:_identify(src) by extension 'colcon_pkg'
[0.287s] Level 1:colcon.colcon_core.package_identification:_identify(src) by extensions ['colcon_meta']
[0.287s] Level 1:colcon.colcon_core.package_identification:_identify(src) by extension 'colcon_meta'
[0.287s] Level 1:colcon.colcon_core.package_identification:_identify(src) by extensions ['ros']
[0.287s] Level 1:colcon.colcon_core.package_identification:_identify(src) by extension 'ros'
[0.287s] Level 1:colcon.colcon_core.package_identification:_identify(src) by extensions ['cmake', 'python']
[0.287s] Level 1:colcon.colcon_core.package_identification:_identify(src) by extension 'cmake'
[0.287s] Level 1:colcon.colcon_core.package_identification:_identify(src) by extension 'python'
[0.287s] Level 1:colcon.colcon_core.package_identification:_identify(src) by extensions ['python_setup_py']
[0.287s] Level 1:colcon.colcon_core.package_identification:_identify(src) by extension 'python_setup_py'
[0.287s] Level 1:colcon.colcon_core.package_identification:_identify(src/warehouse_hmi) by extensions ['ignore', 'ignore_ament_install']
[0.287s] Level 1:colcon.colcon_core.package_identification:_identify(src/warehouse_hmi) by extension 'ignore'
[0.287s] Level 1:colcon.colcon_core.package_identification:_identify(src/warehouse_hmi) by extension 'ignore_ament_install'
[0.287s] Level 1:colcon.colcon_core.package_identification:_identify(src/warehouse_hmi) by extensions ['colcon_pkg']
[0.287s] Level 1:colcon.colcon_core.package_identification:_identify(src/warehouse_hmi) by extension 'colcon_pkg'
[0.287s] Level 1:colcon.colcon_core.package_identification:_identify(src/warehouse_hmi) by extensions ['colcon_meta']
[0.287s] Level 1:colcon.colcon_core.package_identification:_identify(src/warehouse_hmi) by extension 'colcon_meta'
[0.287s] Level 1:colcon.colcon_core.package_identification:_identify(src/warehouse_hmi) by extensions ['ros']
[0.287s] Level 1:colcon.colcon_core.package_identification:_identify(src/warehouse_hmi) by extension 'ros'
[0.290s] DEBUG:colcon.colcon_core.package_identification:Package 'src/warehouse_hmi' with type 'ros.ament_python' and name 'warehouse_hmi'
[0.290s] Level 1:colcon.colcon_core.package_identification:_identify(src/warehouse_msgs) by extensions ['ignore', 'ignore_ament_install']
[0.290s] Level 1:colcon.colcon_core.package_identification:_identify(src/warehouse_msgs) by extension 'ignore'
[0.290s] Level 1:colcon.colcon_core.package_identification:_identify(src/warehouse_msgs) by extension 'ignore_ament_install'
[0.290s] Level 1:colcon.colcon_core.package_identification:_identify(src/warehouse_msgs) by extensions ['colcon_pkg']
[0.290s] Level 1:colcon.colcon_core.package_identification:_identify(src/warehouse_msgs) by extension 'colcon_pkg'
[0.290s] Level 1:colcon.colcon_core.package_identification:_identify(src/warehouse_msgs) by extensions ['colcon_meta']
[0.290s] Level 1:colcon.colcon_core.package_identification:_identify(src/warehouse_msgs) by extension 'colcon_meta'
[0.290s] Level 1:colcon.colcon_core.package_identification:_identify(src/warehouse_msgs) by extensions ['ros']
[0.290s] Level 1:colcon.colcon_core.package_identification:_identify(src/warehouse_msgs) by extension 'ros'
[0.291s] DEBUG:colcon.colcon_core.package_identification:Package 'src/warehouse_msgs' with type 'ros.ament_cmake' and name 'warehouse_msgs'
[0.291s] Level 1:colcon.colcon_core.package_identification:_identify(src/warehouse_navigation) by extensions ['ignore', 'ignore_ament_install']
[0.291s] Level 1:colcon.colcon_core.package_identification:_identify(src/warehouse_navigation) by extension 'ignore'
[0.291s] Level 1:colcon.colcon_core.package_identification:_identify(src/warehouse_navigation) by extension 'ignore_ament_install'
[0.291s] Level 1:colcon.colcon_core.package_identification:_identify(src/warehouse_navigation) by extensions ['colcon_pkg']
[0.291s] Level 1:colcon.colcon_core.package_identification:_identify(src/warehouse_navigation) by extension 'colcon_pkg'
[0.291s] Level 1:colcon.colcon_core.package_identification:_identify(src/warehouse_navigation) by extensions ['colcon_meta']
[0.291s] Level 1:colcon.colcon_core.package_identification:_identify(src/warehouse_navigation) by extension 'colcon_meta'
[0.291s] Level 1:colcon.colcon_core.package_identification:_identify(src/warehouse_navigation) by extensions ['ros']
[0.291s] Level 1:colcon.colcon_core.package_identification:_identify(src/warehouse_navigation) by extension 'ros'
[0.292s] DEBUG:colcon.colcon_core.package_identification:Package 'src/warehouse_navigation' with type 'ros.ament_cmake' and name 'warehouse_navigation'
[0.292s] Level 1:colcon.colcon_core.package_identification:_identify(src/warehouse_robot_bringup) by extensions ['ignore', 'ignore_ament_install']
[0.292s] Level 1:colcon.colcon_core.package_identification:_identify(src/warehouse_robot_bringup) by extension 'ignore'
[0.292s] Level 1:colcon.colcon_core.package_identification:_identify(src/warehouse_robot_bringup) by extension 'ignore_ament_install'
[0.292s] Level 1:colcon.colcon_core.package_identification:_identify(src/warehouse_robot_bringup) by extensions ['colcon_pkg']
[0.292s] Level 1:colcon.colcon_core.package_identification:_identify(src/warehouse_robot_bringup) by extension 'colcon_pkg'
[0.292s] Level 1:colcon.colcon_core.package_identification:_identify(src/warehouse_robot_bringup) by extensions ['colcon_meta']
[0.292s] Level 1:colcon.colcon_core.package_identification:_identify(src/warehouse_robot_bringup) by extension 'colcon_meta'
[0.292s] Level 1:colcon.colcon_core.package_identification:_identify(src/warehouse_robot_bringup) by extensions ['ros']
[0.292s] Level 1:colcon.colcon_core.package_identification:_identify(src/warehouse_robot_bringup) by extension 'ros'
[0.293s] DEBUG:colcon.colcon_core.package_identification:Package 'src/warehouse_robot_bringup' with type 'ros.ament_python' and name 'warehouse_robot_bringup'
[0.293s] Level 1:colcon.colcon_core.package_identification:_identify(src/warehouse_scanning) by extensions ['ignore', 'ignore_ament_install']
[0.293s] Level 1:colcon.colcon_core.package_identification:_identify(src/warehouse_scanning) by extension 'ignore'
[0.293s] Level 1:colcon.colcon_core.package_identification:_identify(src/warehouse_scanning) by extension 'ignore_ament_install'
[0.293s] Level 1:colcon.colcon_core.package_identification:_identify(src/warehouse_scanning) by extensions ['colcon_pkg']
[0.293s] Level 1:colcon.colcon_core.package_identification:_identify(src/warehouse_scanning) by extension 'colcon_pkg'
[0.293s] Level 1:colcon.colcon_core.package_identification:_identify(src/warehouse_scanning) by extensions ['colcon_meta']
[0.293s] Level 1:colcon.colcon_core.package_identification:_identify(src/warehouse_scanning) by extension 'colcon_meta'
[0.293s] Level 1:colcon.colcon_core.package_identification:_identify(src/warehouse_scanning) by extensions ['ros']
[0.293s] Level 1:colcon.colcon_core.package_identification:_identify(src/warehouse_scanning) by extension 'ros'
[0.294s] DEBUG:colcon.colcon_core.package_identification:Package 'src/warehouse_scanning' with type 'ros.ament_python' and name 'warehouse_scanning'
[0.294s] Level 1:colcon.colcon_core.package_discovery:discover_packages(recursive) using defaults
[0.294s] Level 1:colcon.colcon_core.package_discovery:discover_packages(ignore) discover
[0.294s] Level 1:colcon.colcon_core.package_discovery:discover_packages(ignore) using defaults
[0.294s] Level 1:colcon.colcon_core.package_discovery:discover_packages(path) discover
[0.294s] Level 1:colcon.colcon_core.package_discovery:discover_packages(path) using defaults
[0.311s] Level 1:colcon.colcon_core.package_discovery:discover_packages(prefix_path) check parameters
[0.311s] Level 1:colcon.colcon_core.package_discovery:discover_packages(prefix_path) discover
[0.312s] WARNING:colcon.colcon_ros.prefix_path.ament:The path '/home/arbaaz/InterIIT_Code_Repository/install/warehouse_robot_bringup' in the environment variable AMENT_PREFIX_PATH doesn't exist
[0.312s] WARNING:colcon.colcon_ros.prefix_path.ament:The path '/home/arbaaz/InterIIT_Code_Repository/install/warehouse_scanning' in the environment variable AMENT_PREFIX_PATH doesn't exist
[0.312s] WARNING:colcon.colcon_ros.prefix_path.ament:The path '/home/arbaaz/InterIIT_Code_Repository/install/warehouse_navigation' in the environment variable AMENT_PREFIX_PATH doesn't exist
[0.312s] WARNING:colcon.colcon_ros.prefix_path.ament:The path '/home/arbaaz/InterIIT_Code_Repository/install/warehouse_msgs' in the environment variable AMENT_PREFIX_PATH doesn't exist
[0.312s] WARNING:colcon.colcon_ros.prefix_path.ament:The path '/home/arbaaz/InterIIT_Code_Repository/install/warehouse_hmi' in the environment variable AMENT_PREFIX_PATH doesn't exist
[0.312s] WARNING:colcon.colcon_ros.prefix_path.catkin:The path '/home/arbaaz/InterIIT_Code_Repository/install/warehouse_navigation' in the environment variable CMAKE_PREFIX_PATH doesn't exist
[0.312s] WARNING:colcon.colcon_ros.prefix_path.catkin:The path '/home/arbaaz/InterIIT_Code_Repository/install/warehouse_msgs' in the environment variable CMAKE_PREFIX_PATH doesn't exist
[0.313s] DEBUG:colcon.colcon_installed_package_information.package_discovery:Found 0 installed packages in /home/arbaaz/InterIIT_Code_Repository/install
[0.315s] DEBUG:colcon.colcon_installed_package_information.package_discovery:Found 335 installed packages in /opt/ros/humble
[0.317s] Level 1:colcon.colcon_core.package_discovery:discover_packages(prefix_path) using defaults
[0.352s] Level 5:colcon.colcon_core.verb:set package 'warehouse_hmi' build argument 'cmake_args' from command line to 'None'
[0.352s] Level 5:colcon.colcon_core.verb:set package 'warehouse_hmi' build argument 'cmake_target' from command line to 'None'
[0.352s] Level 5:colcon.colcon_core.verb:set package 'warehouse_hmi' build argument 'cmake_target_skip_unavailable' from command line to 'False'
[0.352s] Level 5:colcon.colcon_core.verb:set package 'warehouse_hmi' build argument 'cmake_clean_cache' from command line to 'False'
[0.352s] Level 5:colcon.colcon_core.verb:set package 'warehouse_hmi' build argument 'cmake_clean_first' from command line to 'False'
[0.352s] Level 5:colcon.colcon_core.verb:set package 'warehouse_hmi' build argument 'cmake_force_configure' from command line to 'False'
[0.352s] Level 5:colcon.colcon_core.verb:set package 'warehouse_hmi' build argument 'ament_cmake_args' from command line to 'None'
[0.352s] Level 5:colcon.colcon_core.verb:set package 'warehouse_hmi' build argument 'catkin_cmake_args' from command line to 'None'
[0.352s] Level 5:colcon.colcon_core.verb:set package 'warehouse_hmi' build argument 'catkin_skip_building_tests' from command line to 'False'
[0.352s] DEBUG:colcon.colcon_core.verb:Building package 'warehouse_hmi' with the following arguments: {'ament_cmake_args': None, 'build_base': '/home/arbaaz/InterIIT_Code_Repository/build/warehouse_hmi', 'catkin_cmake_args': None, 'catkin_skip_building_tests': False, 'cmake_args': None, 'cmake_clean_cache': False, 'cmake_clean_first': False, 'cmake_force_configure': False, 'cmake_target': None, 'cmake_target_skip_unavailable': False, 'install_base': '/home/arbaaz/InterIIT_Code_Repository/install/warehouse_hmi', 'merge_install': False, 'path': '/home/arbaaz/InterIIT_Code_Repository/src/warehouse_hmi', 'symlink_install': False, 'test_result_base': None}
[0.352s] Level 5:colcon.colcon_core.verb:set package 'warehouse_msgs' build argument 'cmake_args' from command line to 'None'
[0.352s] Level 5:colcon.colcon_core.verb:set package 'warehouse_msgs' build argument 'cmake_target' from command line to 'None'
[0.352s] Level 5:colcon.colcon_core.verb:set package 'warehouse_msgs' build argument 'cmake_target_skip_unavailable' from command line to 'False'
[0.352s] Level 5:colcon.colcon_core.verb:set package 'warehouse_msgs' build argument 'cmake_clean_cache' from command line to 'False'
[0.352s] Level 5:colcon.colcon_core.verb:set package 'warehouse_msgs' build argument 'cmake_clean_first' from command line to 'False'
[0.352s] Level 5:colcon.colcon_core.verb:set package 'warehouse_msgs' build argument 'cmake_force_configure' from command line to 'False'
[0.352s] Level 5:colcon.colcon_core.verb:set package 'warehouse_msgs' build argument 'ament_cmake_args' from command line to 'None'
[0.352s] Level 5:colcon.colcon_core.verb:set package 'warehouse_msgs' build argument 'catkin_cmake_args' from command line to 'None'
[0.352s] Level 5:colcon.colcon_core.verb:set package 'warehouse_msgs' build argument 'catkin_skip_building_tests' from command line to 'False'
[0.352s] DEBUG:colcon.colcon_core.verb:Building package 'warehouse_msgs' with the following arguments: {'ament_cmake_args': None, 'build_base': '/home/arbaaz/InterIIT_Code_Repository/build/warehouse_msgs', 'catkin_cmake_args': None, 'catkin_skip_building_tests': False, 'cmake_args': None, 'cmake_clean_cache': False, 'cmake_clean_first': False, 'cmake_force_configure': False, 'cmake_target': None, 'cmake_target_skip_unavailable': False, 'install_base': '/home/arbaaz/InterIIT_Code_Repository/install/warehouse_msgs', 'merge_install': False, 'path': '/home/arbaaz/InterIIT_Code_Repository/src/warehouse_msgs', 'symlink_install': False, 'test_result_base': None}
[0.353s] Level 5:colcon.colcon_core.verb:set package 'warehouse_scanning' build argument 'cmake_args' from command line to 'None'
[0.353s] Level 5:colcon.colcon_core.verb:set package 'warehouse_scanning' build argument 'cmake_target' from command line to 'None'
[0.353s] Level 5:colcon.colcon_core.verb:set package 'warehouse_scanning' build argument 'cmake_target_skip_unavailable' from command line to 'False'
[0.353s] Level 5:colcon.colcon_core.verb:set package 'warehouse_scanning' build argument 'cmake_clean_cache' from command line to 'False'
[0.353s] Level 5:colcon.colcon_core.verb:set package 'warehouse_scanning' build argument 'cmake_clean_first' from command line to 'False'
[0.353s] Level 5:colcon.colcon_core.verb:set package 'warehouse_scanning' build argument 'cmake_force_configure' from command line to 'False'
[0.353s] Level 5:colcon.colcon_core.verb:set package 'warehouse_scanning' build argument 'ament_cmake_args' from command line to 'None'
[0.353s] Level 5:colcon.colcon_core.verb:set package 'warehouse_scanning' build argument 'catkin_cmake_args' from command line to 'None'
[0.353s] Level 5:colcon.colcon_core.verb:set package 'warehouse_scanning' build argument 'catkin_skip_building_tests' from command line to 'False'
[0.353s] DEBUG:colcon.colcon_core.verb:Building package 'warehouse_scanning' with the following arguments: {'ament_cmake_args': None, 'build_base': '/home/arbaaz/InterIIT_Code_Repository/build/warehouse_scanning', 'catkin_cmake_args': None, 'catkin_skip_building_tests': False, 'cmake_args': None, 'cmake_clean_cache': False, 'cmake_clean_first': False, 'cmake_force_configure': False, 'cmake_target': None, 'cmake_target_skip_unavailable': False, 'install_base': '/home/arbaaz/InterIIT_Code_Repository/install/warehouse_scanning', 'merge_install': False, 'path': '/home/arbaaz/InterIIT_Code_Repository/src/warehouse_scanning', 'symlink_install': False, 'test_result_base': None}
[0.353s] Level 5:colcon.colcon_core.verb:set package 'warehouse_navigation' build argument 'cmake_args' from command line to 'None'
[0.353s] Level 5:colcon.colcon_core.verb:set package 'warehouse_navigation' build argument 'cmake_target' from command line to 'None'
[0.353s] Level 5:colcon.colcon_core.verb:set package 'warehouse_navigation' build argument 'cmake_target_skip_unavailable' from command line to 'False'
[0.353s] Level 5:colcon.colcon_core.verb:set package 'warehouse_navigation' build argument 'cmake_clean_cache' from command line to 'False'
[0.353s] Level 5:colcon.colcon_core.verb:set package 'warehouse_navigation' build argument 'cmake_clean_first' from command line to 'False'
[0.353s] Level 5:colcon.colcon_core.verb:set package 'warehouse_navigation' build argument 'cmake_force_configure' from command line to 'False'
[0.353s] Level 5:colcon.colcon_core.verb:set package 'warehouse_navigation' build argument 'ament_cmake_args' from command line to 'None'
[0.353s] Level 5:colcon.colcon_core.verb:set package 'warehouse_navigation' build argument 'catkin_cmake_args' from command line to 'None'
[0.353s] Level 5:colcon.colcon_core.verb:set package 'warehouse_navigation' build argument 'catkin_skip_building_tests' from command line to 'False'
[0.353s] DEBUG:colcon.colcon_core.verb:Building package 'warehouse_navigation' with the following arguments: {'ament_cmake_args': None, 'build_base': '/home/arbaaz/InterIIT_Code_Repository/build/warehouse_navigation', 'catkin_cmake_args': None, 'catkin_skip_building_tests': False, 'cmake_args': None, 'cmake_clean_cache': False, 'cmake_clean_first': False, 'cmake_force_configure': False, 'cmake_target': None, 'cmake_target_skip_unavailable': False, 'install_base': '/home/arbaaz/InterIIT_Code_Repository/install/warehouse_navigation', 'merge_install': False, 'path': '/home/arbaaz/InterIIT_Code_Repository/src/warehouse_navigation', 'symlink_install': False, 'test_result_base': None}
[0.354s] Level 5:colcon.colcon_core.verb:set package 'warehouse_robot_bringup' build argument 'cmake_args' from command line to 'None'
[0.354s] Level 5:colcon.colcon_core.verb:set package 'warehouse_robot_bringup' build argument 'cmake_target' from command line to 'None'
[0.354s] Level 5:colcon.colcon_core.verb:set package 'warehouse_robot_bringup' build argument 'cmake_target_skip_unavailable' from command line to 'False'
[0.354s] Level 5:colcon.colcon_core.verb:set package 'warehouse_robot_bringup' build argument 'cmake_clean_cache' from command line to 'False'
[0.354s] Level 5:colcon.colcon_core.verb:set package 'warehouse_robot_bringup' build argument 'cmake_clean_first' from command line to 'False'
[0.354s] Level 5:colcon.colcon_core.verb:set package 'warehouse_robot_bringup' build argument 'cmake_force_configure' from command line to 'False'
[0.354s] Level 5:colcon.colcon_core.verb:set package 'warehouse_robot_bringup' build argument 'ament_cmake_args' from command line to 'None'
[0.354s] Level 5:colcon.colcon_core.verb:set package 'warehouse_robot_bringup' build argument 'catkin_cmake_args' from command line to 'None'
[0.354s] Level 5:colcon.colcon_core.verb:set package 'warehouse_robot_bringup' build argument 'catkin_skip_building_tests' from command line to 'False'
[0.354s] DEBUG:colcon.colcon_core.verb:Building package 'warehouse_robot_bringup' with the following arguments: {'ament_cmake_args': None, 'build_base': '/home/arbaaz/InterIIT_Code_Repository/build/warehouse_robot_bringup', 'catkin_cmake_args': None, 'catkin_skip_building_tests': False, 'cmake_args': None, 'cmake_clean_cache': False, 'cmake_clean_first': False, 'cmake_force_configure': False, 'cmake_target': None, 'cmake_target_skip_unavailable': False, 'install_base': '/home/arbaaz/InterIIT_Code_Repository/install/warehouse_robot_bringup', 'merge_install': False, 'path': '/home/arbaaz/InterIIT_Code_Repository/src/warehouse_robot_bringup', 'symlink_install': False, 'test_result_base': None}
[0.354s] INFO:colcon.colcon_core.executor:Executing jobs using 'sequential' executor
[0.355s] DEBUG:colcon.colcon_core.executor.sequential:run_until_complete 'warehouse_hmi'
[0.355s] INFO:colcon.colcon_ros.task.ament_python.build:Building ROS package in '/home/arbaaz/InterIIT_Code_Repository/src/warehouse_hmi' with build type 'ament_python'
[0.355s] Level 1:colcon.colcon_core.shell:create_environment_hook('warehouse_hmi', 'ament_prefix_path')
[0.357s] INFO:colcon.colcon_core.plugin_system:Skipping extension 'colcon_core.shell.bat': Not used on non-Windows systems
[0.358s] INFO:colcon.colcon_core.shell:Creating environment hook '/home/arbaaz/InterIIT_Code_Repository/install/warehouse_hmi/share/warehouse_hmi/hook/ament_prefix_path.ps1'
[0.358s] INFO:colcon.colcon_core.shell:Creating environment descriptor '/home/arbaaz/InterIIT_Code_Repository/install/warehouse_hmi/share/warehouse_hmi/hook/ament_prefix_path.dsv'
[0.359s] INFO:colcon.colcon_core.shell:Creating environment hook '/home/arbaaz/InterIIT_Code_Repository/install/warehouse_hmi/share/warehouse_hmi/hook/ament_prefix_path.sh'
[0.359s] INFO:colcon.colcon_core.shell:Skip shell extension 'powershell' for command environment: Not usable outside of PowerShell
[0.359s] DEBUG:colcon.colcon_core.shell:Skip shell extension 'dsv' for command environment
[0.624s] INFO:colcon.colcon_core.task.python.build:Building Python package in '/home/arbaaz/InterIIT_Code_Repository/src/warehouse_hmi'
[0.625s] INFO:colcon.colcon_core.shell:Skip shell extension 'powershell' for command environment: Not usable outside of PowerShell
[0.625s] DEBUG:colcon.colcon_core.shell:Skip shell extension 'dsv' for command environment
[1.084s] DEBUG:colcon.colcon_core.event_handler.log_command:Invoking command in '/home/arbaaz/InterIIT_Code_Repository/src/warehouse_hmi': PYTHONPATH=/home/arbaaz/InterIIT_Code_Repository/build/warehouse_hmi/prefix_override:/usr/lib/python3/dist-packages/colcon_core/task/python/colcon_distutils_commands:/home/arbaaz/InterIIT_Code_Repository/install/warehouse_hmi/lib/python3.10/site-packages:${PYTHONPATH} /usr/bin/python3 -W ignore:setup.py install is deprecated -W ignore:easy_install command is deprecated setup.py egg_info --egg-base ../../build/warehouse_hmi build --build-base /home/arbaaz/InterIIT_Code_Repository/build/warehouse_hmi/build install --record /home/arbaaz/InterIIT_Code_Repository/build/warehouse_hmi/install.log --single-version-externally-managed install_data
[1.369s] DEBUG:colcon.colcon_core.event_handler.log_command:Invoked command in '/home/arbaaz/InterIIT_Code_Repository/src/warehouse_hmi' returned '0': PYTHONPATH=/home/arbaaz/InterIIT_Code_Repository/build/warehouse_hmi/prefix_override:/usr/lib/python3/dist-packages/colcon_core/task/python/colcon_distutils_commands:/home/arbaaz/InterIIT_Code_Repository/install/warehouse_hmi/lib/python3.10/site-packages:${PYTHONPATH} /usr/bin/python3 -W ignore:setup.py install is deprecated -W ignore:easy_install command is deprecated setup.py egg_info --egg-base ../../build/warehouse_hmi build --build-base /home/arbaaz/InterIIT_Code_Repository/build/warehouse_hmi/build install --record /home/arbaaz/InterIIT_Code_Repository/build/warehouse_hmi/install.log --single-version-externally-managed install_data
[1.371s] Level 1:colcon.colcon_core.environment:checking '/home/arbaaz/InterIIT_Code_Repository/install/warehouse_hmi' for CMake module files
[1.372s] Level 1:colcon.colcon_core.environment:checking '/home/arbaaz/InterIIT_Code_Repository/install/warehouse_hmi' for CMake config files
[1.372s] Level 1:colcon.colcon_core.environment:checking '/home/arbaaz/InterIIT_Code_Repository/install/warehouse_hmi/lib'
[1.372s] Level 1:colcon.colcon_core.environment:checking '/home/arbaaz/InterIIT_Code_Repository/install/warehouse_hmi/bin'
[1.372s] Level 1:colcon.colcon_core.environment:checking '/home/arbaaz/InterIIT_Code_Repository/install/warehouse_hmi/lib/pkgconfig/warehouse_hmi.pc'
[1.373s] Level 1:colcon.colcon_core.environment:checking '/home/arbaaz/InterIIT_Code_Repository/install/warehouse_hmi/lib/python3.10/site-packages'
[1.373s] Level 1:colcon.colcon_core.shell:create_environment_hook('warehouse_hmi', 'pythonpath')
[1.373s] INFO:colcon.colcon_core.shell:Creating environment hook '/home/arbaaz/InterIIT_Code_Repository/install/warehouse_hmi/share/warehouse_hmi/hook/pythonpath.ps1'
[1.373s] INFO:colcon.colcon_core.shell:Creating environment descriptor '/home/arbaaz/InterIIT_Code_Repository/install/warehouse_hmi/share/warehouse_hmi/hook/pythonpath.dsv'
[1.374s] INFO:colcon.colcon_core.shell:Creating environment hook '/home/arbaaz/InterIIT_Code_Repository/install/warehouse_hmi/share/warehouse_hmi/hook/pythonpath.sh'
[1.374s] Level 1:colcon.colcon_core.environment:checking '/home/arbaaz/InterIIT_Code_Repository/install/warehouse_hmi/bin'
[1.374s] Level 1:colcon.colcon_core.environment:create_environment_scripts_only(warehouse_hmi)
[1.374s] INFO:colcon.colcon_core.shell:Creating package script '/home/arbaaz/InterIIT_Code_Repository/install/warehouse_hmi/share/warehouse_hmi/package.ps1'
[1.375s] INFO:colcon.colcon_core.shell:Creating package descriptor '/home/arbaaz/InterIIT_Code_Repository/install/warehouse_hmi/share/warehouse_hmi/package.dsv'
[1.375s] INFO:colcon.colcon_core.shell:Creating package script '/home/arbaaz/InterIIT_Code_Repository/install/warehouse_hmi/share/warehouse_hmi/package.sh'
[1.376s] INFO:colcon.colcon_core.shell:Creating package script '/home/arbaaz/InterIIT_Code_Repository/install/warehouse_hmi/share/warehouse_hmi/package.bash'
[1.376s] INFO:colcon.colcon_core.shell:Creating package script '/home/arbaaz/InterIIT_Code_Repository/install/warehouse_hmi/share/warehouse_hmi/package.zsh'
[1.377s] Level 1:colcon.colcon_core.environment:create_file_with_runtime_dependencies(/home/arbaaz/InterIIT_Code_Repository/install/warehouse_hmi/share/colcon-core/packages/warehouse_hmi)
[1.377s] DEBUG:colcon.colcon_core.executor.sequential:run_until_complete 'warehouse_hmi' finished with '0'
[1.377s] DEBUG:colcon.colcon_core.executor.sequential:run_until_complete 'warehouse_msgs'
[1.377s] INFO:colcon.colcon_ros.task.ament_cmake.build:Building ROS package in '/home/arbaaz/InterIIT_Code_Repository/src/warehouse_msgs' with build type 'ament_cmake'
[1.377s] INFO:colcon.colcon_cmake.task.cmake.build:Building CMake package in '/home/arbaaz/InterIIT_Code_Repository/src/warehouse_msgs'
[1.378s] INFO:colcon.colcon_core.shell:Skip shell extension 'powershell' for command environment: Not usable outside of PowerShell
[1.378s] DEBUG:colcon.colcon_core.shell:Skip shell extension 'dsv' for command environment
[1.388s] DEBUG:colcon.colcon_core.event_handler.log_command:Invoking command in '/home/arbaaz/InterIIT_Code_Repository/build/warehouse_msgs': CMAKE_PREFIX_PATH=${CMAKE_PREFIX_PATH}:/home/arbaaz/InterIIT_Code_Repository/install/warehouse_robot_bringup:/home/arbaaz/InterIIT_Code_Repository/install/warehouse_scanning:/home/arbaaz/InterIIT_Code_Repository/install/warehouse_hmi:/opt/ros/humble /usr/bin/cmake /home/arbaaz/InterIIT_Code_Repository/src/warehouse_msgs -DCMAKE_INSTALL_PREFIX=/home/arbaaz/InterIIT_Code_Repository/install/warehouse_msgs
[3.113s] DEBUG:colcon.colcon_core.event_handler.log_command:Invoked command in '/home/arbaaz/InterIIT_Code_Repository/build/warehouse_msgs' returned '0': CMAKE_PREFIX_PATH=${CMAKE_PREFIX_PATH}:/home/arbaaz/InterIIT_Code_Repository/install/warehouse_robot_bringup:/home/arbaaz/InterIIT_Code_Repository/install/warehouse_scanning:/home/arbaaz/InterIIT_Code_Repository/install/warehouse_hmi:/opt/ros/humble /usr/bin/cmake /home/arbaaz/InterIIT_Code_Repository/src/warehouse_msgs -DCMAKE_INSTALL_PREFIX=/home/arbaaz/InterIIT_Code_Repository/install/warehouse_msgs
[3.116s] DEBUG:colcon.colcon_core.event_handler.log_command:Invoking command in '/home/arbaaz/InterIIT_Code_Repository/build/warehouse_msgs': CMAKE_PREFIX_PATH=${CMAKE_PREFIX_PATH}:/home/arbaaz/InterIIT_Code_Repository/install/warehouse_robot_bringup:/home/arbaaz/InterIIT_Code_Repository/install/warehouse_scanning:/home/arbaaz/InterIIT_Code_Repository/install/warehouse_hmi:/opt/ros/humble /usr/bin/cmake --build /home/arbaaz/InterIIT_Code_Repository/build/warehouse_msgs -- -j12 -l12
[5.094s] DEBUG:colcon.colcon_core.event_handler.log_command:Invoked command in '/home/arbaaz/InterIIT_Code_Repository/build/warehouse_msgs' returned '0': CMAKE_PREFIX_PATH=${CMAKE_PREFIX_PATH}:/home/arbaaz/InterIIT_Code_Repository/install/warehouse_robot_bringup:/home/arbaaz/InterIIT_Code_Repository/install/warehouse_scanning:/home/arbaaz/InterIIT_Code_Repository/install/warehouse_hmi:/opt/ros/humble /usr/bin/cmake --build /home/arbaaz/InterIIT_Code_Repository/build/warehouse_msgs -- -j12 -l12
[5.107s] DEBUG:colcon.colcon_core.event_handler.log_command:Invoking command in '/home/arbaaz/InterIIT_Code_Repository/build/warehouse_msgs': CMAKE_PREFIX_PATH=${CMAKE_PREFIX_PATH}:/home/arbaaz/InterIIT_Code_Repository/install/warehouse_robot_bringup:/home/arbaaz/InterIIT_Code_Repository/install/warehouse_scanning:/home/arbaaz/InterIIT_Code_Repository/install/warehouse_hmi:/opt/ros/humble /usr/bin/cmake --install /home/arbaaz/InterIIT_Code_Repository/build/warehouse_msgs
[5.177s] Level 1:colcon.colcon_core.environment:create_environment_scripts_only(warehouse_msgs)
[5.177s] Level 1:colcon.colcon_core.environment:checking '/home/arbaaz/InterIIT_Code_Repository/install/warehouse_msgs' for CMake module files
[5.178s] DEBUG:colcon.colcon_core.event_handler.log_command:Invoked command in '/home/arbaaz/InterIIT_Code_Repository/build/warehouse_msgs' returned '0': CMAKE_PREFIX_PATH=${CMAKE_PREFIX_PATH}:/home/arbaaz/InterIIT_Code_Repository/install/warehouse_robot_bringup:/home/arbaaz/InterIIT_Code_Repository/install/warehouse_scanning:/home/arbaaz/InterIIT_Code_Repository/install/warehouse_hmi:/opt/ros/humble /usr/bin/cmake --install /home/arbaaz/InterIIT_Code_Repository/build/warehouse_msgs
[5.178s] Level 1:colcon.colcon_core.environment:checking '/home/arbaaz/InterIIT_Code_Repository/install/warehouse_msgs' for CMake config files
[5.179s] Level 1:colcon.colcon_core.shell:create_environment_hook('warehouse_msgs', 'cmake_prefix_path')
[5.179s] INFO:colcon.colcon_core.shell:Creating environment hook '/home/arbaaz/InterIIT_Code_Repository/install/warehouse_msgs/share/warehouse_msgs/hook/cmake_prefix_path.ps1'
[5.179s] INFO:colcon.colcon_core.shell:Creating environment descriptor '/home/arbaaz/InterIIT_Code_Repository/install/warehouse_msgs/share/warehouse_msgs/hook/cmake_prefix_path.dsv'
[5.180s] INFO:colcon.colcon_core.shell:Creating environment hook '/home/arbaaz/InterIIT_Code_Repository/install/warehouse_msgs/share/warehouse_msgs/hook/cmake_prefix_path.sh'
[5.180s] Level 1:colcon.colcon_core.environment:checking '/home/arbaaz/InterIIT_Code_Repository/install/warehouse_msgs/lib'
[5.181s] Level 1:colcon.colcon_core.shell:create_environment_hook('warehouse_msgs', 'ld_library_path_lib')
[5.181s] INFO:colcon.colcon_core.shell:Creating environment hook '/home/arbaaz/InterIIT_Code_Repository/install/warehouse_msgs/share/warehouse_msgs/hook/ld_library_path_lib.ps1'
[5.181s] INFO:colcon.colcon_core.shell:Creating environment descriptor '/home/arbaaz/InterIIT_Code_Repository/install/warehouse_msgs/share/warehouse_msgs/hook/ld_library_path_lib.dsv'
[5.182s] INFO:colcon.colcon_core.shell:Creating environment hook '/home/arbaaz/InterIIT_Code_Repository/install/warehouse_msgs/share/warehouse_msgs/hook/ld_library_path_lib.sh'
[5.182s] Level 1:colcon.colcon_core.environment:checking '/home/arbaaz/InterIIT_Code_Repository/install/warehouse_msgs/bin'
[5.182s] Level 1:colcon.colcon_core.environment:checking '/home/arbaaz/InterIIT_Code_Repository/install/warehouse_msgs/lib/pkgconfig/warehouse_msgs.pc'
[5.182s] Level 1:colcon.colcon_core.environment:checking '/home/arbaaz/InterIIT_Code_Repository/install/warehouse_msgs/lib/python3.10/site-packages'
[5.182s] Level 1:colcon.colcon_core.environment:checking '/home/arbaaz/InterIIT_Code_Repository/install/warehouse_msgs/bin'
[5.183s] INFO:colcon.colcon_core.shell:Creating package script '/home/arbaaz/InterIIT_Code_Repository/install/warehouse_msgs/share/warehouse_msgs/package.ps1'
[5.183s] INFO:colcon.colcon_core.shell:Creating package descriptor '/home/arbaaz/InterIIT_Code_Repository/install/warehouse_msgs/share/warehouse_msgs/package.dsv'
[5.183s] INFO:colcon.colcon_core.shell:Creating package script '/home/arbaaz/InterIIT_Code_Repository/install/warehouse_msgs/share/warehouse_msgs/package.sh'
[5.184s] INFO:colcon.colcon_core.shell:Creating package script '/home/arbaaz/InterIIT_Code_Repository/install/warehouse_msgs/share/warehouse_msgs/package.bash'
[5.184s] INFO:colcon.colcon_core.shell:Creating package script '/home/arbaaz/InterIIT_Code_Repository/install/warehouse_msgs/share/warehouse_msgs/package.zsh'
[5.184s] Level 1:colcon.colcon_core.environment:create_file_with_runtime_dependencies(/home/arbaaz/InterIIT_Code_Repository/install/warehouse_msgs/share/colcon-core/packages/warehouse_msgs)
[5.185s] Level 1:colcon.colcon_core.environment:create_environment_scripts_only(warehouse_msgs)
[5.185s] Level 1:colcon.colcon_core.environment:checking '/home/arbaaz/InterIIT_Code_Repository/install/warehouse_msgs' for CMake module files
[5.185s] Level 1:colcon.colcon_core.environment:checking '/home/arbaaz/InterIIT_Code_Repository/install/warehouse_msgs' for CMake config files
[5.186s] Level 1:colcon.colcon_core.shell:create_environment_hook('warehouse_msgs', 'cmake_prefix_path')
[5.186s] INFO:colcon.colcon_core.shell:Creating environment hook '/home/arbaaz/InterIIT_Code_Repository/install/warehouse_msgs/share/warehouse_msgs/hook/cmake_prefix_path.ps1'
[5.186s] INFO:colcon.colcon_core.shell:Creating environment descriptor '/home/arbaaz/InterIIT_Code_Repository/install/warehouse_msgs/share/warehouse_msgs/hook/cmake_prefix_path.dsv'
[5.187s] INFO:colcon.colcon_core.shell:Creating environment hook '/home/arbaaz/InterIIT_Code_Repository/install/warehouse_msgs/share/warehouse_msgs/hook/cmake_prefix_path.sh'
[5.187s] Level 1:colcon.colcon_core.environment:checking '/home/arbaaz/InterIIT_Code_Repository/install/warehouse_msgs/lib'
[5.187s] Level 1:colcon.colcon_core.shell:create_environment_hook('warehouse_msgs', 'ld_library_path_lib')
[5.188s] INFO:colcon.colcon_core.shell:Creating environment hook '/home/arbaaz/InterIIT_Code_Repository/install/warehouse_msgs/share/warehouse_msgs/hook/ld_library_path_lib.ps1'
[5.188s] INFO:colcon.colcon_core.shell:Creating environment descriptor '/home/arbaaz/InterIIT_Code_Repository/install/warehouse_msgs/share/warehouse_msgs/hook/ld_library_path_lib.dsv'
[5.189s] INFO:colcon.colcon_core.shell:Creating environment hook '/home/arbaaz/InterIIT_Code_Repository/install/warehouse_msgs/share/warehouse_msgs/hook/ld_library_path_lib.sh'
[5.189s] Level 1:colcon.colcon_core.environment:checking '/home/arbaaz/InterIIT_Code_Repository/install/warehouse_msgs/bin'
[5.189s] Level 1:colcon.colcon_core.environment:checking '/home/arbaaz/InterIIT_Code_Repository/install/warehouse_msgs/lib/pkgconfig/warehouse_msgs.pc'
[5.189s] Level 1:colcon.colcon_core.environment:checking '/home/arbaaz/InterIIT_Code_Repository/install/warehouse_msgs/lib/python3.10/site-packages'
[5.189s] Level 1:colcon.colcon_core.environment:checking '/home/arbaaz/InterIIT_Code_Repository/install/warehouse_msgs/bin'
[5.190s] INFO:colcon.colcon_core.shell:Creating package script '/home/arbaaz/InterIIT_Code_Repository/install/warehouse_msgs/share/warehouse_msgs/package.ps1'
[5.190s] INFO:colcon.colcon_core.shell:Creating package descriptor '/home/arbaaz/InterIIT_Code_Repository/install/warehouse_msgs/share/warehouse_msgs/package.dsv'
[5.191s] INFO:colcon.colcon_core.shell:Creating package script '/home/arbaaz/InterIIT_Code_Repository/install/warehouse_msgs/share/warehouse_msgs/package.sh'
[5.191s] INFO:colcon.colcon_core.shell:Creating package script '/home/arbaaz/InterIIT_Code_Repository/install/warehouse_msgs/share/warehouse_msgs/package.bash'
[5.191s] INFO:colcon.colcon_core.shell:Creating package script '/home/arbaaz/InterIIT_Code_Repository/install/warehouse_msgs/share/warehouse_msgs/package.zsh'
[5.191s] Level 1:colcon.colcon_core.environment:create_file_with_runtime_dependencies(/home/arbaaz/InterIIT_Code_Repository/install/warehouse_msgs/share/colcon-core/packages/warehouse_msgs)
[5.192s] DEBUG:colcon.colcon_core.executor.sequential:run_until_complete 'warehouse_msgs' finished with '0'
[5.192s] DEBUG:colcon.colcon_core.executor.sequential:run_until_complete 'warehouse_scanning'
[5.192s] INFO:colcon.colcon_ros.task.ament_python.build:Building ROS package in '/home/arbaaz/InterIIT_Code_Repository/src/warehouse_scanning' with build type 'ament_python'
[5.192s] Level 1:colcon.colcon_core.shell:create_environment_hook('warehouse_scanning', 'ament_prefix_path')
[5.192s] INFO:colcon.colcon_core.shell:Creating environment hook '/home/arbaaz/InterIIT_Code_Repository/install/warehouse_scanning/share/warehouse_scanning/hook/ament_prefix_path.ps1'
[5.193s] INFO:colcon.colcon_core.shell:Creating environment descriptor '/home/arbaaz/InterIIT_Code_Repository/install/warehouse_scanning/share/warehouse_scanning/hook/ament_prefix_path.dsv'
[5.193s] INFO:colcon.colcon_core.shell:Creating environment hook '/home/arbaaz/InterIIT_Code_Repository/install/warehouse_scanning/share/warehouse_scanning/hook/ament_prefix_path.sh'
[5.194s] INFO:colcon.colcon_core.shell:Skip shell extension 'powershell' for command environment: Not usable outside of PowerShell
[5.194s] DEBUG:colcon.colcon_core.shell:Skip shell extension 'dsv' for command environment
[5.456s] INFO:colcon.colcon_core.task.python.build:Building Python package in '/home/arbaaz/InterIIT_Code_Repository/src/warehouse_scanning'
[5.456s] INFO:colcon.colcon_core.shell:Skip shell extension 'powershell' for command environment: Not usable outside of PowerShell
[5.456s] DEBUG:colcon.colcon_core.shell:Skip shell extension 'dsv' for command environment
[5.809s] DEBUG:colcon.colcon_core.event_handler.log_command:Invoking command in '/home/arbaaz/InterIIT_Code_Repository/src/warehouse_scanning': PYTHONPATH=/home/arbaaz/InterIIT_Code_Repository/build/warehouse_scanning/prefix_override:/usr/lib/python3/dist-packages/colcon_core/task/python/colcon_distutils_commands:/home/arbaaz/InterIIT_Code_Repository/install/warehouse_scanning/lib/python3.10/site-packages:${PYTHONPATH} /usr/bin/python3 -W ignore:setup.py install is deprecated -W ignore:easy_install command is deprecated setup.py egg_info --egg-base ../../build/warehouse_scanning build --build-base /home/arbaaz/InterIIT_Code_Repository/build/warehouse_scanning/build install --record /home/arbaaz/InterIIT_Code_Repository/build/warehouse_scanning/install.log --single-version-externally-managed install_data
[6.136s] Level 1:colcon.colcon_core.environment:checking '/home/arbaaz/InterIIT_Code_Repository/install/warehouse_scanning' for CMake module files
[6.137s] DEBUG:colcon.colcon_core.event_handler.log_command:Invoked command in '/home/arbaaz/InterIIT_Code_Repository/src/warehouse_scanning' returned '0': PYTHONPATH=/home/arbaaz/InterIIT_Code_Repository/build/warehouse_scanning/prefix_override:/usr/lib/python3/dist-packages/colcon_core/task/python/colcon_distutils_commands:/home/arbaaz/InterIIT_Code_Repository/install/warehouse_scanning/lib/python3.10/site-packages:${PYTHONPATH} /usr/bin/python3 -W ignore:setup.py install is deprecated -W ignore:easy_install command is deprecated setup.py egg_info --egg-base ../../build/warehouse_scanning build --build-base /home/arbaaz/InterIIT_Code_Repository/build/warehouse_scanning/build install --record /home/arbaaz/InterIIT_Code_Repository/build/warehouse_scanning/install.log --single-version-externally-managed install_data
[6.137s] Level 1:colcon.colcon_core.environment:checking '/home/arbaaz/InterIIT_Code_Repository/install/warehouse_scanning' for CMake config files
[6.138s] Level 1:colcon.colcon_core.environment:checking '/home/arbaaz/InterIIT_Code_Repository/install/warehouse_scanning/lib'
[6.138s] Level 1:colcon.colcon_core.environment:checking '/home/arbaaz/InterIIT_Code_Repository/install/warehouse_scanning/bin'
[6.138s] Level 1:colcon.colcon_core.environment:checking '/home/arbaaz/InterIIT_Code_Repository/install/warehouse_scanning/lib/pkgconfig/warehouse_scanning.pc'
[6.138s] Level 1:colcon.colcon_core.environment:checking '/home/arbaaz/InterIIT_Code_Repository/install/warehouse_scanning/lib/python3.10/site-packages'
[6.138s] Level 1:colcon.colcon_core.shell:create_environment_hook('warehouse_scanning', 'pythonpath')
[6.138s] INFO:colcon.colcon_core.shell:Creating environment hook '/home/arbaaz/InterIIT_Code_Repository/install/warehouse_scanning/share/warehouse_scanning/hook/pythonpath.ps1'
[6.138s] INFO:colcon.colcon_core.shell:Creating environment descriptor '/home/arbaaz/InterIIT_Code_Repository/install/warehouse_scanning/share/warehouse_scanning/hook/pythonpath.dsv'
[6.139s] INFO:colcon.colcon_core.shell:Creating environment hook '/home/arbaaz/InterIIT_Code_Repository/install/warehouse_scanning/share/warehouse_scanning/hook/pythonpath.sh'
[6.139s] Level 1:colcon.colcon_core.environment:checking '/home/arbaaz/InterIIT_Code_Repository/install/warehouse_scanning/bin'
[6.139s] Level 1:colcon.colcon_core.environment:create_environment_scripts_only(warehouse_scanning)
[6.139s] INFO:colcon.colcon_core.shell:Creating package script '/home/arbaaz/InterIIT_Code_Repository/install/warehouse_scanning/share/warehouse_scanning/package.ps1'
[6.140s] INFO:colcon.colcon_core.shell:Creating package descriptor '/home/arbaaz/InterIIT_Code_Repository/install/warehouse_scanning/share/warehouse_scanning/package.dsv'
[6.140s] INFO:colcon.colcon_core.shell:Creating package script '/home/arbaaz/InterIIT_Code_Repository/install/warehouse_scanning/share/warehouse_scanning/package.sh'
[6.140s] INFO:colcon.colcon_core.shell:Creating package script '/home/arbaaz/InterIIT_Code_Repository/install/warehouse_scanning/share/warehouse_scanning/package.bash'
[6.141s] INFO:colcon.colcon_core.shell:Creating package script '/home/arbaaz/InterIIT_Code_Repository/install/warehouse_scanning/share/warehouse_scanning/package.zsh'
[6.141s] Level 1:colcon.colcon_core.environment:create_file_with_runtime_dependencies(/home/arbaaz/InterIIT_Code_Repository/install/warehouse_scanning/share/colcon-core/packages/warehouse_scanning)
[6.141s] DEBUG:colcon.colcon_core.executor.sequential:run_until_complete 'warehouse_scanning' finished with '0'
[6.141s] DEBUG:colcon.colcon_core.executor.sequential:run_until_complete 'warehouse_navigation'
[6.141s] INFO:colcon.colcon_ros.task.ament_cmake.build:Building ROS package in '/home/arbaaz/InterIIT_Code_Repository/src/warehouse_navigation' with build type 'ament_cmake'
[6.141s] INFO:colcon.colcon_cmake.task.cmake.build:Building CMake package in '/home/arbaaz/InterIIT_Code_Repository/src/warehouse_navigation'
[6.141s] INFO:colcon.colcon_core.shell:Skip shell extension 'powershell' for command environment: Not usable outside of PowerShell
[6.141s] DEBUG:colcon.colcon_core.shell:Skip shell extension 'dsv' for command environment
[6.154s] DEBUG:colcon.colcon_core.event_handler.log_command:Invoking command in '/home/arbaaz/InterIIT_Code_Repository/build/warehouse_navigation': CMAKE_PREFIX_PATH=/home/arbaaz/InterIIT_Code_Repository/install/warehouse_msgs:/home/arbaaz/InterIIT_Code_Repository/install/warehouse_navigation:/home/arbaaz/InterIIT_Code_Repository/install/warehouse_robot_bringup:/home/arbaaz/InterIIT_Code_Repository/install/warehouse_scanning:/home/arbaaz/InterIIT_Code_Repository/install/warehouse_hmi:/opt/ros/humble /usr/bin/cmake /home/arbaaz/InterIIT_Code_Repository/src/warehouse_navigation -DCMAKE_INSTALL_PREFIX=/home/arbaaz/InterIIT_Code_Repository/install/warehouse_navigation
[7.497s] DEBUG:colcon.colcon_core.event_handler.log_command:Invoked command in '/home/arbaaz/InterIIT_Code_Repository/build/warehouse_navigation' returned '0': CMAKE_PREFIX_PATH=/home/arbaaz/InterIIT_Code_Repository/install/warehouse_msgs:/home/arbaaz/InterIIT_Code_Repository/install/warehouse_navigation:/home/arbaaz/InterIIT_Code_Repository/install/warehouse_robot_bringup:/home/arbaaz/InterIIT_Code_Repository/install/warehouse_scanning:/home/arbaaz/InterIIT_Code_Repository/install/warehouse_hmi:/opt/ros/humble /usr/bin/cmake /home/arbaaz/InterIIT_Code_Repository/src/warehouse_navigation -DCMAKE_INSTALL_PREFIX=/home/arbaaz/InterIIT_Code_Repository/install/warehouse_navigation
[7.499s] DEBUG:colcon.colcon_core.event_handler.log_command:Invoking command in '/home/arbaaz/InterIIT_Code_Repository/build/warehouse_navigation': CMAKE_PREFIX_PATH=/home/arbaaz/InterIIT_Code_Repository/install/warehouse_msgs:/home/arbaaz/InterIIT_Code_Repository/install/warehouse_navigation:/home/arbaaz/InterIIT_Code_Repository/install/warehouse_robot_bringup:/home/arbaaz/InterIIT_Code_Repository/install/warehouse_scanning:/home/arbaaz/InterIIT_Code_Repository/install/warehouse_hmi:/opt/ros/humble /usr/bin/cmake --build /home/arbaaz/InterIIT_Code_Repository/build/warehouse_navigation -- -j12 -l12
[21.605s] DEBUG:colcon.colcon_core.event_handler.log_command:Invoked command in '/home/arbaaz/InterIIT_Code_Repository/build/warehouse_navigation' returned '0': CMAKE_PREFIX_PATH=/home/arbaaz/InterIIT_Code_Repository/install/warehouse_msgs:/home/arbaaz/InterIIT_Code_Repository/install/warehouse_navigation:/home/arbaaz/InterIIT_Code_Repository/install/warehouse_robot_bringup:/home/arbaaz/InterIIT_Code_Repository/install/warehouse_scanning:/home/arbaaz/InterIIT_Code_Repository/install/warehouse_hmi:/opt/ros/humble /usr/bin/cmake --build /home/arbaaz/InterIIT_Code_Repository/build/warehouse_navigation -- -j12 -l12
[21.607s] DEBUG:colcon.colcon_core.event_handler.log_command:Invoking command in '/home/arbaaz/InterIIT_Code_Repository/build/warehouse_navigation': CMAKE_PREFIX_PATH=/home/arbaaz/InterIIT_Code_Repository/install/warehouse_msgs:/home/arbaaz/InterIIT_Code_Repository/install/warehouse_navigation:/home/arbaaz/InterIIT_Code_Repository/install/warehouse_robot_bringup:/home/arbaaz/InterIIT_Code_Repository/install/warehouse_scanning:/home/arbaaz/InterIIT_Code_Repository/install/warehouse_hmi:/opt/ros/humble /usr/bin/cmake --install /home/arbaaz/InterIIT_Code_Repository/build/warehouse_navigation
[21.680s] Level 1:colcon.colcon_core.environment:create_environment_scripts_only(warehouse_navigation)
[21.680s] Level 1:colcon.colcon_core.environment:checking '/home/arbaaz/InterIIT_Code_Repository/install/warehouse_navigation' for CMake module files
[21.681s] DEBUG:colcon.colcon_core.event_handler.log_command:Invoked command in '/home/arbaaz/InterIIT_Code_Repository/build/warehouse_navigation' returned '0': CMAKE_PREFIX_PATH=/home/arbaaz/InterIIT_Code_Repository/install/warehouse_msgs:/home/arbaaz/InterIIT_Code_Repository/install/warehouse_navigation:/home/arbaaz/InterIIT_Code_Repository/install/warehouse_robot_bringup:/home/arbaaz/InterIIT_Code_Repository/install/warehouse_scanning:/home/arbaaz/InterIIT_Code_Repository/install/warehouse_hmi:/opt/ros/humble /usr/bin/cmake --install /home/arbaaz/InterIIT_Code_Repository/build/warehouse_navigation
[21.681s] Level 1:colcon.colcon_core.environment:checking '/home/arbaaz/InterIIT_Code_Repository/install/warehouse_navigation' for CMake config files
[21.682s] Level 1:colcon.colcon_core.shell:create_environment_hook('warehouse_navigation', 'cmake_prefix_path')
[21.682s] INFO:colcon.colcon_core.shell:Creating environment hook '/home/arbaaz/InterIIT_Code_Repository/install/warehouse_navigation/share/warehouse_navigation/hook/cmake_prefix_path.ps1'
[21.682s] INFO:colcon.colcon_core.shell:Creating environment descriptor '/home/arbaaz/InterIIT_Code_Repository/install/warehouse_navigation/share/warehouse_navigation/hook/cmake_prefix_path.dsv'
[21.682s] INFO:colcon.colcon_core.shell:Creating environment hook '/home/arbaaz/InterIIT_Code_Repository/install/warehouse_navigation/share/warehouse_navigation/hook/cmake_prefix_path.sh'
[21.683s] Level 1:colcon.colcon_core.environment:checking '/home/arbaaz/InterIIT_Code_Repository/install/warehouse_navigation/lib'
[21.683s] Level 1:colcon.colcon_core.environment:checking '/home/arbaaz/InterIIT_Code_Repository/install/warehouse_navigation/bin'
[21.683s] Level 1:colcon.colcon_core.environment:checking '/home/arbaaz/InterIIT_Code_Repository/install/warehouse_navigation/lib/pkgconfig/warehouse_navigation.pc'
[21.683s] Level 1:colcon.colcon_core.environment:checking '/home/arbaaz/InterIIT_Code_Repository/install/warehouse_navigation/lib/python3.10/site-packages'
[21.683s] Level 1:colcon.colcon_core.environment:checking '/home/arbaaz/InterIIT_Code_Repository/install/warehouse_navigation/bin'
[21.684s] INFO:colcon.colcon_core.shell:Creating package script '/home/arbaaz/InterIIT_Code_Repository/install/warehouse_navigation/share/warehouse_navigation/package.ps1'
[21.684s] INFO:colcon.colcon_core.shell:Creating package descriptor '/home/arbaaz/InterIIT_Code_Repository/install/warehouse_navigation/share/warehouse_navigation/package.dsv'
[21.684s] INFO:colcon.colcon_core.shell:Creating package script '/home/arbaaz/InterIIT_Code_Repository/install/warehouse_navigation/share/warehouse_navigation/package.sh'
[21.685s] INFO:colcon.colcon_core.shell:Creating package script '/home/arbaaz/InterIIT_Code_Repository/install/warehouse_navigation/share/warehouse_navigation/package.bash'
[21.685s] INFO:colcon.colcon_core.shell:Creating package script '/home/arbaaz/InterIIT_Code_Repository/install/warehouse_navigation/share/warehouse_navigation/package.zsh'
[21.685s] Level 1:colcon.colcon_core.environment:create_file_with_runtime_dependencies(/home/arbaaz/InterIIT_Code_Repository/install/warehouse_navigation/share/colcon-core/packages/warehouse_navigation)
[21.685s] Level 1:colcon.colcon_core.environment:create_environment_scripts_only(warehouse_navigation)
[21.686s] Level 1:colcon.colcon_core.environment:checking '/home/arbaaz/InterIIT_Code_Repository/install/warehouse_navigation' for CMake module files
[21.686s] Level 1:colcon.colcon_core.environment:checking '/home/arbaaz/InterIIT_Code_Repository/install/warehouse_navigation' for CMake config files
[21.686s] Level 1:colcon.colcon_core.shell:create_environment_hook('warehouse_navigation', 'cmake_prefix_path')
[21.687s] INFO:colcon.colcon_core.shell:Creating environment hook '/home/arbaaz/InterIIT_Code_Repository/install/warehouse_navigation/share/warehouse_navigation/hook/cmake_prefix_path.ps1'
[21.687s] INFO:colcon.colcon_core.shell:Creating environment descriptor '/home/arbaaz/InterIIT_Code_Repository/install/warehouse_navigation/share/warehouse_navigation/hook/cmake_prefix_path.dsv'
[21.687s] INFO:colcon.colcon_core.shell:Creating environment hook '/home/arbaaz/InterIIT_Code_Repository/install/warehouse_navigation/share/warehouse_navigation/hook/cmake_prefix_path.sh'
[21.688s] Level 1:colcon.colcon_core.environment:checking '/home/arbaaz/InterIIT_Code_Repository/install/warehouse_navigation/lib'
[21.688s] Level 1:colcon.colcon_core.environment:checking '/home/arbaaz/InterIIT_Code_Repository/install/warehouse_navigation/bin'
[21.688s] Level 1:colcon.colcon_core.environment:checking '/home/arbaaz/InterIIT_Code_Repository/install/warehouse_navigation/lib/pkgconfig/warehouse_navigation.pc'
[21.688s] Level 1:colcon.colcon_core.environment:checking '/home/arbaaz/InterIIT_Code_Repository/install/warehouse_navigation/lib/python3.10/site-packages'
[21.688s] Level 1:colcon.colcon_core.environment:checking '/home/arbaaz/InterIIT_Code_Repository/install/warehouse_navigation/bin'
[21.688s] INFO:colcon.colcon_core.shell:Creating package script '/home/arbaaz/InterIIT_Code_Repository/install/warehouse_navigation/share/warehouse_navigation/package.ps1'
[21.689s] INFO:colcon.colcon_core.shell:Creating package descriptor '/home/arbaaz/InterIIT_Code_Repository/install/warehouse_navigation/share/warehouse_navigation/package.dsv'
[21.689s] INFO:colcon.colcon_core.shell:Creating package script '/home/arbaaz/InterIIT_Code_Repository/install/warehouse_navigation/share/warehouse_navigation/package.sh'
[21.690s] INFO:colcon.colcon_core.shell:Creating package script '/home/arbaaz/InterIIT_Code_Repository/install/warehouse_navigation/share/warehouse_navigation/package.bash'
[21.690s] INFO:colcon.colcon_core.shell:Creating package script '/home/arbaaz/InterIIT_Code_Repository/install/warehouse_navigation/share/warehouse_navigation/package.zsh'
[21.690s] Level 1:colcon.colcon_core.environment:create_file_with_runtime_dependencies(/home/arbaaz/InterIIT_Code_Repository/install/warehouse_navigation/share/colcon-core/packages/warehouse_navigation)
[21.690s] DEBUG:colcon.colcon_core.executor.sequential:run_until_complete 'warehouse_navigation' finished with '0'
[21.690s] DEBUG:colcon.colcon_core.executor.sequential:run_until_complete 'warehouse_robot_bringup'
[21.691s] INFO:colcon.colcon_ros.task.ament_python.build:Building ROS package in '/home/arbaaz/InterIIT_Code_Repository/src/warehouse_robot_bringup' with build type 'ament_python'
[21.691s] Level 1:colcon.colcon_core.shell:create_environment_hook('warehouse_robot_bringup', 'ament_prefix_path')
[21.691s] INFO:colcon.colcon_core.shell:Creating environment hook '/home/arbaaz/InterIIT_Code_Repository/install/warehouse_robot_bringup/share/warehouse_robot_bringup/hook/ament_prefix_path.ps1'
[21.692s] INFO:colcon.colcon_core.shell:Creating environment descriptor '/home/arbaaz/InterIIT_Code_Repository/install/warehouse_robot_bringup/share/warehouse_robot_bringup/hook/ament_prefix_path.dsv'
[21.692s] INFO:colcon.colcon_core.shell:Creating environment hook '/home/arbaaz/InterIIT_Code_Repository/install/warehouse_robot_bringup/share/warehouse_robot_bringup/hook/ament_prefix_path.sh'
[21.693s] INFO:colcon.colcon_core.shell:Skip shell extension 'powershell' for command environment: Not usable outside of PowerShell
[21.693s] DEBUG:colcon.colcon_core.shell:Skip shell extension 'dsv' for command environment
[21.954s] INFO:colcon.colcon_core.task.python.build:Building Python package in '/home/arbaaz/InterIIT_Code_Repository/src/warehouse_robot_bringup'
[21.954s] INFO:colcon.colcon_core.shell:Skip shell extension 'powershell' for command environment: Not usable outside of PowerShell
[21.954s] DEBUG:colcon.colcon_core.shell:Skip shell extension 'dsv' for command environment
[22.309s] DEBUG:colcon.colcon_core.event_handler.log_command:Invoking command in '/home/arbaaz/InterIIT_Code_Repository/src/warehouse_robot_bringup': AMENT_PREFIX_PATH=/home/arbaaz/InterIIT_Code_Repository/install/warehouse_scanning:/home/arbaaz/InterIIT_Code_Repository/install/warehouse_hmi:/home/arbaaz/InterIIT_Code_Repository/install/warehouse_robot_bringup:/home/arbaaz/InterIIT_Code_Repository/install/warehouse_navigation:/home/arbaaz/InterIIT_Code_Repository/install/warehouse_msgs:/opt/ros/humble PYTHONPATH=/home/arbaaz/InterIIT_Code_Repository/build/warehouse_robot_bringup/prefix_override:/usr/lib/python3/dist-packages/colcon_core/task/python/colcon_distutils_commands:/home/arbaaz/InterIIT_Code_Repository/install/warehouse_robot_bringup/lib/python3.10/site-packages:/home/arbaaz/InterIIT_Code_Repository/install/warehouse_scanning/lib/python3.10/site-packages:/home/arbaaz/InterIIT_Code_Repository/install/warehouse_hmi/lib/python3.10/site-packages:/home/arbaaz/InterIIT_Code_Repository/install/warehouse_robot_bringup/lib/python3.10/site-packages:/home/arbaaz/InterIIT_Code_Repository/install/warehouse_navigation/local/lib/python3.10/dist-packages:/home/arbaaz/InterIIT_Code_Repository/install/warehouse_msgs/local/lib/python3.10/dist-packages:/opt/ros/humble/lib/python3.10/site-packages:/opt/ros/humble/local/lib/python3.10/dist-packages /usr/bin/python3 -W ignore:setup.py install is deprecated -W ignore:easy_install command is deprecated setup.py egg_info --egg-base ../../build/warehouse_robot_bringup build --build-base /home/arbaaz/InterIIT_Code_Repository/build/warehouse_robot_bringup/build install --record /home/arbaaz/InterIIT_Code_Repository/build/warehouse_robot_bringup/install.log --single-version-externally-managed install_data
[22.606s] Level 1:colcon.colcon_core.environment:checking '/home/arbaaz/InterIIT_Code_Repository/install/warehouse_robot_bringup' for CMake module files
[22.607s] DEBUG:colcon.colcon_core.event_handler.log_command:Invoked command in '/home/arbaaz/InterIIT_Code_Repository/src/warehouse_robot_bringup' returned '0': AMENT_PREFIX_PATH=/home/arbaaz/InterIIT_Code_Repository/install/warehouse_scanning:/home/arbaaz/InterIIT_Code_Repository/install/warehouse_hmi:/home/arbaaz/InterIIT_Code_Repository/install/warehouse_robot_bringup:/home/arbaaz/InterIIT_Code_Repository/install/warehouse_navigation:/home/arbaaz/InterIIT_Code_Repository/install/warehouse_msgs:/opt/ros/humble PYTHONPATH=/home/arbaaz/InterIIT_Code_Repository/build/warehouse_robot_bringup/prefix_override:/usr/lib/python3/dist-packages/colcon_core/task/python/colcon_distutils_commands:/home/arbaaz/InterIIT_Code_Repository/install/warehouse_robot_bringup/lib/python3.10/site-packages:/home/arbaaz/InterIIT_Code_Repository/install/warehouse_scanning/lib/python3.10/site-packages:/home/arbaaz/InterIIT_Code_Repository/install/warehouse_hmi/lib/python3.10/site-packages:/home/arbaaz/InterIIT_Code_Repository/install/warehouse_robot_bringup/lib/python3.10/site-packages:/home/arbaaz/InterIIT_Code_Repository/install/warehouse_navigation/local/lib/python3.10/dist-packages:/home/arbaaz/InterIIT_Code_Repository/install/warehouse_msgs/local/lib/python3.10/dist-packages:/opt/ros/humble/lib/python3.10/site-packages:/opt/ros/humble/local/lib/python3.10/dist-packages /usr/bin/python3 -W ignore:setup.py install is deprecated -W ignore:easy_install command is deprecated setup.py egg_info --egg-base ../../build/warehouse_robot_bringup build --build-base /home/arbaaz/InterIIT_Code_Repository/build/warehouse_robot_bringup/build install --record /home/arbaaz/InterIIT_Code_Repository/build/warehouse_robot_bringup/install.log --single-version-externally-managed install_data
[22.607s] Level 1:colcon.colcon_core.environment:checking '/home/arbaaz/InterIIT_Code_Repository/install/warehouse_robot_bringup' for CMake config files
[22.608s] Level 1:colcon.colcon_core.environment:checking '/home/arbaaz/InterIIT_Code_Repository/install/warehouse_robot_bringup/lib'
[22.608s] Level 1:colcon.colcon_core.environment:checking '/home/arbaaz/InterIIT_Code_Repository/install/warehouse_robot_bringup/bin'
[22.608s] Level 1:colcon.colcon_core.environment:checking '/home/arbaaz/InterIIT_Code_Repository/install/warehouse_robot_bringup/lib/pkgconfig/warehouse_robot_bringup.pc'
[22.608s] Level 1:colcon.colcon_core.environment:checking '/home/arbaaz/InterIIT_Code_Repository/install/warehouse_robot_bringup/lib/python3.10/site-packages'
[22.608s] Level 1:colcon.colcon_core.shell:create_environment_hook('warehouse_robot_bringup', 'pythonpath')
[22.608s] INFO:colcon.colcon_core.shell:Creating environment hook '/home/arbaaz/InterIIT_Code_Repository/install/warehouse_robot_bringup/share/warehouse_robot_bringup/hook/pythonpath.ps1'
[22.608s] INFO:colcon.colcon_core.shell:Creating environment descriptor '/home/arbaaz/InterIIT_Code_Repository/install/warehouse_robot_bringup/share/warehouse_robot_bringup/hook/pythonpath.dsv'
[22.609s] INFO:colcon.colcon_core.shell:Creating environment hook '/home/arbaaz/InterIIT_Code_Repository/install/warehouse_robot_bringup/share/warehouse_robot_bringup/hook/pythonpath.sh'
[22.609s] Level 1:colcon.colcon_core.environment:checking '/home/arbaaz/InterIIT_Code_Repository/install/warehouse_robot_bringup/bin'
[22.609s] Level 1:colcon.colcon_core.environment:create_environment_scripts_only(warehouse_robot_bringup)
[22.609s] INFO:colcon.colcon_core.shell:Creating package script '/home/arbaaz/InterIIT_Code_Repository/install/warehouse_robot_bringup/share/warehouse_robot_bringup/package.ps1'
[22.610s] INFO:colcon.colcon_core.shell:Creating package descriptor '/home/arbaaz/InterIIT_Code_Repository/install/warehouse_robot_bringup/share/warehouse_robot_bringup/package.dsv'
[22.610s] INFO:colcon.colcon_core.shell:Creating package script '/home/arbaaz/InterIIT_Code_Repository/install/warehouse_robot_bringup/share/warehouse_robot_bringup/package.sh'
[22.610s] INFO:colcon.colcon_core.shell:Creating package script '/home/arbaaz/InterIIT_Code_Repository/install/warehouse_robot_bringup/share/warehouse_robot_bringup/package.bash'
[22.611s] INFO:colcon.colcon_core.shell:Creating package script '/home/arbaaz/InterIIT_Code_Repository/install/warehouse_robot_bringup/share/warehouse_robot_bringup/package.zsh'
[22.611s] Level 1:colcon.colcon_core.environment:create_file_with_runtime_dependencies(/home/arbaaz/InterIIT_Code_Repository/install/warehouse_robot_bringup/share/colcon-core/packages/warehouse_robot_bringup)
[22.611s] DEBUG:colcon.colcon_core.executor.sequential:run_until_complete 'warehouse_robot_bringup' finished with '0'
[22.611s] DEBUG:colcon.colcon_core.executor.sequential:closing loop
[22.611s] DEBUG:colcon.colcon_core.executor.sequential:loop closed
[22.612s] DEBUG:colcon.colcon_core.event_reactor:joining thread
[22.616s] INFO:colcon.colcon_core.plugin_system:Skipping extension 'colcon_notification.desktop_notification.terminal_notifier': Not used on non-Darwin systems
[22.616s] INFO:colcon.colcon_core.plugin_system:Skipping extension 'colcon_notification.desktop_notification.win32': Not used on non-Windows systems
[22.616s] INFO:colcon.colcon_notification.desktop_notification:Sending desktop notification using 'notify2'
[22.630s] DEBUG:colcon.colcon_core.event_reactor:joined thread
[22.631s] INFO:colcon.colcon_core.shell:Creating prefix script '/home/arbaaz/InterIIT_Code_Repository/install/local_setup.ps1'
[22.632s] INFO:colcon.colcon_core.shell:Creating prefix util module '/home/arbaaz/InterIIT_Code_Repository/install/_local_setup_util_ps1.py'
[22.633s] INFO:colcon.colcon_core.shell:Creating prefix chain script '/home/arbaaz/InterIIT_Code_Repository/install/setup.ps1'
[22.634s] INFO:colcon.colcon_core.shell:Creating prefix script '/home/arbaaz/InterIIT_Code_Repository/install/local_setup.sh'
[22.634s] INFO:colcon.colcon_core.shell:Creating prefix util module '/home/arbaaz/InterIIT_Code_Repository/install/_local_setup_util_sh.py'
[22.635s] INFO:colcon.colcon_core.shell:Creating prefix chain script '/home/arbaaz/InterIIT_Code_Repository/install/setup.sh'
[22.636s] INFO:colcon.colcon_core.shell:Creating prefix script '/home/arbaaz/InterIIT_Code_Repository/install/local_setup.bash'
[22.636s] INFO:colcon.colcon_core.shell:Creating prefix chain script '/home/arbaaz/InterIIT_Code_Repository/install/setup.bash'
[22.637s] INFO:colcon.colcon_core.shell:Creating prefix script '/home/arbaaz/InterIIT_Code_Repository/install/local_setup.zsh'
[22.637s] INFO:colcon.colcon_core.shell:Creating prefix chain script '/home/arbaaz/InterIIT_Code_Repository/install/setup.zsh'
