[35m[1mConsolidate compiler generated dependencies of target warehouse_msgs__rosidl_generator_c[0m
[  9%] Built target warehouse_msgs__cpp
[ 12%] Built target warehouse_msgs__rosidl_generator_c
[ 12%] Built target ament_cmake_python_copy_warehouse_msgs
[35m[1mConsolidate compiler generated dependencies of target warehouse_msgs__rosidl_typesupport_introspection_cpp[0m
[35m[1mConsolidate compiler generated dependencies of target warehouse_msgs__rosidl_typesupport_cpp[0m
[35m[1mConsolidate compiler generated dependencies of target warehouse_msgs__rosidl_typesupport_fastrtps_cpp[0m
[35m[1mConsolidate compiler generated dependencies of target warehouse_msgs__rosidl_typesupport_c[0m
[35m[1mConsolidate compiler generated dependencies of target warehouse_msgs__rosidl_typesupport_introspection_c[0m
[35m[1mConsolidate compiler generated dependencies of target warehouse_msgs__rosidl_typesupport_fastrtps_c[0m
[ 41%] Built target warehouse_msgs__rosidl_typesupport_cpp
[ 41%] Built target warehouse_msgs__rosidl_typesupport_fastrtps_cpp
[ 41%] Built target warehouse_msgs__rosidl_typesupport_introspection_cpp
[ 70%] Built target warehouse_msgs__rosidl_typesupport_fastrtps_c
[ 70%] Built target warehouse_msgs__rosidl_typesupport_c
[ 70%] Built target warehouse_msgs__rosidl_typesupport_introspection_c
[ 70%] Built target warehouse_msgs
[ 74%] Built target warehouse_msgs__py
[35m[1mConsolidate compiler generated dependencies of target warehouse_msgs__rosidl_generator_py[0m
[ 80%] Built target warehouse_msgs__rosidl_generator_py
[35m[1mConsolidate compiler generated dependencies of target warehouse_msgs__rosidl_typesupport_fastrtps_c__pyext[0m
[35m[1mConsolidate compiler generated dependencies of target warehouse_msgs__rosidl_typesupport_c__pyext[0m
[35m[1mConsolidate compiler generated dependencies of target warehouse_msgs__rosidl_typesupport_introspection_c__pyext[0m
[100%] Built target warehouse_msgs__rosidl_typesupport_introspection_c__pyext
[100%] Built target warehouse_msgs__rosidl_typesupport_fastrtps_c__pyext
[100%] Built target warehouse_msgs__rosidl_typesupport_c__pyext
running egg_info
writing warehouse_msgs.egg-info/PKG-INFO
writing dependency_links to warehouse_msgs.egg-info/dependency_links.txt
writing top-level names to warehouse_msgs.egg-info/top_level.txt
reading manifest file 'warehouse_msgs.egg-info/SOURCES.txt'
writing manifest file 'warehouse_msgs.egg-info/SOURCES.txt'
[100%] Built target ament_cmake_python_build_warehouse_msgs_egg
-- Install configuration: ""
-- Up-to-date: /home/arbaaz/InterIIT_Code_Repository/install/warehouse_msgs/share/ament_index/resource_index/rosidl_interfaces/warehouse_msgs
-- Up-to-date: /home/arbaaz/InterIIT_Code_Repository/install/warehouse_msgs/include/warehouse_msgs/warehouse_msgs
-- Up-to-date: /home/arbaaz/InterIIT_Code_Repository/install/warehouse_msgs/include/warehouse_msgs/warehouse_msgs/msg
-- Up-to-date: /home/arbaaz/InterIIT_Code_Repository/install/warehouse_msgs/include/warehouse_msgs/warehouse_msgs/msg/rosidl_generator_c__visibility_control.h
-- Up-to-date: /home/arbaaz/InterIIT_Code_Repository/install/warehouse_msgs/include/warehouse_msgs/warehouse_msgs/srv
-- Up-to-date: /home/arbaaz/InterIIT_Code_Repository/install/warehouse_msgs/include/warehouse_msgs/warehouse_msgs/srv/detail
-- Up-to-date: /home/arbaaz/InterIIT_Code_Repository/install/warehouse_msgs/include/warehouse_msgs/warehouse_msgs/srv/detail/localisation__struct.h
-- Up-to-date: /home/arbaaz/InterIIT_Code_Repository/install/warehouse_msgs/include/warehouse_msgs/warehouse_msgs/srv/detail/localisation__functions.h
-- Up-to-date: /home/arbaaz/InterIIT_Code_Repository/install/warehouse_msgs/include/warehouse_msgs/warehouse_msgs/srv/detail/localisation__type_support.h
-- Up-to-date: /home/arbaaz/InterIIT_Code_Repository/install/warehouse_msgs/include/warehouse_msgs/warehouse_msgs/srv/detail/localisation__functions.c
-- Up-to-date: /home/arbaaz/InterIIT_Code_Repository/install/warehouse_msgs/include/warehouse_msgs/warehouse_msgs/srv/localisation.h
-- Up-to-date: /home/arbaaz/InterIIT_Code_Repository/install/warehouse_msgs/share/warehouse_msgs/environment/library_path.sh
-- Up-to-date: /home/arbaaz/InterIIT_Code_Repository/install/warehouse_msgs/share/warehouse_msgs/environment/library_path.dsv
-- Up-to-date: /home/arbaaz/InterIIT_Code_Repository/install/warehouse_msgs/lib/libwarehouse_msgs__rosidl_generator_c.so
-- Up-to-date: /home/arbaaz/InterIIT_Code_Repository/install/warehouse_msgs/include/warehouse_msgs/warehouse_msgs
-- Up-to-date: /home/arbaaz/InterIIT_Code_Repository/install/warehouse_msgs/include/warehouse_msgs/warehouse_msgs/msg
-- Up-to-date: /home/arbaaz/InterIIT_Code_Repository/install/warehouse_msgs/include/warehouse_msgs/warehouse_msgs/msg/rosidl_typesupport_fastrtps_c__visibility_control.h
-- Up-to-date: /home/arbaaz/InterIIT_Code_Repository/install/warehouse_msgs/include/warehouse_msgs/warehouse_msgs/srv
-- Up-to-date: /home/arbaaz/InterIIT_Code_Repository/install/warehouse_msgs/include/warehouse_msgs/warehouse_msgs/srv/detail
-- Up-to-date: /home/arbaaz/InterIIT_Code_Repository/install/warehouse_msgs/include/warehouse_msgs/warehouse_msgs/srv/detail/localisation__rosidl_typesupport_fastrtps_c.h
-- Up-to-date: /home/arbaaz/InterIIT_Code_Repository/install/warehouse_msgs/lib/libwarehouse_msgs__rosidl_typesupport_fastrtps_c.so
-- Up-to-date: /home/arbaaz/InterIIT_Code_Repository/install/warehouse_msgs/include/warehouse_msgs/warehouse_msgs
-- Up-to-date: /home/arbaaz/InterIIT_Code_Repository/install/warehouse_msgs/include/warehouse_msgs/warehouse_msgs/msg
-- Up-to-date: /home/arbaaz/InterIIT_Code_Repository/install/warehouse_msgs/include/warehouse_msgs/warehouse_msgs/msg/rosidl_typesupport_introspection_c__visibility_control.h
-- Up-to-date: /home/arbaaz/InterIIT_Code_Repository/install/warehouse_msgs/include/warehouse_msgs/warehouse_msgs/srv
-- Up-to-date: /home/arbaaz/InterIIT_Code_Repository/install/warehouse_msgs/include/warehouse_msgs/warehouse_msgs/srv/detail
-- Up-to-date: /home/arbaaz/InterIIT_Code_Repository/install/warehouse_msgs/include/warehouse_msgs/warehouse_msgs/srv/detail/localisation__type_support.c
-- Up-to-date: /home/arbaaz/InterIIT_Code_Repository/install/warehouse_msgs/include/warehouse_msgs/warehouse_msgs/srv/detail/localisation__rosidl_typesupport_introspection_c.h
-- Up-to-date: /home/arbaaz/InterIIT_Code_Repository/install/warehouse_msgs/lib/libwarehouse_msgs__rosidl_typesupport_introspection_c.so
-- Up-to-date: /home/arbaaz/InterIIT_Code_Repository/install/warehouse_msgs/lib/libwarehouse_msgs__rosidl_typesupport_c.so
-- Up-to-date: /home/arbaaz/InterIIT_Code_Repository/install/warehouse_msgs/include/warehouse_msgs/warehouse_msgs
-- Up-to-date: /home/arbaaz/InterIIT_Code_Repository/install/warehouse_msgs/include/warehouse_msgs/warehouse_msgs/msg
-- Up-to-date: /home/arbaaz/InterIIT_Code_Repository/install/warehouse_msgs/include/warehouse_msgs/warehouse_msgs/msg/rosidl_generator_cpp__visibility_control.hpp
-- Up-to-date: /home/arbaaz/InterIIT_Code_Repository/install/warehouse_msgs/include/warehouse_msgs/warehouse_msgs/srv
-- Up-to-date: /home/arbaaz/InterIIT_Code_Repository/install/warehouse_msgs/include/warehouse_msgs/warehouse_msgs/srv/localisation.hpp
-- Up-to-date: /home/arbaaz/InterIIT_Code_Repository/install/warehouse_msgs/include/warehouse_msgs/warehouse_msgs/srv/detail
-- Up-to-date: /home/arbaaz/InterIIT_Code_Repository/install/warehouse_msgs/include/warehouse_msgs/warehouse_msgs/srv/detail/localisation__traits.hpp
-- Up-to-date: /home/arbaaz/InterIIT_Code_Repository/install/warehouse_msgs/include/warehouse_msgs/warehouse_msgs/srv/detail/localisation__struct.hpp
-- Up-to-date: /home/arbaaz/InterIIT_Code_Repository/install/warehouse_msgs/include/warehouse_msgs/warehouse_msgs/srv/detail/localisation__type_support.hpp
-- Up-to-date: /home/arbaaz/InterIIT_Code_Repository/install/warehouse_msgs/include/warehouse_msgs/warehouse_msgs/srv/detail/localisation__builder.hpp
-- Up-to-date: /home/arbaaz/InterIIT_Code_Repository/install/warehouse_msgs/include/warehouse_msgs/warehouse_msgs
-- Up-to-date: /home/arbaaz/InterIIT_Code_Repository/install/warehouse_msgs/include/warehouse_msgs/warehouse_msgs/msg
-- Up-to-date: /home/arbaaz/InterIIT_Code_Repository/install/warehouse_msgs/include/warehouse_msgs/warehouse_msgs/msg/rosidl_typesupport_fastrtps_cpp__visibility_control.h
-- Up-to-date: /home/arbaaz/InterIIT_Code_Repository/install/warehouse_msgs/include/warehouse_msgs/warehouse_msgs/srv
-- Up-to-date: /home/arbaaz/InterIIT_Code_Repository/install/warehouse_msgs/include/warehouse_msgs/warehouse_msgs/srv/detail
-- Up-to-date: /home/arbaaz/InterIIT_Code_Repository/install/warehouse_msgs/include/warehouse_msgs/warehouse_msgs/srv/detail/localisation__rosidl_typesupport_fastrtps_cpp.hpp
-- Up-to-date: /home/arbaaz/InterIIT_Code_Repository/install/warehouse_msgs/include/warehouse_msgs/warehouse_msgs/srv/detail/dds_fastrtps
-- Up-to-date: /home/arbaaz/InterIIT_Code_Repository/install/warehouse_msgs/lib/libwarehouse_msgs__rosidl_typesupport_fastrtps_cpp.so
-- Up-to-date: /home/arbaaz/InterIIT_Code_Repository/install/warehouse_msgs/include/warehouse_msgs/warehouse_msgs
-- Up-to-date: /home/arbaaz/InterIIT_Code_Repository/install/warehouse_msgs/include/warehouse_msgs/warehouse_msgs/srv
-- Up-to-date: /home/arbaaz/InterIIT_Code_Repository/install/warehouse_msgs/include/warehouse_msgs/warehouse_msgs/srv/detail
-- Up-to-date: /home/arbaaz/InterIIT_Code_Repository/install/warehouse_msgs/include/warehouse_msgs/warehouse_msgs/srv/detail/localisation__type_support.cpp
-- Up-to-date: /home/arbaaz/InterIIT_Code_Repository/install/warehouse_msgs/include/warehouse_msgs/warehouse_msgs/srv/detail/localisation__rosidl_typesupport_introspection_cpp.hpp
-- Up-to-date: /home/arbaaz/InterIIT_Code_Repository/install/warehouse_msgs/lib/libwarehouse_msgs__rosidl_typesupport_introspection_cpp.so
-- Up-to-date: /home/arbaaz/InterIIT_Code_Repository/install/warehouse_msgs/lib/libwarehouse_msgs__rosidl_typesupport_cpp.so
-- Up-to-date: /home/arbaaz/InterIIT_Code_Repository/install/warehouse_msgs/share/warehouse_msgs/environment/pythonpath.sh
-- Up-to-date: /home/arbaaz/InterIIT_Code_Repository/install/warehouse_msgs/share/warehouse_msgs/environment/pythonpath.dsv
-- Up-to-date: /home/arbaaz/InterIIT_Code_Repository/install/warehouse_msgs/local/lib/python3.10/dist-packages/warehouse_msgs-0.0.1-py3.10.egg-info
-- Installing: /home/arbaaz/InterIIT_Code_Repository/install/warehouse_msgs/local/lib/python3.10/dist-packages/warehouse_msgs-0.0.1-py3.10.egg-info/PKG-INFO
-- Installing: /home/arbaaz/InterIIT_Code_Repository/install/warehouse_msgs/local/lib/python3.10/dist-packages/warehouse_msgs-0.0.1-py3.10.egg-info/SOURCES.txt
-- Installing: /home/arbaaz/InterIIT_Code_Repository/install/warehouse_msgs/local/lib/python3.10/dist-packages/warehouse_msgs-0.0.1-py3.10.egg-info/dependency_links.txt
-- Installing: /home/arbaaz/InterIIT_Code_Repository/install/warehouse_msgs/local/lib/python3.10/dist-packages/warehouse_msgs-0.0.1-py3.10.egg-info/top_level.txt
-- Up-to-date: /home/arbaaz/InterIIT_Code_Repository/install/warehouse_msgs/local/lib/python3.10/dist-packages/warehouse_msgs
-- Up-to-date: /home/arbaaz/InterIIT_Code_Repository/install/warehouse_msgs/local/lib/python3.10/dist-packages/warehouse_msgs/_warehouse_msgs_s.ep.rosidl_typesupport_c.c
-- Up-to-date: /home/arbaaz/InterIIT_Code_Repository/install/warehouse_msgs/local/lib/python3.10/dist-packages/warehouse_msgs/warehouse_msgs_s__rosidl_typesupport_introspection_c.cpython-310-x86_64-linux-gnu.so
-- Up-to-date: /home/arbaaz/InterIIT_Code_Repository/install/warehouse_msgs/local/lib/python3.10/dist-packages/warehouse_msgs/warehouse_msgs_s__rosidl_typesupport_fastrtps_c.cpython-310-x86_64-linux-gnu.so
-- Up-to-date: /home/arbaaz/InterIIT_Code_Repository/install/warehouse_msgs/local/lib/python3.10/dist-packages/warehouse_msgs/_warehouse_msgs_s.ep.rosidl_typesupport_introspection_c.c
-- Up-to-date: /home/arbaaz/InterIIT_Code_Repository/install/warehouse_msgs/local/lib/python3.10/dist-packages/warehouse_msgs/_warehouse_msgs_s.ep.rosidl_typesupport_fastrtps_c.c
-- Up-to-date: /home/arbaaz/InterIIT_Code_Repository/install/warehouse_msgs/local/lib/python3.10/dist-packages/warehouse_msgs/__init__.py
-- Up-to-date: /home/arbaaz/InterIIT_Code_Repository/install/warehouse_msgs/local/lib/python3.10/dist-packages/warehouse_msgs/libwarehouse_msgs__rosidl_generator_py.so
-- Up-to-date: /home/arbaaz/InterIIT_Code_Repository/install/warehouse_msgs/local/lib/python3.10/dist-packages/warehouse_msgs/warehouse_msgs_s__rosidl_typesupport_c.cpython-310-x86_64-linux-gnu.so
-- Up-to-date: /home/arbaaz/InterIIT_Code_Repository/install/warehouse_msgs/local/lib/python3.10/dist-packages/warehouse_msgs/srv
-- Up-to-date: /home/arbaaz/InterIIT_Code_Repository/install/warehouse_msgs/local/lib/python3.10/dist-packages/warehouse_msgs/srv/_localisation.py
-- Up-to-date: /home/arbaaz/InterIIT_Code_Repository/install/warehouse_msgs/local/lib/python3.10/dist-packages/warehouse_msgs/srv/__init__.py
-- Up-to-date: /home/arbaaz/InterIIT_Code_Repository/install/warehouse_msgs/local/lib/python3.10/dist-packages/warehouse_msgs/srv/_localisation_s.c
Listing '/home/arbaaz/InterIIT_Code_Repository/install/warehouse_msgs/local/lib/python3.10/dist-packages/warehouse_msgs'...
Listing '/home/arbaaz/InterIIT_Code_Repository/install/warehouse_msgs/local/lib/python3.10/dist-packages/warehouse_msgs/srv'...
-- Up-to-date: /home/arbaaz/InterIIT_Code_Repository/install/warehouse_msgs/local/lib/python3.10/dist-packages/warehouse_msgs/warehouse_msgs_s__rosidl_typesupport_fastrtps_c.cpython-310-x86_64-linux-gnu.so
-- Up-to-date: /home/arbaaz/InterIIT_Code_Repository/install/warehouse_msgs/local/lib/python3.10/dist-packages/warehouse_msgs/warehouse_msgs_s__rosidl_typesupport_introspection_c.cpython-310-x86_64-linux-gnu.so
-- Up-to-date: /home/arbaaz/InterIIT_Code_Repository/install/warehouse_msgs/local/lib/python3.10/dist-packages/warehouse_msgs/warehouse_msgs_s__rosidl_typesupport_c.cpython-310-x86_64-linux-gnu.so
-- Up-to-date: /home/arbaaz/InterIIT_Code_Repository/install/warehouse_msgs/lib/libwarehouse_msgs__rosidl_generator_py.so
-- Up-to-date: /home/arbaaz/InterIIT_Code_Repository/install/warehouse_msgs/share/warehouse_msgs/srv/Localisation.idl
-- Up-to-date: /home/arbaaz/InterIIT_Code_Repository/install/warehouse_msgs/share/warehouse_msgs/srv/Localisation.srv
-- Up-to-date: /home/arbaaz/InterIIT_Code_Repository/install/warehouse_msgs/share/warehouse_msgs/srv/Localisation_Request.msg
-- Up-to-date: /home/arbaaz/InterIIT_Code_Repository/install/warehouse_msgs/share/warehouse_msgs/srv/Localisation_Response.msg
-- Up-to-date: /home/arbaaz/InterIIT_Code_Repository/install/warehouse_msgs/share/ament_index/resource_index/package_run_dependencies/warehouse_msgs
-- Up-to-date: /home/arbaaz/InterIIT_Code_Repository/install/warehouse_msgs/share/ament_index/resource_index/parent_prefix_path/warehouse_msgs
-- Up-to-date: /home/arbaaz/InterIIT_Code_Repository/install/warehouse_msgs/share/warehouse_msgs/environment/ament_prefix_path.sh
-- Up-to-date: /home/arbaaz/InterIIT_Code_Repository/install/warehouse_msgs/share/warehouse_msgs/environment/ament_prefix_path.dsv
-- Up-to-date: /home/arbaaz/InterIIT_Code_Repository/install/warehouse_msgs/share/warehouse_msgs/environment/path.sh
-- Up-to-date: /home/arbaaz/InterIIT_Code_Repository/install/warehouse_msgs/share/warehouse_msgs/environment/path.dsv
-- Up-to-date: /home/arbaaz/InterIIT_Code_Repository/install/warehouse_msgs/share/warehouse_msgs/local_setup.bash
-- Up-to-date: /home/arbaaz/InterIIT_Code_Repository/install/warehouse_msgs/share/warehouse_msgs/local_setup.sh
-- Up-to-date: /home/arbaaz/InterIIT_Code_Repository/install/warehouse_msgs/share/warehouse_msgs/local_setup.zsh
-- Up-to-date: /home/arbaaz/InterIIT_Code_Repository/install/warehouse_msgs/share/warehouse_msgs/local_setup.dsv
-- Installing: /home/arbaaz/InterIIT_Code_Repository/install/warehouse_msgs/share/warehouse_msgs/package.dsv
-- Up-to-date: /home/arbaaz/InterIIT_Code_Repository/install/warehouse_msgs/share/ament_index/resource_index/packages/warehouse_msgs
-- Up-to-date: /home/arbaaz/InterIIT_Code_Repository/install/warehouse_msgs/share/warehouse_msgs/cmake/export_warehouse_msgs__rosidl_generator_cExport.cmake
-- Up-to-date: /home/arbaaz/InterIIT_Code_Repository/install/warehouse_msgs/share/warehouse_msgs/cmake/export_warehouse_msgs__rosidl_generator_cExport-noconfig.cmake
-- Up-to-date: /home/arbaaz/InterIIT_Code_Repository/install/warehouse_msgs/share/warehouse_msgs/cmake/export_warehouse_msgs__rosidl_typesupport_fastrtps_cExport.cmake
-- Up-to-date: /home/arbaaz/InterIIT_Code_Repository/install/warehouse_msgs/share/warehouse_msgs/cmake/export_warehouse_msgs__rosidl_typesupport_fastrtps_cExport-noconfig.cmake
-- Up-to-date: /home/arbaaz/InterIIT_Code_Repository/install/warehouse_msgs/share/warehouse_msgs/cmake/warehouse_msgs__rosidl_typesupport_introspection_cExport.cmake
-- Up-to-date: /home/arbaaz/InterIIT_Code_Repository/install/warehouse_msgs/share/warehouse_msgs/cmake/warehouse_msgs__rosidl_typesupport_introspection_cExport-noconfig.cmake
-- Up-to-date: /home/arbaaz/InterIIT_Code_Repository/install/warehouse_msgs/share/warehouse_msgs/cmake/warehouse_msgs__rosidl_typesupport_cExport.cmake
-- Up-to-date: /home/arbaaz/InterIIT_Code_Repository/install/warehouse_msgs/share/warehouse_msgs/cmake/warehouse_msgs__rosidl_typesupport_cExport-noconfig.cmake
-- Up-to-date: /home/arbaaz/InterIIT_Code_Repository/install/warehouse_msgs/share/warehouse_msgs/cmake/export_warehouse_msgs__rosidl_generator_cppExport.cmake
-- Up-to-date: /home/arbaaz/InterIIT_Code_Repository/install/warehouse_msgs/share/warehouse_msgs/cmake/export_warehouse_msgs__rosidl_typesupport_fastrtps_cppExport.cmake
-- Up-to-date: /home/arbaaz/InterIIT_Code_Repository/install/warehouse_msgs/share/warehouse_msgs/cmake/export_warehouse_msgs__rosidl_typesupport_fastrtps_cppExport-noconfig.cmake
-- Up-to-date: /home/arbaaz/InterIIT_Code_Repository/install/warehouse_msgs/share/warehouse_msgs/cmake/warehouse_msgs__rosidl_typesupport_introspection_cppExport.cmake
-- Up-to-date: /home/arbaaz/InterIIT_Code_Repository/install/warehouse_msgs/share/warehouse_msgs/cmake/warehouse_msgs__rosidl_typesupport_introspection_cppExport-noconfig.cmake
-- Up-to-date: /home/arbaaz/InterIIT_Code_Repository/install/warehouse_msgs/share/warehouse_msgs/cmake/warehouse_msgs__rosidl_typesupport_cppExport.cmake
-- Up-to-date: /home/arbaaz/InterIIT_Code_Repository/install/warehouse_msgs/share/warehouse_msgs/cmake/warehouse_msgs__rosidl_typesupport_cppExport-noconfig.cmake
-- Up-to-date: /home/arbaaz/InterIIT_Code_Repository/install/warehouse_msgs/share/warehouse_msgs/cmake/export_warehouse_msgs__rosidl_generator_pyExport.cmake
-- Up-to-date: /home/arbaaz/InterIIT_Code_Repository/install/warehouse_msgs/share/warehouse_msgs/cmake/export_warehouse_msgs__rosidl_generator_pyExport-noconfig.cmake
-- Up-to-date: /home/arbaaz/InterIIT_Code_Repository/install/warehouse_msgs/share/warehouse_msgs/cmake/rosidl_cmake-extras.cmake
-- Up-to-date: /home/arbaaz/InterIIT_Code_Repository/install/warehouse_msgs/share/warehouse_msgs/cmake/ament_cmake_export_dependencies-extras.cmake
-- Up-to-date: /home/arbaaz/InterIIT_Code_Repository/install/warehouse_msgs/share/warehouse_msgs/cmake/ament_cmake_export_include_directories-extras.cmake
-- Up-to-date: /home/arbaaz/InterIIT_Code_Repository/install/warehouse_msgs/share/warehouse_msgs/cmake/ament_cmake_export_libraries-extras.cmake
-- Up-to-date: /home/arbaaz/InterIIT_Code_Repository/install/warehouse_msgs/share/warehouse_msgs/cmake/ament_cmake_export_targets-extras.cmake
-- Up-to-date: /home/arbaaz/InterIIT_Code_Repository/install/warehouse_msgs/share/warehouse_msgs/cmake/rosidl_cmake_export_typesupport_targets-extras.cmake
-- Up-to-date: /home/arbaaz/InterIIT_Code_Repository/install/warehouse_msgs/share/warehouse_msgs/cmake/rosidl_cmake_export_typesupport_libraries-extras.cmake
-- Up-to-date: /home/arbaaz/InterIIT_Code_Repository/install/warehouse_msgs/share/warehouse_msgs/cmake/warehouse_msgsConfig.cmake
-- Up-to-date: /home/arbaaz/InterIIT_Code_Repository/install/warehouse_msgs/share/warehouse_msgs/cmake/warehouse_msgsConfig-version.cmake
-- Up-to-date: /home/arbaaz/InterIIT_Code_Repository/install/warehouse_msgs/share/warehouse_msgs/package.xml
