[0.009s] Invoking command in '/home/arbaaz/InterIIT_Code_Repository/build/warehouse_msgs': CMAKE_PREFIX_PATH=${CMAKE_PREFIX_PATH}:/home/arbaaz/InterIIT_Code_Repository/install/warehouse_robot_bringup:/home/arbaaz/InterIIT_Code_Repository/install/warehouse_scanning:/home/arbaaz/InterIIT_Code_Repository/install/warehouse_hmi:/opt/ros/humble /usr/bin/cmake --build /home/arbaaz/InterIIT_Code_Repository/build/warehouse_msgs -- -j12 -l12
[0.055s] [35m[1mConsolidate compiler generated dependencies of target warehouse_msgs__rosidl_generator_c[0m
[0.068s] [  9%] Built target warehouse_msgs__cpp
[0.068s] [ 12%] Built target warehouse_msgs__rosidl_generator_c
[0.081s] [ 12%] Built target ament_cmake_python_copy_warehouse_msgs
[0.081s] [35m[1mConsolidate compiler generated dependencies of target warehouse_msgs__rosidl_typesupport_introspection_cpp[0m
[0.081s] [35m[1mConsolidate compiler generated dependencies of target warehouse_msgs__rosidl_typesupport_cpp[0m
[0.081s] [35m[1mConsolidate compiler generated dependencies of target warehouse_msgs__rosidl_typesupport_fastrtps_cpp[0m
[0.097s] [35m[1mConsolidate compiler generated dependencies of target warehouse_msgs__rosidl_typesupport_c[0m
[0.097s] [35m[1mConsolidate compiler generated dependencies of target warehouse_msgs__rosidl_typesupport_introspection_c[0m
[0.097s] [35m[1mConsolidate compiler generated dependencies of target warehouse_msgs__rosidl_typesupport_fastrtps_c[0m
[0.099s] [ 41%] Built target warehouse_msgs__rosidl_typesupport_cpp
[0.100s] [ 41%] Built target warehouse_msgs__rosidl_typesupport_fastrtps_cpp
[0.100s] [ 41%] Built target warehouse_msgs__rosidl_typesupport_introspection_cpp
[0.113s] [ 70%] Built target warehouse_msgs__rosidl_typesupport_fastrtps_c
[0.113s] [ 70%] Built target warehouse_msgs__rosidl_typesupport_c
[0.113s] [ 70%] Built target warehouse_msgs__rosidl_typesupport_introspection_c
[0.138s] [ 70%] Built target warehouse_msgs
[0.164s] [ 74%] Built target warehouse_msgs__py
[0.176s] [35m[1mConsolidate compiler generated dependencies of target warehouse_msgs__rosidl_generator_py[0m
[0.192s] [ 80%] Built target warehouse_msgs__rosidl_generator_py
[0.205s] [35m[1mConsolidate compiler generated dependencies of target warehouse_msgs__rosidl_typesupport_fastrtps_c__pyext[0m
[0.205s] [35m[1mConsolidate compiler generated dependencies of target warehouse_msgs__rosidl_typesupport_c__pyext[0m
[0.205s] [35m[1mConsolidate compiler generated dependencies of target warehouse_msgs__rosidl_typesupport_introspection_c__pyext[0m
[0.221s] [100%] Built target warehouse_msgs__rosidl_typesupport_introspection_c__pyext
[0.221s] [100%] Built target warehouse_msgs__rosidl_typesupport_fastrtps_c__pyext
[0.221s] [100%] Built target warehouse_msgs__rosidl_typesupport_c__pyext
[0.336s] running egg_info
[0.336s] writing warehouse_msgs.egg-info/PKG-INFO
[0.337s] writing dependency_links to warehouse_msgs.egg-info/dependency_links.txt
[0.337s] writing top-level names to warehouse_msgs.egg-info/top_level.txt
[0.339s] reading manifest file 'warehouse_msgs.egg-info/SOURCES.txt'
[0.339s] writing manifest file 'warehouse_msgs.egg-info/SOURCES.txt'
[0.376s] [100%] Built target ament_cmake_python_build_warehouse_msgs_egg
[0.392s] Invoked command in '/home/arbaaz/InterIIT_Code_Repository/build/warehouse_msgs' returned '0': CMAKE_PREFIX_PATH=${CMAKE_PREFIX_PATH}:/home/arbaaz/InterIIT_Code_Repository/install/warehouse_robot_bringup:/home/arbaaz/InterIIT_Code_Repository/install/warehouse_scanning:/home/arbaaz/InterIIT_Code_Repository/install/warehouse_hmi:/opt/ros/humble /usr/bin/cmake --build /home/arbaaz/InterIIT_Code_Repository/build/warehouse_msgs -- -j12 -l12
[0.403s] Invoking command in '/home/arbaaz/InterIIT_Code_Repository/build/warehouse_msgs': CMAKE_PREFIX_PATH=${CMAKE_PREFIX_PATH}:/home/arbaaz/InterIIT_Code_Repository/install/warehouse_robot_bringup:/home/arbaaz/InterIIT_Code_Repository/install/warehouse_scanning:/home/arbaaz/InterIIT_Code_Repository/install/warehouse_hmi:/opt/ros/humble /usr/bin/cmake --install /home/arbaaz/InterIIT_Code_Repository/build/warehouse_msgs
[0.412s] -- Install configuration: ""
[0.413s] -- Up-to-date: /home/arbaaz/InterIIT_Code_Repository/install/warehouse_msgs/share/ament_index/resource_index/rosidl_interfaces/warehouse_msgs
[0.413s] -- Up-to-date: /home/arbaaz/InterIIT_Code_Repository/install/warehouse_msgs/include/warehouse_msgs/warehouse_msgs
[0.413s] -- Up-to-date: /home/arbaaz/InterIIT_Code_Repository/install/warehouse_msgs/include/warehouse_msgs/warehouse_msgs/msg
[0.413s] -- Up-to-date: /home/arbaaz/InterIIT_Code_Repository/install/warehouse_msgs/include/warehouse_msgs/warehouse_msgs/msg/rosidl_generator_c__visibility_control.h
[0.413s] -- Up-to-date: /home/arbaaz/InterIIT_Code_Repository/install/warehouse_msgs/include/warehouse_msgs/warehouse_msgs/srv
[0.413s] -- Up-to-date: /home/arbaaz/InterIIT_Code_Repository/install/warehouse_msgs/include/warehouse_msgs/warehouse_msgs/srv/detail
[0.413s] -- Up-to-date: /home/arbaaz/InterIIT_Code_Repository/install/warehouse_msgs/include/warehouse_msgs/warehouse_msgs/srv/detail/localisation__struct.h
[0.414s] -- Up-to-date: /home/arbaaz/InterIIT_Code_Repository/install/warehouse_msgs/include/warehouse_msgs/warehouse_msgs/srv/detail/localisation__functions.h
[0.414s] -- Up-to-date: /home/arbaaz/InterIIT_Code_Repository/install/warehouse_msgs/include/warehouse_msgs/warehouse_msgs/srv/detail/localisation__type_support.h
[0.414s] -- Up-to-date: /home/arbaaz/InterIIT_Code_Repository/install/warehouse_msgs/include/warehouse_msgs/warehouse_msgs/srv/detail/localisation__functions.c
[0.414s] -- Up-to-date: /home/arbaaz/InterIIT_Code_Repository/install/warehouse_msgs/include/warehouse_msgs/warehouse_msgs/srv/localisation.h
[0.414s] -- Up-to-date: /home/arbaaz/InterIIT_Code_Repository/install/warehouse_msgs/share/warehouse_msgs/environment/library_path.sh
[0.414s] -- Up-to-date: /home/arbaaz/InterIIT_Code_Repository/install/warehouse_msgs/share/warehouse_msgs/environment/library_path.dsv
[0.414s] -- Up-to-date: /home/arbaaz/InterIIT_Code_Repository/install/warehouse_msgs/lib/libwarehouse_msgs__rosidl_generator_c.so
[0.414s] -- Up-to-date: /home/arbaaz/InterIIT_Code_Repository/install/warehouse_msgs/include/warehouse_msgs/warehouse_msgs
[0.414s] -- Up-to-date: /home/arbaaz/InterIIT_Code_Repository/install/warehouse_msgs/include/warehouse_msgs/warehouse_msgs/msg
[0.414s] -- Up-to-date: /home/arbaaz/InterIIT_Code_Repository/install/warehouse_msgs/include/warehouse_msgs/warehouse_msgs/msg/rosidl_typesupport_fastrtps_c__visibility_control.h
[0.414s] -- Up-to-date: /home/arbaaz/InterIIT_Code_Repository/install/warehouse_msgs/include/warehouse_msgs/warehouse_msgs/srv
[0.414s] -- Up-to-date: /home/arbaaz/InterIIT_Code_Repository/install/warehouse_msgs/include/warehouse_msgs/warehouse_msgs/srv/detail
[0.414s] -- Up-to-date: /home/arbaaz/InterIIT_Code_Repository/install/warehouse_msgs/include/warehouse_msgs/warehouse_msgs/srv/detail/localisation__rosidl_typesupport_fastrtps_c.h
[0.414s] -- Up-to-date: /home/arbaaz/InterIIT_Code_Repository/install/warehouse_msgs/lib/libwarehouse_msgs__rosidl_typesupport_fastrtps_c.so
[0.414s] -- Up-to-date: /home/arbaaz/InterIIT_Code_Repository/install/warehouse_msgs/include/warehouse_msgs/warehouse_msgs
[0.414s] -- Up-to-date: /home/arbaaz/InterIIT_Code_Repository/install/warehouse_msgs/include/warehouse_msgs/warehouse_msgs/msg
[0.415s] -- Up-to-date: /home/arbaaz/InterIIT_Code_Repository/install/warehouse_msgs/include/warehouse_msgs/warehouse_msgs/msg/rosidl_typesupport_introspection_c__visibility_control.h
[0.415s] -- Up-to-date: /home/arbaaz/InterIIT_Code_Repository/install/warehouse_msgs/include/warehouse_msgs/warehouse_msgs/srv
[0.415s] -- Up-to-date: /home/arbaaz/InterIIT_Code_Repository/install/warehouse_msgs/include/warehouse_msgs/warehouse_msgs/srv/detail
[0.415s] -- Up-to-date: /home/arbaaz/InterIIT_Code_Repository/install/warehouse_msgs/include/warehouse_msgs/warehouse_msgs/srv/detail/localisation__type_support.c
[0.415s] -- Up-to-date: /home/arbaaz/InterIIT_Code_Repository/install/warehouse_msgs/include/warehouse_msgs/warehouse_msgs/srv/detail/localisation__rosidl_typesupport_introspection_c.h
[0.415s] -- Up-to-date: /home/arbaaz/InterIIT_Code_Repository/install/warehouse_msgs/lib/libwarehouse_msgs__rosidl_typesupport_introspection_c.so
[0.415s] -- Up-to-date: /home/arbaaz/InterIIT_Code_Repository/install/warehouse_msgs/lib/libwarehouse_msgs__rosidl_typesupport_c.so
[0.415s] -- Up-to-date: /home/arbaaz/InterIIT_Code_Repository/install/warehouse_msgs/include/warehouse_msgs/warehouse_msgs
[0.415s] -- Up-to-date: /home/arbaaz/InterIIT_Code_Repository/install/warehouse_msgs/include/warehouse_msgs/warehouse_msgs/msg
[0.415s] -- Up-to-date: /home/arbaaz/InterIIT_Code_Repository/install/warehouse_msgs/include/warehouse_msgs/warehouse_msgs/msg/rosidl_generator_cpp__visibility_control.hpp
[0.415s] -- Up-to-date: /home/arbaaz/InterIIT_Code_Repository/install/warehouse_msgs/include/warehouse_msgs/warehouse_msgs/srv
[0.415s] -- Up-to-date: /home/arbaaz/InterIIT_Code_Repository/install/warehouse_msgs/include/warehouse_msgs/warehouse_msgs/srv/localisation.hpp
[0.415s] -- Up-to-date: /home/arbaaz/InterIIT_Code_Repository/install/warehouse_msgs/include/warehouse_msgs/warehouse_msgs/srv/detail
[0.415s] -- Up-to-date: /home/arbaaz/InterIIT_Code_Repository/install/warehouse_msgs/include/warehouse_msgs/warehouse_msgs/srv/detail/localisation__traits.hpp
[0.415s] -- Up-to-date: /home/arbaaz/InterIIT_Code_Repository/install/warehouse_msgs/include/warehouse_msgs/warehouse_msgs/srv/detail/localisation__struct.hpp
[0.416s] -- Up-to-date: /home/arbaaz/InterIIT_Code_Repository/install/warehouse_msgs/include/warehouse_msgs/warehouse_msgs/srv/detail/localisation__type_support.hpp
[0.416s] -- Up-to-date: /home/arbaaz/InterIIT_Code_Repository/install/warehouse_msgs/include/warehouse_msgs/warehouse_msgs/srv/detail/localisation__builder.hpp
[0.416s] -- Up-to-date: /home/arbaaz/InterIIT_Code_Repository/install/warehouse_msgs/include/warehouse_msgs/warehouse_msgs
[0.416s] -- Up-to-date: /home/arbaaz/InterIIT_Code_Repository/install/warehouse_msgs/include/warehouse_msgs/warehouse_msgs/msg
[0.416s] -- Up-to-date: /home/arbaaz/InterIIT_Code_Repository/install/warehouse_msgs/include/warehouse_msgs/warehouse_msgs/msg/rosidl_typesupport_fastrtps_cpp__visibility_control.h
[0.416s] -- Up-to-date: /home/arbaaz/InterIIT_Code_Repository/install/warehouse_msgs/include/warehouse_msgs/warehouse_msgs/srv
[0.416s] -- Up-to-date: /home/arbaaz/InterIIT_Code_Repository/install/warehouse_msgs/include/warehouse_msgs/warehouse_msgs/srv/detail
[0.416s] -- Up-to-date: /home/arbaaz/InterIIT_Code_Repository/install/warehouse_msgs/include/warehouse_msgs/warehouse_msgs/srv/detail/localisation__rosidl_typesupport_fastrtps_cpp.hpp
[0.416s] -- Up-to-date: /home/arbaaz/InterIIT_Code_Repository/install/warehouse_msgs/include/warehouse_msgs/warehouse_msgs/srv/detail/dds_fastrtps
[0.416s] -- Up-to-date: /home/arbaaz/InterIIT_Code_Repository/install/warehouse_msgs/lib/libwarehouse_msgs__rosidl_typesupport_fastrtps_cpp.so
[0.416s] -- Up-to-date: /home/arbaaz/InterIIT_Code_Repository/install/warehouse_msgs/include/warehouse_msgs/warehouse_msgs
[0.416s] -- Up-to-date: /home/arbaaz/InterIIT_Code_Repository/install/warehouse_msgs/include/warehouse_msgs/warehouse_msgs/srv
[0.416s] -- Up-to-date: /home/arbaaz/InterIIT_Code_Repository/install/warehouse_msgs/include/warehouse_msgs/warehouse_msgs/srv/detail
[0.416s] -- Up-to-date: /home/arbaaz/InterIIT_Code_Repository/install/warehouse_msgs/include/warehouse_msgs/warehouse_msgs/srv/detail/localisation__type_support.cpp
[0.416s] -- Up-to-date: /home/arbaaz/InterIIT_Code_Repository/install/warehouse_msgs/include/warehouse_msgs/warehouse_msgs/srv/detail/localisation__rosidl_typesupport_introspection_cpp.hpp
[0.416s] -- Up-to-date: /home/arbaaz/InterIIT_Code_Repository/install/warehouse_msgs/lib/libwarehouse_msgs__rosidl_typesupport_introspection_cpp.so
[0.416s] -- Up-to-date: /home/arbaaz/InterIIT_Code_Repository/install/warehouse_msgs/lib/libwarehouse_msgs__rosidl_typesupport_cpp.so
[0.416s] -- Up-to-date: /home/arbaaz/InterIIT_Code_Repository/install/warehouse_msgs/share/warehouse_msgs/environment/pythonpath.sh
[0.417s] -- Up-to-date: /home/arbaaz/InterIIT_Code_Repository/install/warehouse_msgs/share/warehouse_msgs/environment/pythonpath.dsv
[0.417s] -- Up-to-date: /home/arbaaz/InterIIT_Code_Repository/install/warehouse_msgs/local/lib/python3.10/dist-packages/warehouse_msgs-0.0.1-py3.10.egg-info
[0.417s] -- Installing: /home/arbaaz/InterIIT_Code_Repository/install/warehouse_msgs/local/lib/python3.10/dist-packages/warehouse_msgs-0.0.1-py3.10.egg-info/PKG-INFO
[0.417s] -- Installing: /home/arbaaz/InterIIT_Code_Repository/install/warehouse_msgs/local/lib/python3.10/dist-packages/warehouse_msgs-0.0.1-py3.10.egg-info/SOURCES.txt
[0.417s] -- Installing: /home/arbaaz/InterIIT_Code_Repository/install/warehouse_msgs/local/lib/python3.10/dist-packages/warehouse_msgs-0.0.1-py3.10.egg-info/dependency_links.txt
[0.417s] -- Installing: /home/arbaaz/InterIIT_Code_Repository/install/warehouse_msgs/local/lib/python3.10/dist-packages/warehouse_msgs-0.0.1-py3.10.egg-info/top_level.txt
[0.417s] -- Up-to-date: /home/arbaaz/InterIIT_Code_Repository/install/warehouse_msgs/local/lib/python3.10/dist-packages/warehouse_msgs
[0.417s] -- Up-to-date: /home/arbaaz/InterIIT_Code_Repository/install/warehouse_msgs/local/lib/python3.10/dist-packages/warehouse_msgs/_warehouse_msgs_s.ep.rosidl_typesupport_c.c
[0.417s] -- Up-to-date: /home/arbaaz/InterIIT_Code_Repository/install/warehouse_msgs/local/lib/python3.10/dist-packages/warehouse_msgs/warehouse_msgs_s__rosidl_typesupport_introspection_c.cpython-310-x86_64-linux-gnu.so
[0.417s] -- Up-to-date: /home/arbaaz/InterIIT_Code_Repository/install/warehouse_msgs/local/lib/python3.10/dist-packages/warehouse_msgs/warehouse_msgs_s__rosidl_typesupport_fastrtps_c.cpython-310-x86_64-linux-gnu.so
[0.417s] -- Up-to-date: /home/arbaaz/InterIIT_Code_Repository/install/warehouse_msgs/local/lib/python3.10/dist-packages/warehouse_msgs/_warehouse_msgs_s.ep.rosidl_typesupport_introspection_c.c
[0.417s] -- Up-to-date: /home/arbaaz/InterIIT_Code_Repository/install/warehouse_msgs/local/lib/python3.10/dist-packages/warehouse_msgs/_warehouse_msgs_s.ep.rosidl_typesupport_fastrtps_c.c
[0.417s] -- Up-to-date: /home/arbaaz/InterIIT_Code_Repository/install/warehouse_msgs/local/lib/python3.10/dist-packages/warehouse_msgs/__init__.py
[0.417s] -- Up-to-date: /home/arbaaz/InterIIT_Code_Repository/install/warehouse_msgs/local/lib/python3.10/dist-packages/warehouse_msgs/libwarehouse_msgs__rosidl_generator_py.so
[0.417s] -- Up-to-date: /home/arbaaz/InterIIT_Code_Repository/install/warehouse_msgs/local/lib/python3.10/dist-packages/warehouse_msgs/warehouse_msgs_s__rosidl_typesupport_c.cpython-310-x86_64-linux-gnu.so
[0.417s] -- Up-to-date: /home/arbaaz/InterIIT_Code_Repository/install/warehouse_msgs/local/lib/python3.10/dist-packages/warehouse_msgs/srv
[0.417s] -- Up-to-date: /home/arbaaz/InterIIT_Code_Repository/install/warehouse_msgs/local/lib/python3.10/dist-packages/warehouse_msgs/srv/_localisation.py
[0.417s] -- Up-to-date: /home/arbaaz/InterIIT_Code_Repository/install/warehouse_msgs/local/lib/python3.10/dist-packages/warehouse_msgs/srv/__init__.py
[0.417s] -- Up-to-date: /home/arbaaz/InterIIT_Code_Repository/install/warehouse_msgs/local/lib/python3.10/dist-packages/warehouse_msgs/srv/_localisation_s.c
[0.448s] Listing '/home/arbaaz/InterIIT_Code_Repository/install/warehouse_msgs/local/lib/python3.10/dist-packages/warehouse_msgs'...
[0.448s] Listing '/home/arbaaz/InterIIT_Code_Repository/install/warehouse_msgs/local/lib/python3.10/dist-packages/warehouse_msgs/srv'...
[0.452s] -- Up-to-date: /home/arbaaz/InterIIT_Code_Repository/install/warehouse_msgs/local/lib/python3.10/dist-packages/warehouse_msgs/warehouse_msgs_s__rosidl_typesupport_fastrtps_c.cpython-310-x86_64-linux-gnu.so
[0.453s] -- Up-to-date: /home/arbaaz/InterIIT_Code_Repository/install/warehouse_msgs/local/lib/python3.10/dist-packages/warehouse_msgs/warehouse_msgs_s__rosidl_typesupport_introspection_c.cpython-310-x86_64-linux-gnu.so
[0.453s] -- Up-to-date: /home/arbaaz/InterIIT_Code_Repository/install/warehouse_msgs/local/lib/python3.10/dist-packages/warehouse_msgs/warehouse_msgs_s__rosidl_typesupport_c.cpython-310-x86_64-linux-gnu.so
[0.453s] -- Up-to-date: /home/arbaaz/InterIIT_Code_Repository/install/warehouse_msgs/lib/libwarehouse_msgs__rosidl_generator_py.so
[0.453s] -- Up-to-date: /home/arbaaz/InterIIT_Code_Repository/install/warehouse_msgs/share/warehouse_msgs/srv/Localisation.idl
[0.453s] -- Up-to-date: /home/arbaaz/InterIIT_Code_Repository/install/warehouse_msgs/share/warehouse_msgs/srv/Localisation.srv
[0.454s] -- Up-to-date: /home/arbaaz/InterIIT_Code_Repository/install/warehouse_msgs/share/warehouse_msgs/srv/Localisation_Request.msg
[0.454s] -- Up-to-date: /home/arbaaz/InterIIT_Code_Repository/install/warehouse_msgs/share/warehouse_msgs/srv/Localisation_Response.msg
[0.454s] -- Up-to-date: /home/arbaaz/InterIIT_Code_Repository/install/warehouse_msgs/share/ament_index/resource_index/package_run_dependencies/warehouse_msgs
[0.454s] -- Up-to-date: /home/arbaaz/InterIIT_Code_Repository/install/warehouse_msgs/share/ament_index/resource_index/parent_prefix_path/warehouse_msgs
[0.454s] -- Up-to-date: /home/arbaaz/InterIIT_Code_Repository/install/warehouse_msgs/share/warehouse_msgs/environment/ament_prefix_path.sh
[0.454s] -- Up-to-date: /home/arbaaz/InterIIT_Code_Repository/install/warehouse_msgs/share/warehouse_msgs/environment/ament_prefix_path.dsv
[0.454s] -- Up-to-date: /home/arbaaz/InterIIT_Code_Repository/install/warehouse_msgs/share/warehouse_msgs/environment/path.sh
[0.454s] -- Up-to-date: /home/arbaaz/InterIIT_Code_Repository/install/warehouse_msgs/share/warehouse_msgs/environment/path.dsv
[0.454s] -- Up-to-date: /home/arbaaz/InterIIT_Code_Repository/install/warehouse_msgs/share/warehouse_msgs/local_setup.bash
[0.454s] -- Up-to-date: /home/arbaaz/InterIIT_Code_Repository/install/warehouse_msgs/share/warehouse_msgs/local_setup.sh
[0.455s] -- Up-to-date: /home/arbaaz/InterIIT_Code_Repository/install/warehouse_msgs/share/warehouse_msgs/local_setup.zsh
[0.455s] -- Up-to-date: /home/arbaaz/InterIIT_Code_Repository/install/warehouse_msgs/share/warehouse_msgs/local_setup.dsv
[0.455s] -- Installing: /home/arbaaz/InterIIT_Code_Repository/install/warehouse_msgs/share/warehouse_msgs/package.dsv
[0.455s] -- Up-to-date: /home/arbaaz/InterIIT_Code_Repository/install/warehouse_msgs/share/ament_index/resource_index/packages/warehouse_msgs
[0.455s] -- Up-to-date: /home/arbaaz/InterIIT_Code_Repository/install/warehouse_msgs/share/warehouse_msgs/cmake/export_warehouse_msgs__rosidl_generator_cExport.cmake
[0.455s] -- Up-to-date: /home/arbaaz/InterIIT_Code_Repository/install/warehouse_msgs/share/warehouse_msgs/cmake/export_warehouse_msgs__rosidl_generator_cExport-noconfig.cmake
[0.455s] -- Up-to-date: /home/arbaaz/InterIIT_Code_Repository/install/warehouse_msgs/share/warehouse_msgs/cmake/export_warehouse_msgs__rosidl_typesupport_fastrtps_cExport.cmake
[0.455s] -- Up-to-date: /home/arbaaz/InterIIT_Code_Repository/install/warehouse_msgs/share/warehouse_msgs/cmake/export_warehouse_msgs__rosidl_typesupport_fastrtps_cExport-noconfig.cmake
[0.455s] -- Up-to-date: /home/arbaaz/InterIIT_Code_Repository/install/warehouse_msgs/share/warehouse_msgs/cmake/warehouse_msgs__rosidl_typesupport_introspection_cExport.cmake
[0.455s] -- Up-to-date: /home/arbaaz/InterIIT_Code_Repository/install/warehouse_msgs/share/warehouse_msgs/cmake/warehouse_msgs__rosidl_typesupport_introspection_cExport-noconfig.cmake
[0.455s] -- Up-to-date: /home/arbaaz/InterIIT_Code_Repository/install/warehouse_msgs/share/warehouse_msgs/cmake/warehouse_msgs__rosidl_typesupport_cExport.cmake
[0.455s] -- Up-to-date: /home/arbaaz/InterIIT_Code_Repository/install/warehouse_msgs/share/warehouse_msgs/cmake/warehouse_msgs__rosidl_typesupport_cExport-noconfig.cmake
[0.455s] -- Up-to-date: /home/arbaaz/InterIIT_Code_Repository/install/warehouse_msgs/share/warehouse_msgs/cmake/export_warehouse_msgs__rosidl_generator_cppExport.cmake
[0.455s] -- Up-to-date: /home/arbaaz/InterIIT_Code_Repository/install/warehouse_msgs/share/warehouse_msgs/cmake/export_warehouse_msgs__rosidl_typesupport_fastrtps_cppExport.cmake
[0.455s] -- Up-to-date: /home/arbaaz/InterIIT_Code_Repository/install/warehouse_msgs/share/warehouse_msgs/cmake/export_warehouse_msgs__rosidl_typesupport_fastrtps_cppExport-noconfig.cmake
[0.456s] -- Up-to-date: /home/arbaaz/InterIIT_Code_Repository/install/warehouse_msgs/share/warehouse_msgs/cmake/warehouse_msgs__rosidl_typesupport_introspection_cppExport.cmake
[0.456s] -- Up-to-date: /home/arbaaz/InterIIT_Code_Repository/install/warehouse_msgs/share/warehouse_msgs/cmake/warehouse_msgs__rosidl_typesupport_introspection_cppExport-noconfig.cmake
[0.456s] -- Up-to-date: /home/arbaaz/InterIIT_Code_Repository/install/warehouse_msgs/share/warehouse_msgs/cmake/warehouse_msgs__rosidl_typesupport_cppExport.cmake
[0.456s] -- Up-to-date: /home/arbaaz/InterIIT_Code_Repository/install/warehouse_msgs/share/warehouse_msgs/cmake/warehouse_msgs__rosidl_typesupport_cppExport-noconfig.cmake
[0.456s] -- Up-to-date: /home/arbaaz/InterIIT_Code_Repository/install/warehouse_msgs/share/warehouse_msgs/cmake/export_warehouse_msgs__rosidl_generator_pyExport.cmake
[0.456s] -- Up-to-date: /home/arbaaz/InterIIT_Code_Repository/install/warehouse_msgs/share/warehouse_msgs/cmake/export_warehouse_msgs__rosidl_generator_pyExport-noconfig.cmake
[0.456s] -- Up-to-date: /home/arbaaz/InterIIT_Code_Repository/install/warehouse_msgs/share/warehouse_msgs/cmake/rosidl_cmake-extras.cmake
[0.456s] -- Up-to-date: /home/arbaaz/InterIIT_Code_Repository/install/warehouse_msgs/share/warehouse_msgs/cmake/ament_cmake_export_dependencies-extras.cmake
[0.456s] -- Up-to-date: /home/arbaaz/InterIIT_Code_Repository/install/warehouse_msgs/share/warehouse_msgs/cmake/ament_cmake_export_include_directories-extras.cmake
[0.456s] -- Up-to-date: /home/arbaaz/InterIIT_Code_Repository/install/warehouse_msgs/share/warehouse_msgs/cmake/ament_cmake_export_libraries-extras.cmake
[0.456s] -- Up-to-date: /home/arbaaz/InterIIT_Code_Repository/install/warehouse_msgs/share/warehouse_msgs/cmake/ament_cmake_export_targets-extras.cmake
[0.456s] -- Up-to-date: /home/arbaaz/InterIIT_Code_Repository/install/warehouse_msgs/share/warehouse_msgs/cmake/rosidl_cmake_export_typesupport_targets-extras.cmake
[0.456s] -- Up-to-date: /home/arbaaz/InterIIT_Code_Repository/install/warehouse_msgs/share/warehouse_msgs/cmake/rosidl_cmake_export_typesupport_libraries-extras.cmake
[0.456s] -- Up-to-date: /home/arbaaz/InterIIT_Code_Repository/install/warehouse_msgs/share/warehouse_msgs/cmake/warehouse_msgsConfig.cmake
[0.456s] -- Up-to-date: /home/arbaaz/InterIIT_Code_Repository/install/warehouse_msgs/share/warehouse_msgs/cmake/warehouse_msgsConfig-version.cmake
[0.456s] -- Up-to-date: /home/arbaaz/InterIIT_Code_Repository/install/warehouse_msgs/share/warehouse_msgs/package.xml
[0.459s] Invoked command in '/home/arbaaz/InterIIT_Code_Repository/build/warehouse_msgs' returned '0': CMAKE_PREFIX_PATH=${CMAKE_PREFIX_PATH}:/home/arbaaz/InterIIT_Code_Repository/install/warehouse_robot_bringup:/home/arbaaz/InterIIT_Code_Repository/install/warehouse_scanning:/home/arbaaz/InterIIT_Code_Repository/install/warehouse_hmi:/opt/ros/humble /usr/bin/cmake --install /home/arbaaz/InterIIT_Code_Repository/build/warehouse_msgs
