[0.628s] Invoking command in '/home/arbaaz/InterIIT_Code_Repository/src/warehouse_hmi': PYTHONPATH=/home/arbaaz/InterIIT_Code_Repository/build/warehouse_hmi/prefix_override:/usr/lib/python3/dist-packages/colcon_core/task/python/colcon_distutils_commands:/home/arbaaz/InterIIT_Code_Repository/install/warehouse_hmi/lib/python3.10/site-packages:${PYTHONPATH} /usr/bin/python3 -W ignore:setup.py install is deprecated -W ignore:easy_install command is deprecated setup.py egg_info --egg-base ../../build/warehouse_hmi build --build-base /home/arbaaz/InterIIT_Code_Repository/build/warehouse_hmi/build install --record /home/arbaaz/InterIIT_Code_Repository/build/warehouse_hmi/install.log --single-version-externally-managed install_data
[0.858s] running egg_info
[0.858s] writing ../../build/warehouse_hmi/warehouse_hmi.egg-info/PKG-INFO
[0.859s] writing dependency_links to ../../build/warehouse_hmi/warehouse_hmi.egg-info/dependency_links.txt
[0.859s] writing entry points to ../../build/warehouse_hmi/warehouse_hmi.egg-info/entry_points.txt
[0.859s] writing requirements to ../../build/warehouse_hmi/warehouse_hmi.egg-info/requires.txt
[0.859s] writing top-level names to ../../build/warehouse_hmi/warehouse_hmi.egg-info/top_level.txt
[0.860s] reading manifest file '../../build/warehouse_hmi/warehouse_hmi.egg-info/SOURCES.txt'
[0.861s] writing manifest file '../../build/warehouse_hmi/warehouse_hmi.egg-info/SOURCES.txt'
[0.861s] running build
[0.861s] running build_py
[0.862s] running install
[0.862s] running install_lib
[0.863s] running install_data
[0.863s] running install_egg_info
[0.865s] removing '/home/arbaaz/InterIIT_Code_Repository/install/warehouse_hmi/lib/python3.10/site-packages/warehouse_hmi-0.0.1-py3.10.egg-info' (and everything under it)
[0.865s] Copying ../../build/warehouse_hmi/warehouse_hmi.egg-info to /home/arbaaz/InterIIT_Code_Repository/install/warehouse_hmi/lib/python3.10/site-packages/warehouse_hmi-0.0.1-py3.10.egg-info
[0.866s] running install_scripts
[0.885s] Installing keyboard_controller script to /home/arbaaz/InterIIT_Code_Repository/install/warehouse_hmi/lib/warehouse_hmi
[0.885s] Installing target_gui script to /home/arbaaz/InterIIT_Code_Repository/install/warehouse_hmi/lib/warehouse_hmi
[0.885s] writing list of installed files to '/home/arbaaz/InterIIT_Code_Repository/build/warehouse_hmi/install.log'
[0.920s] Invoked command in '/home/arbaaz/InterIIT_Code_Repository/src/warehouse_hmi' returned '0': PYTHONPATH=/home/arbaaz/InterIIT_Code_Repository/build/warehouse_hmi/prefix_override:/usr/lib/python3/dist-packages/colcon_core/task/python/colcon_distutils_commands:/home/arbaaz/InterIIT_Code_Repository/install/warehouse_hmi/lib/python3.10/site-packages:${PYTHONPATH} /usr/bin/python3 -W ignore:setup.py install is deprecated -W ignore:easy_install command is deprecated setup.py egg_info --egg-base ../../build/warehouse_hmi build --build-base /home/arbaaz/InterIIT_Code_Repository/build/warehouse_hmi/build install --record /home/arbaaz/InterIIT_Code_Repository/build/warehouse_hmi/install.log --single-version-externally-managed install_data
