running egg_info
writing ../../build/warehouse_robot_bringup/warehouse_robot_bringup.egg-info/PKG-INFO
writing dependency_links to ../../build/warehouse_robot_bringup/warehouse_robot_bringup.egg-info/dependency_links.txt
writing entry points to ../../build/warehouse_robot_bringup/warehouse_robot_bringup.egg-info/entry_points.txt
writing requirements to ../../build/warehouse_robot_bringup/warehouse_robot_bringup.egg-info/requires.txt
writing top-level names to ../../build/warehouse_robot_bringup/warehouse_robot_bringup.egg-info/top_level.txt
reading manifest file '../../build/warehouse_robot_bringup/warehouse_robot_bringup.egg-info/SOURCES.txt'
writing manifest file '../../build/warehouse_robot_bringup/warehouse_robot_bringup.egg-info/SOURCES.txt'
running build
running build_py
running install
running install_lib
running install_data
running install_egg_info
removing '/home/arbaaz/InterIIT_Code_Repository/install/warehouse_robot_bringup/lib/python3.10/site-packages/warehouse_robot_bringup-0.0.1-py3.10.egg-info' (and everything under it)
Copying ../../build/warehouse_robot_bringup/warehouse_robot_bringup.egg-info to /home/arbaaz/InterIIT_Code_Repository/install/warehouse_robot_bringup/lib/python3.10/site-packages/warehouse_robot_bringup-0.0.1-py3.10.egg-info
running install_scripts
Installing hardware script to /home/arbaaz/InterIIT_Code_Repository/install/warehouse_robot_bringup/lib/warehouse_robot_bringup
Installing lidar_sim script to /home/arbaaz/InterIIT_Code_Repository/install/warehouse_robot_bringup/lib/warehouse_robot_bringup
Installing main script to /home/arbaaz/InterIIT_Code_Repository/install/warehouse_robot_bringup/lib/warehouse_robot_bringup
Installing robot_sim script to /home/arbaaz/InterIIT_Code_Repository/install/warehouse_robot_bringup/lib/warehouse_robot_bringup
writing list of installed files to '/home/arbaaz/InterIIT_Code_Repository/build/warehouse_robot_bringup/install.log'
