[0.651s] Invoking command in '/home/arbaaz/InterIIT_Code_Repository/src/warehouse_robot_bringup': AMENT_PREFIX_PATH=/home/arbaaz/InterIIT_Code_Repository/install/warehouse_scanning:/home/arbaaz/InterIIT_Code_Repository/install/warehouse_hmi:/home/arbaaz/InterIIT_Code_Repository/install/warehouse_robot_bringup:/home/arbaaz/InterIIT_Code_Repository/install/warehouse_navigation:/home/arbaaz/InterIIT_Code_Repository/install/warehouse_msgs:/opt/ros/humble PYTHONPATH=/home/arbaaz/InterIIT_Code_Repository/build/warehouse_robot_bringup/prefix_override:/usr/lib/python3/dist-packages/colcon_core/task/python/colcon_distutils_commands:/home/arbaaz/InterIIT_Code_Repository/install/warehouse_robot_bringup/lib/python3.10/site-packages:/home/arbaaz/InterIIT_Code_Repository/install/warehouse_scanning/lib/python3.10/site-packages:/home/arbaaz/InterIIT_Code_Repository/install/warehouse_hmi/lib/python3.10/site-packages:/home/arbaaz/InterIIT_Code_Repository/install/warehouse_robot_bringup/lib/python3.10/site-packages:/home/arbaaz/InterIIT_Code_Repository/install/warehouse_navigation/local/lib/python3.10/dist-packages:/home/arbaaz/InterIIT_Code_Repository/install/warehouse_msgs/local/lib/python3.10/dist-packages:/opt/ros/humble/lib/python3.10/site-packages:/opt/ros/humble/local/lib/python3.10/dist-packages /usr/bin/python3 -W ignore:setup.py install is deprecated -W ignore:easy_install command is deprecated setup.py egg_info --egg-base ../../build/warehouse_robot_bringup build --build-base /home/arbaaz/InterIIT_Code_Repository/build/warehouse_robot_bringup/build install --record /home/arbaaz/InterIIT_Code_Repository/build/warehouse_robot_bringup/install.log --single-version-externally-managed install_data
[0.879s] running egg_info
[0.879s] writing ../../build/warehouse_robot_bringup/warehouse_robot_bringup.egg-info/PKG-INFO
[0.880s] writing dependency_links to ../../build/warehouse_robot_bringup/warehouse_robot_bringup.egg-info/dependency_links.txt
[0.880s] writing entry points to ../../build/warehouse_robot_bringup/warehouse_robot_bringup.egg-info/entry_points.txt
[0.880s] writing requirements to ../../build/warehouse_robot_bringup/warehouse_robot_bringup.egg-info/requires.txt
[0.880s] writing top-level names to ../../build/warehouse_robot_bringup/warehouse_robot_bringup.egg-info/top_level.txt
[0.881s] reading manifest file '../../build/warehouse_robot_bringup/warehouse_robot_bringup.egg-info/SOURCES.txt'
[0.882s] writing manifest file '../../build/warehouse_robot_bringup/warehouse_robot_bringup.egg-info/SOURCES.txt'
[0.882s] running build
[0.882s] running build_py
[0.883s] running install
[0.883s] running install_lib
[0.884s] running install_data
[0.884s] running install_egg_info
[0.886s] removing '/home/arbaaz/InterIIT_Code_Repository/install/warehouse_robot_bringup/lib/python3.10/site-packages/warehouse_robot_bringup-0.0.1-py3.10.egg-info' (and everything under it)
[0.887s] Copying ../../build/warehouse_robot_bringup/warehouse_robot_bringup.egg-info to /home/arbaaz/InterIIT_Code_Repository/install/warehouse_robot_bringup/lib/python3.10/site-packages/warehouse_robot_bringup-0.0.1-py3.10.egg-info
[0.887s] running install_scripts
[0.906s] Installing hardware script to /home/arbaaz/InterIIT_Code_Repository/install/warehouse_robot_bringup/lib/warehouse_robot_bringup
[0.906s] Installing lidar_sim script to /home/arbaaz/InterIIT_Code_Repository/install/warehouse_robot_bringup/lib/warehouse_robot_bringup
[0.906s] Installing main script to /home/arbaaz/InterIIT_Code_Repository/install/warehouse_robot_bringup/lib/warehouse_robot_bringup
[0.906s] Installing robot_sim script to /home/arbaaz/InterIIT_Code_Repository/install/warehouse_robot_bringup/lib/warehouse_robot_bringup
[0.907s] writing list of installed files to '/home/arbaaz/InterIIT_Code_Repository/build/warehouse_robot_bringup/install.log'
[0.942s] Invoked command in '/home/arbaaz/InterIIT_Code_Repository/src/warehouse_robot_bringup' returned '0': AMENT_PREFIX_PATH=/home/arbaaz/InterIIT_Code_Repository/install/warehouse_scanning:/home/arbaaz/InterIIT_Code_Repository/install/warehouse_hmi:/home/arbaaz/InterIIT_Code_Repository/install/warehouse_robot_bringup:/home/arbaaz/InterIIT_Code_Repository/install/warehouse_navigation:/home/arbaaz/InterIIT_Code_Repository/install/warehouse_msgs:/opt/ros/humble PYTHONPATH=/home/arbaaz/InterIIT_Code_Repository/build/warehouse_robot_bringup/prefix_override:/usr/lib/python3/dist-packages/colcon_core/task/python/colcon_distutils_commands:/home/arbaaz/InterIIT_Code_Repository/install/warehouse_robot_bringup/lib/python3.10/site-packages:/home/arbaaz/InterIIT_Code_Repository/install/warehouse_scanning/lib/python3.10/site-packages:/home/arbaaz/InterIIT_Code_Repository/install/warehouse_hmi/lib/python3.10/site-packages:/home/arbaaz/InterIIT_Code_Repository/install/warehouse_robot_bringup/lib/python3.10/site-packages:/home/arbaaz/InterIIT_Code_Repository/install/warehouse_navigation/local/lib/python3.10/dist-packages:/home/arbaaz/InterIIT_Code_Repository/install/warehouse_msgs/local/lib/python3.10/dist-packages:/opt/ros/humble/lib/python3.10/site-packages:/opt/ros/humble/local/lib/python3.10/dist-packages /usr/bin/python3 -W ignore:setup.py install is deprecated -W ignore:easy_install command is deprecated setup.py egg_info --egg-base ../../build/warehouse_robot_bringup build --build-base /home/arbaaz/InterIIT_Code_Repository/build/warehouse_robot_bringup/build install --record /home/arbaaz/InterIIT_Code_Repository/build/warehouse_robot_bringup/install.log --single-version-externally-managed install_data
