-- The C compiler identification is GNU 11.4.0
-- The CXX compiler identification is GNU 11.4.0
-- Detecting C compiler ABI info
-- Detecting C compiler ABI info - done
-- Check for working C compiler: /usr/bin/cc - skipped
-- Detecting C compile features
-- Detecting C compile features - done
-- Detecting CXX compiler ABI info
-- Detecting CXX compiler ABI info - done
-- Check for working CXX compiler: /usr/bin/c++ - skipped
-- Detecting CXX compile features
-- Detecting CXX compile features - done
-- Found ament_cmake: 1.3.11 (/opt/ros/humble/share/ament_cmake/cmake)
-- Found Python3: /usr/bin/python3 (found version "3.10.12") found components: Interpreter 
-- Found rclcpp: 16.0.11 (/opt/ros/humble/share/rclcpp/cmake)
-- Found rosidl_generator_c: 3.1.6 (/opt/ros/humble/share/rosidl_generator_c/cmake)
-- Found rosidl_adapter: 3.1.6 (/opt/ros/humble/share/rosidl_adapter/cmake)
-- Found rosidl_generator_cpp: 3.1.6 (/opt/ros/humble/share/rosidl_generator_cpp/cmake)
-- Using all available rosidl_typesupport_c: rosidl_typesupport_fastrtps_c;rosidl_typesupport_introspection_c
-- Using all available rosidl_typesupport_cpp: rosidl_typesupport_fastrtps_cpp;rosidl_typesupport_introspection_cpp
-- Found rmw_implementation_cmake: 6.1.2 (/opt/ros/humble/share/rmw_implementation_cmake/cmake)
-- Found rmw_fastrtps_cpp: 6.2.7 (/opt/ros/humble/share/rmw_fastrtps_cpp/cmake)
-- Found OpenSSL: /usr/lib/x86_64-linux-gnu/libcrypto.so (found version "3.0.2")  
-- Found FastRTPS: /opt/ros/humble/include  
-- Using RMW implementation 'rmw_fastrtps_cpp' as default
-- Looking for pthread.h
-- Looking for pthread.h - found
-- Performing Test CMAKE_HAVE_LIBC_PTHREAD
-- Performing Test CMAKE_HAVE_LIBC_PTHREAD - Success
-- Found Threads: TRUE  
-- Found rclpy: 3.3.15 (/opt/ros/humble/share/rclpy/cmake)
-- Found geometry_msgs: 4.2.4 (/opt/ros/humble/share/geometry_msgs/cmake)
-- Found warehouse_msgs: 0.0.1 (/home/arbaaz/InterIIT_Code_Repository/install/warehouse_msgs/share/warehouse_msgs/cmake)
-- Found OpenCV: /usr (found version "4.5.4") 
-- Found ACADO Header: /usr/local/include/acado
-- Found ACADO Library: /usr/local/lib/libacado_toolkit_s.so
-- Configuring done
-- Generating done
-- Build files have been written to: /home/arbaaz/InterIIT_Code_Repository/build/warehouse_navigation
[ 25%] [32mBuilding CXX object CMakeFiles/controller1.dir/src/controller1.cpp.o[0m
[ 50%] [32mBuilding CXX object CMakeFiles/genetic_node.dir/src/genetic.cpp.o[0m
[ 50%] Built target ament_cmake_python_copy_warehouse_navigation
running egg_info
creating warehouse_navigation.egg-info
writing warehouse_navigation.egg-info/PKG-INFO
writing dependency_links to warehouse_navigation.egg-info/dependency_links.txt
writing top-level names to warehouse_navigation.egg-info/top_level.txt
writing manifest file 'warehouse_navigation.egg-info/SOURCES.txt'
reading manifest file 'warehouse_navigation.egg-info/SOURCES.txt'
writing manifest file 'warehouse_navigation.egg-info/SOURCES.txt'
[ 50%] Built target ament_cmake_python_build_warehouse_navigation_egg
[ 75%] [32m[1mLinking CXX executable genetic_node[0m
[ 75%] Built target genetic_node
[100%] [32m[1mLinking CXX executable controller1[0m
[100%] Built target controller1
-- Install configuration: ""
-- Installing: /home/arbaaz/InterIIT_Code_Repository/install/warehouse_navigation/share/warehouse_navigation/environment/pythonpath.sh
-- Installing: /home/arbaaz/InterIIT_Code_Repository/install/warehouse_navigation/share/warehouse_navigation/environment/pythonpath.dsv
-- Installing: /home/arbaaz/InterIIT_Code_Repository/install/warehouse_navigation/local/lib/python3.10/dist-packages/warehouse_navigation-0.0.1-py3.10.egg-info
-- Installing: /home/arbaaz/InterIIT_Code_Repository/install/warehouse_navigation/local/lib/python3.10/dist-packages/warehouse_navigation-0.0.1-py3.10.egg-info/PKG-INFO
-- Installing: /home/arbaaz/InterIIT_Code_Repository/install/warehouse_navigation/local/lib/python3.10/dist-packages/warehouse_navigation-0.0.1-py3.10.egg-info/SOURCES.txt
-- Installing: /home/arbaaz/InterIIT_Code_Repository/install/warehouse_navigation/local/lib/python3.10/dist-packages/warehouse_navigation-0.0.1-py3.10.egg-info/dependency_links.txt
-- Installing: /home/arbaaz/InterIIT_Code_Repository/install/warehouse_navigation/local/lib/python3.10/dist-packages/warehouse_navigation-0.0.1-py3.10.egg-info/top_level.txt
-- Installing: /home/arbaaz/InterIIT_Code_Repository/install/warehouse_navigation/local/lib/python3.10/dist-packages/warehouse_navigation
-- Installing: /home/arbaaz/InterIIT_Code_Repository/install/warehouse_navigation/local/lib/python3.10/dist-packages/warehouse_navigation/path_planner.py
-- Installing: /home/arbaaz/InterIIT_Code_Repository/install/warehouse_navigation/local/lib/python3.10/dist-packages/warehouse_navigation/obstacle_detector.py
-- Installing: /home/arbaaz/InterIIT_Code_Repository/install/warehouse_navigation/local/lib/python3.10/dist-packages/warehouse_navigation/utilities.py
-- Installing: /home/arbaaz/InterIIT_Code_Repository/install/warehouse_navigation/local/lib/python3.10/dist-packages/warehouse_navigation/vision.py
-- Installing: /home/arbaaz/InterIIT_Code_Repository/install/warehouse_navigation/local/lib/python3.10/dist-packages/warehouse_navigation/__init__.py
Listing '/home/arbaaz/InterIIT_Code_Repository/install/warehouse_navigation/local/lib/python3.10/dist-packages/warehouse_navigation'...
Compiling '/home/arbaaz/InterIIT_Code_Repository/install/warehouse_navigation/local/lib/python3.10/dist-packages/warehouse_navigation/__init__.py'...
Compiling '/home/arbaaz/InterIIT_Code_Repository/install/warehouse_navigation/local/lib/python3.10/dist-packages/warehouse_navigation/obstacle_detector.py'...
Compiling '/home/arbaaz/InterIIT_Code_Repository/install/warehouse_navigation/local/lib/python3.10/dist-packages/warehouse_navigation/path_planner.py'...
Compiling '/home/arbaaz/InterIIT_Code_Repository/install/warehouse_navigation/local/lib/python3.10/dist-packages/warehouse_navigation/utilities.py'...
Compiling '/home/arbaaz/InterIIT_Code_Repository/install/warehouse_navigation/local/lib/python3.10/dist-packages/warehouse_navigation/vision.py'...
-- Installing: /home/arbaaz/InterIIT_Code_Repository/install/warehouse_navigation/lib/warehouse_navigation/path_planner.py
-- Installing: /home/arbaaz/InterIIT_Code_Repository/install/warehouse_navigation/lib/warehouse_navigation/obstacle_detector.py
-- Installing: /home/arbaaz/InterIIT_Code_Repository/install/warehouse_navigation/lib/warehouse_navigation/vision.py
-- Installing: /home/arbaaz/InterIIT_Code_Repository/install/warehouse_navigation/lib/warehouse_navigation/utilities.py
-- Installing: /home/arbaaz/InterIIT_Code_Repository/install/warehouse_navigation/lib/warehouse_navigation/genetic_node
-- Set runtime path of "/home/arbaaz/InterIIT_Code_Repository/install/warehouse_navigation/lib/warehouse_navigation/genetic_node" to ""
-- Installing: /home/arbaaz/InterIIT_Code_Repository/install/warehouse_navigation/lib/warehouse_navigation/controller1
-- Set runtime path of "/home/arbaaz/InterIIT_Code_Repository/install/warehouse_navigation/lib/warehouse_navigation/controller1" to ""
-- Installing: /home/arbaaz/InterIIT_Code_Repository/install/warehouse_navigation/share/warehouse_navigation/launch
-- Installing: /home/arbaaz/InterIIT_Code_Repository/install/warehouse_navigation/share/warehouse_navigation/config
-- Installing: /home/arbaaz/InterIIT_Code_Repository/install/warehouse_navigation/share/warehouse_navigation/config/maps
-- Installing: /home/arbaaz/InterIIT_Code_Repository/install/warehouse_navigation/share/warehouse_navigation/config/maps/distance_test_field.png
-- Installing: /home/arbaaz/InterIIT_Code_Repository/install/warehouse_navigation/share/warehouse_navigation/config/maps/test_field.png
-- Installing: /home/arbaaz/InterIIT_Code_Repository/install/warehouse_navigation/share/ament_index/resource_index/package_run_dependencies/warehouse_navigation
-- Installing: /home/arbaaz/InterIIT_Code_Repository/install/warehouse_navigation/share/ament_index/resource_index/parent_prefix_path/warehouse_navigation
-- Installing: /home/arbaaz/InterIIT_Code_Repository/install/warehouse_navigation/share/warehouse_navigation/environment/ament_prefix_path.sh
-- Installing: /home/arbaaz/InterIIT_Code_Repository/install/warehouse_navigation/share/warehouse_navigation/environment/ament_prefix_path.dsv
-- Installing: /home/arbaaz/InterIIT_Code_Repository/install/warehouse_navigation/share/warehouse_navigation/environment/path.sh
-- Installing: /home/arbaaz/InterIIT_Code_Repository/install/warehouse_navigation/share/warehouse_navigation/environment/path.dsv
-- Installing: /home/arbaaz/InterIIT_Code_Repository/install/warehouse_navigation/share/warehouse_navigation/local_setup.bash
-- Installing: /home/arbaaz/InterIIT_Code_Repository/install/warehouse_navigation/share/warehouse_navigation/local_setup.sh
-- Installing: /home/arbaaz/InterIIT_Code_Repository/install/warehouse_navigation/share/warehouse_navigation/local_setup.zsh
-- Installing: /home/arbaaz/InterIIT_Code_Repository/install/warehouse_navigation/share/warehouse_navigation/local_setup.dsv
-- Installing: /home/arbaaz/InterIIT_Code_Repository/install/warehouse_navigation/share/warehouse_navigation/package.dsv
-- Installing: /home/arbaaz/InterIIT_Code_Repository/install/warehouse_navigation/share/ament_index/resource_index/packages/warehouse_navigation
-- Installing: /home/arbaaz/InterIIT_Code_Repository/install/warehouse_navigation/share/warehouse_navigation/cmake/warehouse_navigationConfig.cmake
-- Installing: /home/arbaaz/InterIIT_Code_Repository/install/warehouse_navigation/share/warehouse_navigation/cmake/warehouse_navigationConfig-version.cmake
-- Installing: /home/arbaaz/InterIIT_Code_Repository/install/warehouse_navigation/share/warehouse_navigation/package.xml
