[0.012s] Invoking command in '/home/arbaaz/InterIIT_Code_Repository/build/warehouse_navigation': CMAKE_PREFIX_PATH=/home/arbaaz/InterIIT_Code_Repository/install/warehouse_msgs:/home/arbaaz/InterIIT_Code_Repository/install/warehouse_navigation:/home/arbaaz/InterIIT_Code_Repository/install/warehouse_robot_bringup:/home/arbaaz/InterIIT_Code_Repository/install/warehouse_scanning:/home/arbaaz/InterIIT_Code_Repository/install/warehouse_hmi:/opt/ros/humble /usr/bin/cmake /home/arbaaz/InterIIT_Code_Repository/src/warehouse_navigation -DCMAKE_INSTALL_PREFIX=/home/arbaaz/InterIIT_Code_Repository/install/warehouse_navigation
[0.071s] -- The C compiler identification is GNU 11.4.0
[0.129s] -- The CXX compiler identification is GNU 11.4.0
[0.137s] -- Detecting C compiler ABI info
[0.220s] -- Detecting C compiler ABI info - done
[0.227s] -- Check for working C compiler: /usr/bin/cc - skipped
[0.227s] -- Detecting C compile features
[0.227s] -- Detecting C compile features - done
[0.229s] -- Detecting CXX compiler ABI info
[0.324s] -- Detecting CXX compiler ABI info - done
[0.331s] -- Check for working CXX compiler: /usr/bin/c++ - skipped
[0.331s] -- Detecting CXX compile features
[0.331s] -- Detecting CXX compile features - done
[0.334s] -- Found ament_cmake: 1.3.11 (/opt/ros/humble/share/ament_cmake/cmake)
[0.488s] -- Found Python3: /usr/bin/python3 (found version "3.10.12") found components: Interpreter 
[0.580s] -- Found rclcpp: 16.0.11 (/opt/ros/humble/share/rclcpp/cmake)
[0.622s] -- Found rosidl_generator_c: 3.1.6 (/opt/ros/humble/share/rosidl_generator_c/cmake)
[0.627s] -- Found rosidl_adapter: 3.1.6 (/opt/ros/humble/share/rosidl_adapter/cmake)
[0.635s] -- Found rosidl_generator_cpp: 3.1.6 (/opt/ros/humble/share/rosidl_generator_cpp/cmake)
[0.647s] -- Using all available rosidl_typesupport_c: rosidl_typesupport_fastrtps_c;rosidl_typesupport_introspection_c
[0.663s] -- Using all available rosidl_typesupport_cpp: rosidl_typesupport_fastrtps_cpp;rosidl_typesupport_introspection_cpp
[0.705s] -- Found rmw_implementation_cmake: 6.1.2 (/opt/ros/humble/share/rmw_implementation_cmake/cmake)
[0.708s] -- Found rmw_fastrtps_cpp: 6.2.7 (/opt/ros/humble/share/rmw_fastrtps_cpp/cmake)
[0.827s] -- Found OpenSSL: /usr/lib/x86_64-linux-gnu/libcrypto.so (found version "3.0.2")  
[0.857s] -- Found FastRTPS: /opt/ros/humble/include  
[0.903s] -- Using RMW implementation 'rmw_fastrtps_cpp' as default
[0.913s] -- Looking for pthread.h
[0.998s] -- Looking for pthread.h - found
[0.999s] -- Performing Test CMAKE_HAVE_LIBC_PTHREAD
[1.086s] -- Performing Test CMAKE_HAVE_LIBC_PTHREAD - Success
[1.086s] -- Found Threads: TRUE  
[1.134s] -- Found rclpy: 3.3.15 (/opt/ros/humble/share/rclpy/cmake)
[1.135s] -- Found geometry_msgs: 4.2.4 (/opt/ros/humble/share/geometry_msgs/cmake)
[1.147s] -- Found warehouse_msgs: 0.0.1 (/home/arbaaz/InterIIT_Code_Repository/install/warehouse_msgs/share/warehouse_msgs/cmake)
[1.167s] -- Found OpenCV: /usr (found version "4.5.4") 
[1.168s] -- Found ACADO Header: /usr/local/include/acado
[1.168s] -- Found ACADO Library: /usr/local/lib/libacado_toolkit_s.so
[1.318s] -- Configuring done
[1.336s] -- Generating done
[1.342s] -- Build files have been written to: /home/arbaaz/InterIIT_Code_Repository/build/warehouse_navigation
[1.355s] Invoked command in '/home/arbaaz/InterIIT_Code_Repository/build/warehouse_navigation' returned '0': CMAKE_PREFIX_PATH=/home/arbaaz/InterIIT_Code_Repository/install/warehouse_msgs:/home/arbaaz/InterIIT_Code_Repository/install/warehouse_navigation:/home/arbaaz/InterIIT_Code_Repository/install/warehouse_robot_bringup:/home/arbaaz/InterIIT_Code_Repository/install/warehouse_scanning:/home/arbaaz/InterIIT_Code_Repository/install/warehouse_hmi:/opt/ros/humble /usr/bin/cmake /home/arbaaz/InterIIT_Code_Repository/src/warehouse_navigation -DCMAKE_INSTALL_PREFIX=/home/arbaaz/InterIIT_Code_Repository/install/warehouse_navigation
[1.357s] Invoking command in '/home/arbaaz/InterIIT_Code_Repository/build/warehouse_navigation': CMAKE_PREFIX_PATH=/home/arbaaz/InterIIT_Code_Repository/install/warehouse_msgs:/home/arbaaz/InterIIT_Code_Repository/install/warehouse_navigation:/home/arbaaz/InterIIT_Code_Repository/install/warehouse_robot_bringup:/home/arbaaz/InterIIT_Code_Repository/install/warehouse_scanning:/home/arbaaz/InterIIT_Code_Repository/install/warehouse_hmi:/opt/ros/humble /usr/bin/cmake --build /home/arbaaz/InterIIT_Code_Repository/build/warehouse_navigation -- -j12 -l12
[1.419s] [ 25%] [32mBuilding CXX object CMakeFiles/controller1.dir/src/controller1.cpp.o[0m
[1.420s] [ 50%] [32mBuilding CXX object CMakeFiles/genetic_node.dir/src/genetic.cpp.o[0m
[1.431s] [ 50%] Built target ament_cmake_python_copy_warehouse_navigation
[1.699s] running egg_info
[1.700s] creating warehouse_navigation.egg-info
[1.700s] writing warehouse_navigation.egg-info/PKG-INFO
[1.700s] writing dependency_links to warehouse_navigation.egg-info/dependency_links.txt
[1.700s] writing top-level names to warehouse_navigation.egg-info/top_level.txt
[1.701s] writing manifest file 'warehouse_navigation.egg-info/SOURCES.txt'
[1.703s] reading manifest file 'warehouse_navigation.egg-info/SOURCES.txt'
[1.703s] writing manifest file 'warehouse_navigation.egg-info/SOURCES.txt'
[1.746s] [ 50%] Built target ament_cmake_python_build_warehouse_navigation_egg
[4.926s] [ 75%] [32m[1mLinking CXX executable genetic_node[0m
[5.420s] [ 75%] Built target genetic_node
[14.290s] [100%] [32m[1mLinking CXX executable controller1[0m
[15.446s] [100%] Built target controller1
[15.463s] Invoked command in '/home/arbaaz/InterIIT_Code_Repository/build/warehouse_navigation' returned '0': CMAKE_PREFIX_PATH=/home/arbaaz/InterIIT_Code_Repository/install/warehouse_msgs:/home/arbaaz/InterIIT_Code_Repository/install/warehouse_navigation:/home/arbaaz/InterIIT_Code_Repository/install/warehouse_robot_bringup:/home/arbaaz/InterIIT_Code_Repository/install/warehouse_scanning:/home/arbaaz/InterIIT_Code_Repository/install/warehouse_hmi:/opt/ros/humble /usr/bin/cmake --build /home/arbaaz/InterIIT_Code_Repository/build/warehouse_navigation -- -j12 -l12
[15.465s] Invoking command in '/home/arbaaz/InterIIT_Code_Repository/build/warehouse_navigation': CMAKE_PREFIX_PATH=/home/arbaaz/InterIIT_Code_Repository/install/warehouse_msgs:/home/arbaaz/InterIIT_Code_Repository/install/warehouse_navigation:/home/arbaaz/InterIIT_Code_Repository/install/warehouse_robot_bringup:/home/arbaaz/InterIIT_Code_Repository/install/warehouse_scanning:/home/arbaaz/InterIIT_Code_Repository/install/warehouse_hmi:/opt/ros/humble /usr/bin/cmake --install /home/arbaaz/InterIIT_Code_Repository/build/warehouse_navigation
[15.473s] -- Install configuration: ""
[15.474s] -- Installing: /home/arbaaz/InterIIT_Code_Repository/install/warehouse_navigation/share/warehouse_navigation/environment/pythonpath.sh
[15.474s] -- Installing: /home/arbaaz/InterIIT_Code_Repository/install/warehouse_navigation/share/warehouse_navigation/environment/pythonpath.dsv
[15.474s] -- Installing: /home/arbaaz/InterIIT_Code_Repository/install/warehouse_navigation/local/lib/python3.10/dist-packages/warehouse_navigation-0.0.1-py3.10.egg-info
[15.474s] -- Installing: /home/arbaaz/InterIIT_Code_Repository/install/warehouse_navigation/local/lib/python3.10/dist-packages/warehouse_navigation-0.0.1-py3.10.egg-info/PKG-INFO
[15.474s] -- Installing: /home/arbaaz/InterIIT_Code_Repository/install/warehouse_navigation/local/lib/python3.10/dist-packages/warehouse_navigation-0.0.1-py3.10.egg-info/SOURCES.txt
[15.474s] -- Installing: /home/arbaaz/InterIIT_Code_Repository/install/warehouse_navigation/local/lib/python3.10/dist-packages/warehouse_navigation-0.0.1-py3.10.egg-info/dependency_links.txt
[15.474s] -- Installing: /home/arbaaz/InterIIT_Code_Repository/install/warehouse_navigation/local/lib/python3.10/dist-packages/warehouse_navigation-0.0.1-py3.10.egg-info/top_level.txt
[15.474s] -- Installing: /home/arbaaz/InterIIT_Code_Repository/install/warehouse_navigation/local/lib/python3.10/dist-packages/warehouse_navigation
[15.475s] -- Installing: /home/arbaaz/InterIIT_Code_Repository/install/warehouse_navigation/local/lib/python3.10/dist-packages/warehouse_navigation/path_planner.py
[15.475s] -- Installing: /home/arbaaz/InterIIT_Code_Repository/install/warehouse_navigation/local/lib/python3.10/dist-packages/warehouse_navigation/obstacle_detector.py
[15.475s] -- Installing: /home/arbaaz/InterIIT_Code_Repository/install/warehouse_navigation/local/lib/python3.10/dist-packages/warehouse_navigation/utilities.py
[15.475s] -- Installing: /home/arbaaz/InterIIT_Code_Repository/install/warehouse_navigation/local/lib/python3.10/dist-packages/warehouse_navigation/vision.py
[15.475s] -- Installing: /home/arbaaz/InterIIT_Code_Repository/install/warehouse_navigation/local/lib/python3.10/dist-packages/warehouse_navigation/__init__.py
[15.516s] Listing '/home/arbaaz/InterIIT_Code_Repository/install/warehouse_navigation/local/lib/python3.10/dist-packages/warehouse_navigation'...
[15.516s] Compiling '/home/arbaaz/InterIIT_Code_Repository/install/warehouse_navigation/local/lib/python3.10/dist-packages/warehouse_navigation/__init__.py'...
[15.516s] Compiling '/home/arbaaz/InterIIT_Code_Repository/install/warehouse_navigation/local/lib/python3.10/dist-packages/warehouse_navigation/obstacle_detector.py'...
[15.516s] Compiling '/home/arbaaz/InterIIT_Code_Repository/install/warehouse_navigation/local/lib/python3.10/dist-packages/warehouse_navigation/path_planner.py'...
[15.516s] Compiling '/home/arbaaz/InterIIT_Code_Repository/install/warehouse_navigation/local/lib/python3.10/dist-packages/warehouse_navigation/utilities.py'...
[15.516s] Compiling '/home/arbaaz/InterIIT_Code_Repository/install/warehouse_navigation/local/lib/python3.10/dist-packages/warehouse_navigation/vision.py'...
[15.522s] -- Installing: /home/arbaaz/InterIIT_Code_Repository/install/warehouse_navigation/lib/warehouse_navigation/path_planner.py
[15.522s] -- Installing: /home/arbaaz/InterIIT_Code_Repository/install/warehouse_navigation/lib/warehouse_navigation/obstacle_detector.py
[15.522s] -- Installing: /home/arbaaz/InterIIT_Code_Repository/install/warehouse_navigation/lib/warehouse_navigation/vision.py
[15.522s] -- Installing: /home/arbaaz/InterIIT_Code_Repository/install/warehouse_navigation/lib/warehouse_navigation/utilities.py
[15.523s] -- Installing: /home/arbaaz/InterIIT_Code_Repository/install/warehouse_navigation/lib/warehouse_navigation/genetic_node
[15.524s] -- Set runtime path of "/home/arbaaz/InterIIT_Code_Repository/install/warehouse_navigation/lib/warehouse_navigation/genetic_node" to ""
[15.524s] -- Installing: /home/arbaaz/InterIIT_Code_Repository/install/warehouse_navigation/lib/warehouse_navigation/controller1
[15.533s] -- Set runtime path of "/home/arbaaz/InterIIT_Code_Repository/install/warehouse_navigation/lib/warehouse_navigation/controller1" to ""
[15.533s] -- Installing: /home/arbaaz/InterIIT_Code_Repository/install/warehouse_navigation/share/warehouse_navigation/launch
[15.533s] -- Installing: /home/arbaaz/InterIIT_Code_Repository/install/warehouse_navigation/share/warehouse_navigation/config
[15.533s] -- Installing: /home/arbaaz/InterIIT_Code_Repository/install/warehouse_navigation/share/warehouse_navigation/config/maps
[15.533s] -- Installing: /home/arbaaz/InterIIT_Code_Repository/install/warehouse_navigation/share/warehouse_navigation/config/maps/distance_test_field.png
[15.533s] -- Installing: /home/arbaaz/InterIIT_Code_Repository/install/warehouse_navigation/share/warehouse_navigation/config/maps/test_field.png
[15.533s] -- Installing: /home/arbaaz/InterIIT_Code_Repository/install/warehouse_navigation/share/ament_index/resource_index/package_run_dependencies/warehouse_navigation
[15.534s] -- Installing: /home/arbaaz/InterIIT_Code_Repository/install/warehouse_navigation/share/ament_index/resource_index/parent_prefix_path/warehouse_navigation
[15.534s] -- Installing: /home/arbaaz/InterIIT_Code_Repository/install/warehouse_navigation/share/warehouse_navigation/environment/ament_prefix_path.sh
[15.534s] -- Installing: /home/arbaaz/InterIIT_Code_Repository/install/warehouse_navigation/share/warehouse_navigation/environment/ament_prefix_path.dsv
[15.534s] -- Installing: /home/arbaaz/InterIIT_Code_Repository/install/warehouse_navigation/share/warehouse_navigation/environment/path.sh
[15.534s] -- Installing: /home/arbaaz/InterIIT_Code_Repository/install/warehouse_navigation/share/warehouse_navigation/environment/path.dsv
[15.534s] -- Installing: /home/arbaaz/InterIIT_Code_Repository/install/warehouse_navigation/share/warehouse_navigation/local_setup.bash
[15.534s] -- Installing: /home/arbaaz/InterIIT_Code_Repository/install/warehouse_navigation/share/warehouse_navigation/local_setup.sh
[15.535s] -- Installing: /home/arbaaz/InterIIT_Code_Repository/install/warehouse_navigation/share/warehouse_navigation/local_setup.zsh
[15.535s] -- Installing: /home/arbaaz/InterIIT_Code_Repository/install/warehouse_navigation/share/warehouse_navigation/local_setup.dsv
[15.535s] -- Installing: /home/arbaaz/InterIIT_Code_Repository/install/warehouse_navigation/share/warehouse_navigation/package.dsv
[15.535s] -- Installing: /home/arbaaz/InterIIT_Code_Repository/install/warehouse_navigation/share/ament_index/resource_index/packages/warehouse_navigation
[15.535s] -- Installing: /home/arbaaz/InterIIT_Code_Repository/install/warehouse_navigation/share/warehouse_navigation/cmake/warehouse_navigationConfig.cmake
[15.535s] -- Installing: /home/arbaaz/InterIIT_Code_Repository/install/warehouse_navigation/share/warehouse_navigation/cmake/warehouse_navigationConfig-version.cmake
[15.536s] -- Installing: /home/arbaaz/InterIIT_Code_Repository/install/warehouse_navigation/share/warehouse_navigation/package.xml
[15.539s] Invoked command in '/home/arbaaz/InterIIT_Code_Repository/build/warehouse_navigation' returned '0': CMAKE_PREFIX_PATH=/home/arbaaz/InterIIT_Code_Repository/install/warehouse_msgs:/home/arbaaz/InterIIT_Code_Repository/install/warehouse_navigation:/home/arbaaz/InterIIT_Code_Repository/install/warehouse_robot_bringup:/home/arbaaz/InterIIT_Code_Repository/install/warehouse_scanning:/home/arbaaz/InterIIT_Code_Repository/install/warehouse_hmi:/opt/ros/humble /usr/bin/cmake --install /home/arbaaz/InterIIT_Code_Repository/build/warehouse_navigation
