running egg_info
writing ../../build/warehouse_scanning/warehouse_scanning.egg-info/PKG-INFO
writing dependency_links to ../../build/warehouse_scanning/warehouse_scanning.egg-info/dependency_links.txt
writing entry points to ../../build/warehouse_scanning/warehouse_scanning.egg-info/entry_points.txt
writing requirements to ../../build/warehouse_scanning/warehouse_scanning.egg-info/requires.txt
writing top-level names to ../../build/warehouse_scanning/warehouse_scanning.egg-info/top_level.txt
reading manifest file '../../build/warehouse_scanning/warehouse_scanning.egg-info/SOURCES.txt'
writing manifest file '../../build/warehouse_scanning/warehouse_scanning.egg-info/SOURCES.txt'
running build
running build_py
running install
running install_lib
running install_data
running install_egg_info
removing '/home/arbaaz/InterIIT_Code_Repository/install/warehouse_scanning/lib/python3.10/site-packages/warehouse_scanning-0.0.1-py3.10.egg-info' (and everything under it)
Copying ../../build/warehouse_scanning/warehouse_scanning.egg-info to /home/arbaaz/InterIIT_Code_Repository/install/warehouse_scanning/lib/python3.10/site-packages/warehouse_scanning-0.0.1-py3.10.egg-info
running install_scripts
Installing autoscan_test script to /home/arbaaz/InterIIT_Code_Repository/install/warehouse_scanning/lib/warehouse_scanning
Installing camera_node script to /home/arbaaz/InterIIT_Code_Repository/install/warehouse_scanning/lib/warehouse_scanning
writing list of installed files to '/home/arbaaz/InterIIT_Code_Repository/build/warehouse_scanning/install.log'
