running egg_info
creating ../../build/warehouse_robot_bringup/warehouse_robot_bringup.egg-info
writing ../../build/warehouse_robot_bringup/warehouse_robot_bringup.egg-info/PKG-INFO
writing dependency_links to ../../build/warehouse_robot_bringup/warehouse_robot_bringup.egg-info/dependency_links.txt
writing entry points to ../../build/warehouse_robot_bringup/warehouse_robot_bringup.egg-info/entry_points.txt
writing requirements to ../../build/warehouse_robot_bringup/warehouse_robot_bringup.egg-info/requires.txt
writing top-level names to ../../build/warehouse_robot_bringup/warehouse_robot_bringup.egg-info/top_level.txt
writing manifest file '../../build/warehouse_robot_bringup/warehouse_robot_bringup.egg-info/SOURCES.txt'
reading manifest file '../../build/warehouse_robot_bringup/warehouse_robot_bringup.egg-info/SOURCES.txt'
writing manifest file '../../build/warehouse_robot_bringup/warehouse_robot_bringup.egg-info/SOURCES.txt'
running build
running build_py
creating /home/arbaaz/InterIIT_Code_Repository/build/warehouse_robot_bringup/build
creating /home/arbaaz/InterIIT_Code_Repository/build/warehouse_robot_bringup/build/lib
creating /home/arbaaz/InterIIT_Code_Repository/build/warehouse_robot_bringup/build/lib/warehouse_robot_bringup
copying warehouse_robot_bringup/hardware.py -> /home/arbaaz/InterIIT_Code_Repository/build/warehouse_robot_bringup/build/lib/warehouse_robot_bringup
copying warehouse_robot_bringup/lidar_sim.py -> /home/arbaaz/InterIIT_Code_Repository/build/warehouse_robot_bringup/build/lib/warehouse_robot_bringup
copying warehouse_robot_bringup/robot_sim.py -> /home/arbaaz/InterIIT_Code_Repository/build/warehouse_robot_bringup/build/lib/warehouse_robot_bringup
copying warehouse_robot_bringup/__init__.py -> /home/arbaaz/InterIIT_Code_Repository/build/warehouse_robot_bringup/build/lib/warehouse_robot_bringup
copying warehouse_robot_bringup/main.py -> /home/arbaaz/InterIIT_Code_Repository/build/warehouse_robot_bringup/build/lib/warehouse_robot_bringup
running install
running install_lib
creating /home/arbaaz/InterIIT_Code_Repository/install/warehouse_robot_bringup/lib/python3.10/site-packages/warehouse_robot_bringup
copying /home/arbaaz/InterIIT_Code_Repository/build/warehouse_robot_bringup/build/lib/warehouse_robot_bringup/hardware.py -> /home/arbaaz/InterIIT_Code_Repository/install/warehouse_robot_bringup/lib/python3.10/site-packages/warehouse_robot_bringup
copying /home/arbaaz/InterIIT_Code_Repository/build/warehouse_robot_bringup/build/lib/warehouse_robot_bringup/lidar_sim.py -> /home/arbaaz/InterIIT_Code_Repository/install/warehouse_robot_bringup/lib/python3.10/site-packages/warehouse_robot_bringup
copying /home/arbaaz/InterIIT_Code_Repository/build/warehouse_robot_bringup/build/lib/warehouse_robot_bringup/robot_sim.py -> /home/arbaaz/InterIIT_Code_Repository/install/warehouse_robot_bringup/lib/python3.10/site-packages/warehouse_robot_bringup
copying /home/arbaaz/InterIIT_Code_Repository/build/warehouse_robot_bringup/build/lib/warehouse_robot_bringup/__init__.py -> /home/arbaaz/InterIIT_Code_Repository/install/warehouse_robot_bringup/lib/python3.10/site-packages/warehouse_robot_bringup
copying /home/arbaaz/InterIIT_Code_Repository/build/warehouse_robot_bringup/build/lib/warehouse_robot_bringup/main.py -> /home/arbaaz/InterIIT_Code_Repository/install/warehouse_robot_bringup/lib/python3.10/site-packages/warehouse_robot_bringup
byte-compiling /home/arbaaz/InterIIT_Code_Repository/install/warehouse_robot_bringup/lib/python3.10/site-packages/warehouse_robot_bringup/hardware.py to hardware.cpython-310.pyc
byte-compiling /home/arbaaz/InterIIT_Code_Repository/install/warehouse_robot_bringup/lib/python3.10/site-packages/warehouse_robot_bringup/lidar_sim.py to lidar_sim.cpython-310.pyc
byte-compiling /home/arbaaz/InterIIT_Code_Repository/install/warehouse_robot_bringup/lib/python3.10/site-packages/warehouse_robot_bringup/robot_sim.py to robot_sim.cpython-310.pyc
byte-compiling /home/arbaaz/InterIIT_Code_Repository/install/warehouse_robot_bringup/lib/python3.10/site-packages/warehouse_robot_bringup/__init__.py to __init__.cpython-310.pyc
byte-compiling /home/arbaaz/InterIIT_Code_Repository/install/warehouse_robot_bringup/lib/python3.10/site-packages/warehouse_robot_bringup/main.py to main.cpython-310.pyc
running install_data
creating /home/arbaaz/InterIIT_Code_Repository/install/warehouse_robot_bringup/share/ament_index
creating /home/arbaaz/InterIIT_Code_Repository/install/warehouse_robot_bringup/share/ament_index/resource_index
creating /home/arbaaz/InterIIT_Code_Repository/install/warehouse_robot_bringup/share/ament_index/resource_index/packages
copying resource/warehouse_robot_bringup -> /home/arbaaz/InterIIT_Code_Repository/install/warehouse_robot_bringup/share/ament_index/resource_index/packages
copying package.xml -> /home/arbaaz/InterIIT_Code_Repository/install/warehouse_robot_bringup/share/warehouse_robot_bringup
creating /home/arbaaz/InterIIT_Code_Repository/install/warehouse_robot_bringup/share/warehouse_robot_bringup/launch
copying launch/simulation.launch.py -> /home/arbaaz/InterIIT_Code_Repository/install/warehouse_robot_bringup/share/warehouse_robot_bringup/launch
copying launch/system.launch.py -> /home/arbaaz/InterIIT_Code_Repository/install/warehouse_robot_bringup/share/warehouse_robot_bringup/launch
running install_egg_info
Copying ../../build/warehouse_robot_bringup/warehouse_robot_bringup.egg-info to /home/arbaaz/InterIIT_Code_Repository/install/warehouse_robot_bringup/lib/python3.10/site-packages/warehouse_robot_bringup-0.0.1-py3.10.egg-info
running install_scripts
Installing hardware script to /home/arbaaz/InterIIT_Code_Repository/install/warehouse_robot_bringup/lib/warehouse_robot_bringup
Installing lidar_sim script to /home/arbaaz/InterIIT_Code_Repository/install/warehouse_robot_bringup/lib/warehouse_robot_bringup
Installing main script to /home/arbaaz/InterIIT_Code_Repository/install/warehouse_robot_bringup/lib/warehouse_robot_bringup
Installing robot_sim script to /home/arbaaz/InterIIT_Code_Repository/install/warehouse_robot_bringup/lib/warehouse_robot_bringup
writing list of installed files to '/home/arbaaz/InterIIT_Code_Repository/build/warehouse_robot_bringup/install.log'
