[0.617s] Invoking command in '/home/arbaaz/InterIIT_Code_Repository/src/warehouse_robot_bringup': AMENT_PREFIX_PATH=/home/arbaaz/InterIIT_Code_Repository/install/warehouse_scanning:/home/arbaaz/InterIIT_Code_Repository/install/warehouse_hmi:/home/arbaaz/InterIIT_Code_Repository/install/warehouse_robot_bringup:/home/arbaaz/InterIIT_Code_Repository/install/warehouse_navigation:/home/arbaaz/InterIIT_Code_Repository/install/warehouse_msgs:/opt/ros/humble PYTHONPATH=/home/arbaaz/InterIIT_Code_Repository/build/warehouse_robot_bringup/prefix_override:/usr/lib/python3/dist-packages/colcon_core/task/python/colcon_distutils_commands:/home/arbaaz/InterIIT_Code_Repository/install/warehouse_robot_bringup/lib/python3.10/site-packages:/home/arbaaz/InterIIT_Code_Repository/install/warehouse_scanning/lib/python3.10/site-packages:/home/arbaaz/InterIIT_Code_Repository/install/warehouse_hmi/lib/python3.10/site-packages:/home/arbaaz/InterIIT_Code_Repository/install/warehouse_robot_bringup/lib/python3.10/site-packages:/home/arbaaz/InterIIT_Code_Repository/install/warehouse_navigation/local/lib/python3.10/dist-packages:/home/arbaaz/InterIIT_Code_Repository/install/warehouse_msgs/local/lib/python3.10/dist-packages:/opt/ros/humble/lib/python3.10/site-packages:/opt/ros/humble/local/lib/python3.10/dist-packages /usr/bin/python3 -W ignore:setup.py install is deprecated -W ignore:easy_install command is deprecated setup.py egg_info --egg-base ../../build/warehouse_robot_bringup build --build-base /home/arbaaz/InterIIT_Code_Repository/build/warehouse_robot_bringup/build install --record /home/arbaaz/InterIIT_Code_Repository/build/warehouse_robot_bringup/install.log --single-version-externally-managed install_data
[0.844s] running egg_info
[0.845s] creating ../../build/warehouse_robot_bringup/warehouse_robot_bringup.egg-info
[0.845s] writing ../../build/warehouse_robot_bringup/warehouse_robot_bringup.egg-info/PKG-INFO
[0.846s] writing dependency_links to ../../build/warehouse_robot_bringup/warehouse_robot_bringup.egg-info/dependency_links.txt
[0.846s] writing entry points to ../../build/warehouse_robot_bringup/warehouse_robot_bringup.egg-info/entry_points.txt
[0.846s] writing requirements to ../../build/warehouse_robot_bringup/warehouse_robot_bringup.egg-info/requires.txt
[0.846s] writing top-level names to ../../build/warehouse_robot_bringup/warehouse_robot_bringup.egg-info/top_level.txt
[0.846s] writing manifest file '../../build/warehouse_robot_bringup/warehouse_robot_bringup.egg-info/SOURCES.txt'
[0.847s] reading manifest file '../../build/warehouse_robot_bringup/warehouse_robot_bringup.egg-info/SOURCES.txt'
[0.848s] writing manifest file '../../build/warehouse_robot_bringup/warehouse_robot_bringup.egg-info/SOURCES.txt'
[0.848s] running build
[0.848s] running build_py
[0.848s] creating /home/arbaaz/InterIIT_Code_Repository/build/warehouse_robot_bringup/build
[0.848s] creating /home/arbaaz/InterIIT_Code_Repository/build/warehouse_robot_bringup/build/lib
[0.848s] creating /home/arbaaz/InterIIT_Code_Repository/build/warehouse_robot_bringup/build/lib/warehouse_robot_bringup
[0.848s] copying warehouse_robot_bringup/hardware.py -> /home/arbaaz/InterIIT_Code_Repository/build/warehouse_robot_bringup/build/lib/warehouse_robot_bringup
[0.848s] copying warehouse_robot_bringup/lidar_sim.py -> /home/arbaaz/InterIIT_Code_Repository/build/warehouse_robot_bringup/build/lib/warehouse_robot_bringup
[0.848s] copying warehouse_robot_bringup/robot_sim.py -> /home/arbaaz/InterIIT_Code_Repository/build/warehouse_robot_bringup/build/lib/warehouse_robot_bringup
[0.848s] copying warehouse_robot_bringup/__init__.py -> /home/arbaaz/InterIIT_Code_Repository/build/warehouse_robot_bringup/build/lib/warehouse_robot_bringup
[0.848s] copying warehouse_robot_bringup/main.py -> /home/arbaaz/InterIIT_Code_Repository/build/warehouse_robot_bringup/build/lib/warehouse_robot_bringup
[0.849s] running install
[0.849s] running install_lib
[0.850s] creating /home/arbaaz/InterIIT_Code_Repository/install/warehouse_robot_bringup/lib/python3.10/site-packages/warehouse_robot_bringup
[0.850s] copying /home/arbaaz/InterIIT_Code_Repository/build/warehouse_robot_bringup/build/lib/warehouse_robot_bringup/hardware.py -> /home/arbaaz/InterIIT_Code_Repository/install/warehouse_robot_bringup/lib/python3.10/site-packages/warehouse_robot_bringup
[0.850s] copying /home/arbaaz/InterIIT_Code_Repository/build/warehouse_robot_bringup/build/lib/warehouse_robot_bringup/lidar_sim.py -> /home/arbaaz/InterIIT_Code_Repository/install/warehouse_robot_bringup/lib/python3.10/site-packages/warehouse_robot_bringup
[0.850s] copying /home/arbaaz/InterIIT_Code_Repository/build/warehouse_robot_bringup/build/lib/warehouse_robot_bringup/robot_sim.py -> /home/arbaaz/InterIIT_Code_Repository/install/warehouse_robot_bringup/lib/python3.10/site-packages/warehouse_robot_bringup
[0.850s] copying /home/arbaaz/InterIIT_Code_Repository/build/warehouse_robot_bringup/build/lib/warehouse_robot_bringup/__init__.py -> /home/arbaaz/InterIIT_Code_Repository/install/warehouse_robot_bringup/lib/python3.10/site-packages/warehouse_robot_bringup
[0.850s] copying /home/arbaaz/InterIIT_Code_Repository/build/warehouse_robot_bringup/build/lib/warehouse_robot_bringup/main.py -> /home/arbaaz/InterIIT_Code_Repository/install/warehouse_robot_bringup/lib/python3.10/site-packages/warehouse_robot_bringup
[0.851s] byte-compiling /home/arbaaz/InterIIT_Code_Repository/install/warehouse_robot_bringup/lib/python3.10/site-packages/warehouse_robot_bringup/hardware.py to hardware.cpython-310.pyc
[0.853s] byte-compiling /home/arbaaz/InterIIT_Code_Repository/install/warehouse_robot_bringup/lib/python3.10/site-packages/warehouse_robot_bringup/lidar_sim.py to lidar_sim.cpython-310.pyc
[0.853s] byte-compiling /home/arbaaz/InterIIT_Code_Repository/install/warehouse_robot_bringup/lib/python3.10/site-packages/warehouse_robot_bringup/robot_sim.py to robot_sim.cpython-310.pyc
[0.856s] byte-compiling /home/arbaaz/InterIIT_Code_Repository/install/warehouse_robot_bringup/lib/python3.10/site-packages/warehouse_robot_bringup/__init__.py to __init__.cpython-310.pyc
[0.856s] byte-compiling /home/arbaaz/InterIIT_Code_Repository/install/warehouse_robot_bringup/lib/python3.10/site-packages/warehouse_robot_bringup/main.py to main.cpython-310.pyc
[0.857s] running install_data
[0.858s] creating /home/arbaaz/InterIIT_Code_Repository/install/warehouse_robot_bringup/share/ament_index
[0.858s] creating /home/arbaaz/InterIIT_Code_Repository/install/warehouse_robot_bringup/share/ament_index/resource_index
[0.858s] creating /home/arbaaz/InterIIT_Code_Repository/install/warehouse_robot_bringup/share/ament_index/resource_index/packages
[0.858s] copying resource/warehouse_robot_bringup -> /home/arbaaz/InterIIT_Code_Repository/install/warehouse_robot_bringup/share/ament_index/resource_index/packages
[0.858s] copying package.xml -> /home/arbaaz/InterIIT_Code_Repository/install/warehouse_robot_bringup/share/warehouse_robot_bringup
[0.858s] creating /home/arbaaz/InterIIT_Code_Repository/install/warehouse_robot_bringup/share/warehouse_robot_bringup/launch
[0.858s] copying launch/simulation.launch.py -> /home/arbaaz/InterIIT_Code_Repository/install/warehouse_robot_bringup/share/warehouse_robot_bringup/launch
[0.858s] copying launch/system.launch.py -> /home/arbaaz/InterIIT_Code_Repository/install/warehouse_robot_bringup/share/warehouse_robot_bringup/launch
[0.858s] running install_egg_info
[0.860s] Copying ../../build/warehouse_robot_bringup/warehouse_robot_bringup.egg-info to /home/arbaaz/InterIIT_Code_Repository/install/warehouse_robot_bringup/lib/python3.10/site-packages/warehouse_robot_bringup-0.0.1-py3.10.egg-info
[0.860s] running install_scripts
[0.879s] Installing hardware script to /home/arbaaz/InterIIT_Code_Repository/install/warehouse_robot_bringup/lib/warehouse_robot_bringup
[0.879s] Installing lidar_sim script to /home/arbaaz/InterIIT_Code_Repository/install/warehouse_robot_bringup/lib/warehouse_robot_bringup
[0.879s] Installing main script to /home/arbaaz/InterIIT_Code_Repository/install/warehouse_robot_bringup/lib/warehouse_robot_bringup
[0.879s] Installing robot_sim script to /home/arbaaz/InterIIT_Code_Repository/install/warehouse_robot_bringup/lib/warehouse_robot_bringup
[0.879s] writing list of installed files to '/home/arbaaz/InterIIT_Code_Repository/build/warehouse_robot_bringup/install.log'
[0.915s] Invoked command in '/home/arbaaz/InterIIT_Code_Repository/src/warehouse_robot_bringup' returned '0': AMENT_PREFIX_PATH=/home/arbaaz/InterIIT_Code_Repository/install/warehouse_scanning:/home/arbaaz/InterIIT_Code_Repository/install/warehouse_hmi:/home/arbaaz/InterIIT_Code_Repository/install/warehouse_robot_bringup:/home/arbaaz/InterIIT_Code_Repository/install/warehouse_navigation:/home/arbaaz/InterIIT_Code_Repository/install/warehouse_msgs:/opt/ros/humble PYTHONPATH=/home/arbaaz/InterIIT_Code_Repository/build/warehouse_robot_bringup/prefix_override:/usr/lib/python3/dist-packages/colcon_core/task/python/colcon_distutils_commands:/home/arbaaz/InterIIT_Code_Repository/install/warehouse_robot_bringup/lib/python3.10/site-packages:/home/arbaaz/InterIIT_Code_Repository/install/warehouse_scanning/lib/python3.10/site-packages:/home/arbaaz/InterIIT_Code_Repository/install/warehouse_hmi/lib/python3.10/site-packages:/home/arbaaz/InterIIT_Code_Repository/install/warehouse_robot_bringup/lib/python3.10/site-packages:/home/arbaaz/InterIIT_Code_Repository/install/warehouse_navigation/local/lib/python3.10/dist-packages:/home/arbaaz/InterIIT_Code_Repository/install/warehouse_msgs/local/lib/python3.10/dist-packages:/opt/ros/humble/lib/python3.10/site-packages:/opt/ros/humble/local/lib/python3.10/dist-packages /usr/bin/python3 -W ignore:setup.py install is deprecated -W ignore:easy_install command is deprecated setup.py egg_info --egg-base ../../build/warehouse_robot_bringup build --build-base /home/arbaaz/InterIIT_Code_Repository/build/warehouse_robot_bringup/build install --record /home/arbaaz/InterIIT_Code_Repository/build/warehouse_robot_bringup/install.log --single-version-externally-managed install_data
